[0.186s] DEBUG:colcon:Command line arguments: ['/usr/bin/colcon', 'build']
[0.186s] DEBUG:colcon:Parsed command line arguments: Namespace(log_base=None, log_level=None, verb_name='build', build_base='build', install_base='install', merge_install=False, symlink_install=False, test_result_base=None, continue_on_error=False, executor='parallel', parallel_workers=12, event_handlers=None, ignore_user_meta=False, metas=['./colcon.meta'], base_paths=['.'], packages_ignore=None, packages_ignore_regex=None, paths=None, packages_up_to=None, packages_up_to_regex=None, packages_above=None, packages_above_and_dependencies=None, packages_above_depth=None, packages_select_by_dep=None, packages_skip_by_dep=None, packages_skip_up_to=None, packages_select_build_failed=False, packages_skip_build_finished=False, packages_select_test_failures=False, packages_skip_test_passed=False, packages_select=None, packages_skip=None, packages_select_regex=None, packages_skip_regex=None, packages_start=None, packages_end=None, allow_overriding=[], cmake_args=None, cmake_target=None, cmake_target_skip_unavailable=False, cmake_clean_cache=False, cmake_clean_first=False, cmake_force_configure=False, ament_cmake_args=None, catkin_cmake_args=None, catkin_skip_building_tests=False, mixin_files=None, mixin=None, verb_parser=<colcon_mixin.mixin.mixin_argument.MixinArgumentDecorator object at 0x76fd101f5610>, verb_extension=<colcon_core.verb.build.BuildVerb object at 0x76fd1014e000>, main=<bound method BuildVerb.main of <colcon_core.verb.build.BuildVerb object at 0x76fd1014e000>>, mixin_verb=('build',))
[0.227s] Level 1:colcon.colcon_core.package_discovery:discover_packages(colcon_meta) check parameters
[0.227s] Level 1:colcon.colcon_core.package_discovery:discover_packages(recursive) check parameters
[0.227s] Level 1:colcon.colcon_core.package_discovery:discover_packages(ignore) check parameters
[0.228s] Level 1:colcon.colcon_core.package_discovery:discover_packages(path) check parameters
[0.228s] Level 1:colcon.colcon_core.package_discovery:discover_packages(colcon_meta) discover
[0.228s] Level 1:colcon.colcon_core.package_discovery:discover_packages(recursive) discover
[0.228s] INFO:colcon.colcon_core.package_discovery:Crawling recursively for packages in '/home/hoang/ros2_ws'
[0.228s] Level 1:colcon.colcon_core.package_identification:_identify(.) by extensions ['ignore', 'ignore_ament_install']
[0.228s] Level 1:colcon.colcon_core.package_identification:_identify(.) by extension 'ignore'
[0.228s] Level 1:colcon.colcon_core.package_identification:_identify(.) by extension 'ignore_ament_install'
[0.228s] Level 1:colcon.colcon_core.package_identification:_identify(.) by extensions ['colcon_pkg']
[0.228s] Level 1:colcon.colcon_core.package_identification:_identify(.) by extension 'colcon_pkg'
[0.228s] Level 1:colcon.colcon_core.package_identification:_identify(.) by extensions ['colcon_meta']
[0.228s] Level 1:colcon.colcon_core.package_identification:_identify(.) by extension 'colcon_meta'
[0.228s] Level 1:colcon.colcon_core.package_identification:_identify(.) by extensions ['ros']
[0.228s] Level 1:colcon.colcon_core.package_identification:_identify(.) by extension 'ros'
[0.250s] Level 1:colcon.colcon_core.package_identification:_identify(.) by extensions ['cmake', 'python']
[0.250s] Level 1:colcon.colcon_core.package_identification:_identify(.) by extension 'cmake'
[0.250s] Level 1:colcon.colcon_core.package_identification:_identify(.) by extension 'python'
[0.250s] Level 1:colcon.colcon_core.package_identification:_identify(.) by extensions ['python_setup_py']
[0.250s] Level 1:colcon.colcon_core.package_identification:_identify(.) by extension 'python_setup_py'
[0.250s] Level 1:colcon.colcon_core.package_identification:_identify(build) by extensions ['ignore', 'ignore_ament_install']
[0.251s] Level 1:colcon.colcon_core.package_identification:_identify(build) by extension 'ignore'
[0.251s] Level 1:colcon.colcon_core.package_identification:_identify(build) ignored
[0.251s] Level 1:colcon.colcon_core.package_identification:_identify(install) by extensions ['ignore', 'ignore_ament_install']
[0.251s] Level 1:colcon.colcon_core.package_identification:_identify(install) by extension 'ignore'
[0.251s] Level 1:colcon.colcon_core.package_identification:_identify(install) ignored
[0.251s] Level 1:colcon.colcon_core.package_identification:_identify(log) by extensions ['ignore', 'ignore_ament_install']
[0.251s] Level 1:colcon.colcon_core.package_identification:_identify(log) by extension 'ignore'
[0.251s] Level 1:colcon.colcon_core.package_identification:_identify(log) ignored
[0.251s] Level 1:colcon.colcon_core.package_identification:_identify(src) by extensions ['ignore', 'ignore_ament_install']
[0.251s] Level 1:colcon.colcon_core.package_identification:_identify(src) by extension 'ignore'
[0.251s] Level 1:colcon.colcon_core.package_identification:_identify(src) by extension 'ignore_ament_install'
[0.251s] Level 1:colcon.colcon_core.package_identification:_identify(src) by extensions ['colcon_pkg']
[0.251s] Level 1:colcon.colcon_core.package_identification:_identify(src) by extension 'colcon_pkg'
[0.251s] Level 1:colcon.colcon_core.package_identification:_identify(src) by extensions ['colcon_meta']
[0.251s] Level 1:colcon.colcon_core.package_identification:_identify(src) by extension 'colcon_meta'
[0.251s] Level 1:colcon.colcon_core.package_identification:_identify(src) by extensions ['ros']
[0.251s] Level 1:colcon.colcon_core.package_identification:_identify(src) by extension 'ros'
[0.251s] Level 1:colcon.colcon_core.package_identification:_identify(src) by extensions ['cmake', 'python']
[0.252s] Level 1:colcon.colcon_core.package_identification:_identify(src) by extension 'cmake'
[0.252s] Level 1:colcon.colcon_core.package_identification:_identify(src) by extension 'python'
[0.252s] Level 1:colcon.colcon_core.package_identification:_identify(src) by extensions ['python_setup_py']
[0.252s] Level 1:colcon.colcon_core.package_identification:_identify(src) by extension 'python_setup_py'
[0.252s] Level 1:colcon.colcon_core.package_identification:_identify(src/robot_6dof) by extensions ['ignore', 'ignore_ament_install']
[0.252s] Level 1:colcon.colcon_core.package_identification:_identify(src/robot_6dof) by extension 'ignore'
[0.252s] Level 1:colcon.colcon_core.package_identification:_identify(src/robot_6dof) by extension 'ignore_ament_install'
[0.252s] Level 1:colcon.colcon_core.package_identification:_identify(src/robot_6dof) by extensions ['colcon_pkg']
[0.252s] Level 1:colcon.colcon_core.package_identification:_identify(src/robot_6dof) by extension 'colcon_pkg'
[0.252s] Level 1:colcon.colcon_core.package_identification:_identify(src/robot_6dof) by extensions ['colcon_meta']
[0.252s] Level 1:colcon.colcon_core.package_identification:_identify(src/robot_6dof) by extension 'colcon_meta'
[0.252s] Level 1:colcon.colcon_core.package_identification:_identify(src/robot_6dof) by extensions ['ros']
[0.252s] Level 1:colcon.colcon_core.package_identification:_identify(src/robot_6dof) by extension 'ros'
[0.257s] DEBUG:colcon.colcon_core.package_identification:Package 'src/robot_6dof' with type 'ros.ament_cmake' and name 'robot_6dof'
[0.257s] Level 1:colcon.colcon_core.package_identification:_identify(src/robot_6dof_moveit_config1) by extensions ['ignore', 'ignore_ament_install']
[0.257s] Level 1:colcon.colcon_core.package_identification:_identify(src/robot_6dof_moveit_config1) by extension 'ignore'
[0.257s] Level 1:colcon.colcon_core.package_identification:_identify(src/robot_6dof_moveit_config1) by extension 'ignore_ament_install'
[0.257s] Level 1:colcon.colcon_core.package_identification:_identify(src/robot_6dof_moveit_config1) by extensions ['colcon_pkg']
[0.257s] Level 1:colcon.colcon_core.package_identification:_identify(src/robot_6dof_moveit_config1) by extension 'colcon_pkg'
[0.257s] Level 1:colcon.colcon_core.package_identification:_identify(src/robot_6dof_moveit_config1) by extensions ['colcon_meta']
[0.257s] Level 1:colcon.colcon_core.package_identification:_identify(src/robot_6dof_moveit_config1) by extension 'colcon_meta'
[0.257s] Level 1:colcon.colcon_core.package_identification:_identify(src/robot_6dof_moveit_config1) by extensions ['ros']
[0.257s] Level 1:colcon.colcon_core.package_identification:_identify(src/robot_6dof_moveit_config1) by extension 'ros'
[0.259s] DEBUG:colcon.colcon_core.package_identification:Package 'src/robot_6dof_moveit_config1' with type 'ros.ament_cmake' and name 'robot_6dof_moveit_config1'
[0.259s] Level 1:colcon.colcon_core.package_identification:_identify(src/robot_6dof_moveit_config2) by extensions ['ignore', 'ignore_ament_install']
[0.259s] Level 1:colcon.colcon_core.package_identification:_identify(src/robot_6dof_moveit_config2) by extension 'ignore'
[0.259s] Level 1:colcon.colcon_core.package_identification:_identify(src/robot_6dof_moveit_config2) by extension 'ignore_ament_install'
[0.259s] Level 1:colcon.colcon_core.package_identification:_identify(src/robot_6dof_moveit_config2) by extensions ['colcon_pkg']
[0.259s] Level 1:colcon.colcon_core.package_identification:_identify(src/robot_6dof_moveit_config2) by extension 'colcon_pkg'
[0.259s] Level 1:colcon.colcon_core.package_identification:_identify(src/robot_6dof_moveit_config2) by extensions ['colcon_meta']
[0.259s] Level 1:colcon.colcon_core.package_identification:_identify(src/robot_6dof_moveit_config2) by extension 'colcon_meta'
[0.259s] Level 1:colcon.colcon_core.package_identification:_identify(src/robot_6dof_moveit_config2) by extensions ['ros']
[0.259s] Level 1:colcon.colcon_core.package_identification:_identify(src/robot_6dof_moveit_config2) by extension 'ros'
[0.260s] DEBUG:colcon.colcon_core.package_identification:Package 'src/robot_6dof_moveit_config2' with type 'ros.ament_cmake' and name 'robot_6dof_moveit_config2'
[0.260s] Level 1:colcon.colcon_core.package_discovery:discover_packages(recursive) using defaults
[0.260s] Level 1:colcon.colcon_core.package_discovery:discover_packages(ignore) discover
[0.260s] Level 1:colcon.colcon_core.package_discovery:discover_packages(ignore) using defaults
[0.260s] Level 1:colcon.colcon_core.package_discovery:discover_packages(path) discover
[0.260s] Level 1:colcon.colcon_core.package_discovery:discover_packages(path) using defaults
[0.279s] Level 1:colcon.colcon_core.package_discovery:discover_packages(prefix_path) check parameters
[0.279s] Level 1:colcon.colcon_core.package_discovery:discover_packages(prefix_path) discover
[0.282s] DEBUG:colcon.colcon_installed_package_information.package_discovery:Found 3 installed packages in /home/hoang/ros2_ws/install
[0.284s] DEBUG:colcon.colcon_installed_package_information.package_discovery:Found 360 installed packages in /opt/ros/jazzy
[0.285s] Level 1:colcon.colcon_core.package_discovery:discover_packages(prefix_path) using defaults
[0.329s] Level 5:colcon.colcon_core.verb:set package 'robot_6dof' build argument 'cmake_args' from command line to 'None'
[0.329s] Level 5:colcon.colcon_core.verb:set package 'robot_6dof' build argument 'cmake_target' from command line to 'None'
[0.329s] Level 5:colcon.colcon_core.verb:set package 'robot_6dof' build argument 'cmake_target_skip_unavailable' from command line to 'False'
[0.329s] Level 5:colcon.colcon_core.verb:set package 'robot_6dof' build argument 'cmake_clean_cache' from command line to 'False'
[0.329s] Level 5:colcon.colcon_core.verb:set package 'robot_6dof' build argument 'cmake_clean_first' from command line to 'False'
[0.329s] Level 5:colcon.colcon_core.verb:set package 'robot_6dof' build argument 'cmake_force_configure' from command line to 'False'
[0.329s] Level 5:colcon.colcon_core.verb:set package 'robot_6dof' build argument 'ament_cmake_args' from command line to 'None'
[0.329s] Level 5:colcon.colcon_core.verb:set package 'robot_6dof' build argument 'catkin_cmake_args' from command line to 'None'
[0.329s] Level 5:colcon.colcon_core.verb:set package 'robot_6dof' build argument 'catkin_skip_building_tests' from command line to 'False'
[0.329s] DEBUG:colcon.colcon_core.verb:Building package 'robot_6dof' with the following arguments: {'ament_cmake_args': None, 'build_base': '/home/hoang/ros2_ws/build/robot_6dof', 'catkin_cmake_args': None, 'catkin_skip_building_tests': False, 'cmake_args': None, 'cmake_clean_cache': False, 'cmake_clean_first': False, 'cmake_force_configure': False, 'cmake_target': None, 'cmake_target_skip_unavailable': False, 'install_base': '/home/hoang/ros2_ws/install/robot_6dof', 'merge_install': False, 'path': '/home/hoang/ros2_ws/src/robot_6dof', 'symlink_install': False, 'test_result_base': None}
[0.329s] Level 5:colcon.colcon_core.verb:set package 'robot_6dof_moveit_config1' build argument 'cmake_args' from command line to 'None'
[0.329s] Level 5:colcon.colcon_core.verb:set package 'robot_6dof_moveit_config1' build argument 'cmake_target' from command line to 'None'
[0.329s] Level 5:colcon.colcon_core.verb:set package 'robot_6dof_moveit_config1' build argument 'cmake_target_skip_unavailable' from command line to 'False'
[0.329s] Level 5:colcon.colcon_core.verb:set package 'robot_6dof_moveit_config1' build argument 'cmake_clean_cache' from command line to 'False'
[0.329s] Level 5:colcon.colcon_core.verb:set package 'robot_6dof_moveit_config1' build argument 'cmake_clean_first' from command line to 'False'
[0.329s] Level 5:colcon.colcon_core.verb:set package 'robot_6dof_moveit_config1' build argument 'cmake_force_configure' from command line to 'False'
[0.329s] Level 5:colcon.colcon_core.verb:set package 'robot_6dof_moveit_config1' build argument 'ament_cmake_args' from command line to 'None'
[0.329s] Level 5:colcon.colcon_core.verb:set package 'robot_6dof_moveit_config1' build argument 'catkin_cmake_args' from command line to 'None'
[0.329s] Level 5:colcon.colcon_core.verb:set package 'robot_6dof_moveit_config1' build argument 'catkin_skip_building_tests' from command line to 'False'
[0.329s] DEBUG:colcon.colcon_core.verb:Building package 'robot_6dof_moveit_config1' with the following arguments: {'ament_cmake_args': None, 'build_base': '/home/hoang/ros2_ws/build/robot_6dof_moveit_config1', 'catkin_cmake_args': None, 'catkin_skip_building_tests': False, 'cmake_args': None, 'cmake_clean_cache': False, 'cmake_clean_first': False, 'cmake_force_configure': False, 'cmake_target': None, 'cmake_target_skip_unavailable': False, 'install_base': '/home/hoang/ros2_ws/install/robot_6dof_moveit_config1', 'merge_install': False, 'path': '/home/hoang/ros2_ws/src/robot_6dof_moveit_config1', 'symlink_install': False, 'test_result_base': None}
[0.330s] Level 5:colcon.colcon_core.verb:set package 'robot_6dof_moveit_config2' build argument 'cmake_args' from command line to 'None'
[0.330s] Level 5:colcon.colcon_core.verb:set package 'robot_6dof_moveit_config2' build argument 'cmake_target' from command line to 'None'
[0.330s] Level 5:colcon.colcon_core.verb:set package 'robot_6dof_moveit_config2' build argument 'cmake_target_skip_unavailable' from command line to 'False'
[0.330s] Level 5:colcon.colcon_core.verb:set package 'robot_6dof_moveit_config2' build argument 'cmake_clean_cache' from command line to 'False'
[0.330s] Level 5:colcon.colcon_core.verb:set package 'robot_6dof_moveit_config2' build argument 'cmake_clean_first' from command line to 'False'
[0.330s] Level 5:colcon.colcon_core.verb:set package 'robot_6dof_moveit_config2' build argument 'cmake_force_configure' from command line to 'False'
[0.330s] Level 5:colcon.colcon_core.verb:set package 'robot_6dof_moveit_config2' build argument 'ament_cmake_args' from command line to 'None'
[0.330s] Level 5:colcon.colcon_core.verb:set package 'robot_6dof_moveit_config2' build argument 'catkin_cmake_args' from command line to 'None'
[0.330s] Level 5:colcon.colcon_core.verb:set package 'robot_6dof_moveit_config2' build argument 'catkin_skip_building_tests' from command line to 'False'
[0.330s] DEBUG:colcon.colcon_core.verb:Building package 'robot_6dof_moveit_config2' with the following arguments: {'ament_cmake_args': None, 'build_base': '/home/hoang/ros2_ws/build/robot_6dof_moveit_config2', 'catkin_cmake_args': None, 'catkin_skip_building_tests': False, 'cmake_args': None, 'cmake_clean_cache': False, 'cmake_clean_first': False, 'cmake_force_configure': False, 'cmake_target': None, 'cmake_target_skip_unavailable': False, 'install_base': '/home/hoang/ros2_ws/install/robot_6dof_moveit_config2', 'merge_install': False, 'path': '/home/hoang/ros2_ws/src/robot_6dof_moveit_config2', 'symlink_install': False, 'test_result_base': None}
[0.330s] INFO:colcon.colcon_core.executor:Executing jobs using 'parallel' executor
[0.331s] DEBUG:colcon.colcon_parallel_executor.executor.parallel:run_until_complete
[0.331s] INFO:colcon.colcon_ros.task.ament_cmake.build:Building ROS package in '/home/hoang/ros2_ws/src/robot_6dof' with build type 'ament_cmake'
[0.331s] INFO:colcon.colcon_cmake.task.cmake.build:Building CMake package in '/home/hoang/ros2_ws/src/robot_6dof'
[0.336s] INFO:colcon.colcon_core.plugin_system:Skipping extension 'colcon_core.shell.bat': Not used on non-Windows systems
[0.337s] INFO:colcon.colcon_core.shell:Skip shell extension 'powershell' for command environment: Not usable outside of PowerShell
[0.337s] DEBUG:colcon.colcon_core.shell:Skip shell extension 'dsv' for command environment
[0.350s] DEBUG:colcon.colcon_core.event_handler.log_command:Invoking command in '/home/hoang/ros2_ws/build/robot_6dof': CMAKE_PREFIX_PATH=${CMAKE_PREFIX_PATH}:/opt/ros/jazzy DEBUGINFOD_URLS=https://debuginfod.ubuntu.com /usr/bin/cmake --build /home/hoang/ros2_ws/build/robot_6dof -- -j12 -l12
[0.419s] DEBUG:colcon.colcon_core.event_handler.log_command:Invoked command in '/home/hoang/ros2_ws/build/robot_6dof' returned '0': CMAKE_PREFIX_PATH=${CMAKE_PREFIX_PATH}:/opt/ros/jazzy DEBUGINFOD_URLS=https://debuginfod.ubuntu.com /usr/bin/cmake --build /home/hoang/ros2_ws/build/robot_6dof -- -j12 -l12
[0.442s] DEBUG:colcon.colcon_core.event_handler.log_command:Invoking command in '/home/hoang/ros2_ws/build/robot_6dof': CMAKE_PREFIX_PATH=${CMAKE_PREFIX_PATH}:/opt/ros/jazzy DEBUGINFOD_URLS=https://debuginfod.ubuntu.com /usr/bin/cmake --install /home/hoang/ros2_ws/build/robot_6dof
[0.468s] Level 1:colcon.colcon_core.environment:create_environment_scripts_only(robot_6dof)
[0.472s] DEBUG:colcon.colcon_core.event_handler.log_command:Invoked command in '/home/hoang/ros2_ws/build/robot_6dof' returned '0': CMAKE_PREFIX_PATH=${CMAKE_PREFIX_PATH}:/opt/ros/jazzy DEBUGINFOD_URLS=https://debuginfod.ubuntu.com /usr/bin/cmake --install /home/hoang/ros2_ws/build/robot_6dof
[0.474s] Level 1:colcon.colcon_core.environment:checking '/home/hoang/ros2_ws/install/robot_6dof' for CMake module files
[0.475s] Level 1:colcon.colcon_core.environment:checking '/home/hoang/ros2_ws/install/robot_6dof' for CMake config files
[0.475s] Level 1:colcon.colcon_core.shell:create_environment_hook('robot_6dof', 'cmake_prefix_path')
[0.475s] INFO:colcon.colcon_core.shell:Creating environment hook '/home/hoang/ros2_ws/install/robot_6dof/share/robot_6dof/hook/cmake_prefix_path.ps1'
[0.476s] INFO:colcon.colcon_core.shell:Creating environment descriptor '/home/hoang/ros2_ws/install/robot_6dof/share/robot_6dof/hook/cmake_prefix_path.dsv'
[0.476s] INFO:colcon.colcon_core.shell:Creating environment hook '/home/hoang/ros2_ws/install/robot_6dof/share/robot_6dof/hook/cmake_prefix_path.sh'
[0.477s] Level 1:colcon.colcon_core.environment:checking '/home/hoang/ros2_ws/install/robot_6dof/bin'
[0.477s] Level 1:colcon.colcon_core.environment:checking '/home/hoang/ros2_ws/install/robot_6dof/lib/pkgconfig/robot_6dof.pc'
[0.477s] Level 1:colcon.colcon_core.environment:checking '/home/hoang/ros2_ws/install/robot_6dof/lib/python3.12/site-packages'
[0.477s] Level 1:colcon.colcon_core.environment:checking '/home/hoang/ros2_ws/install/robot_6dof/bin'
[0.477s] INFO:colcon.colcon_core.shell:Creating package script '/home/hoang/ros2_ws/install/robot_6dof/share/robot_6dof/package.ps1'
[0.478s] INFO:colcon.colcon_core.shell:Creating package descriptor '/home/hoang/ros2_ws/install/robot_6dof/share/robot_6dof/package.dsv'
[0.479s] INFO:colcon.colcon_core.shell:Creating package script '/home/hoang/ros2_ws/install/robot_6dof/share/robot_6dof/package.sh'
[0.479s] INFO:colcon.colcon_core.shell:Creating package script '/home/hoang/ros2_ws/install/robot_6dof/share/robot_6dof/package.bash'
[0.480s] INFO:colcon.colcon_core.shell:Creating package script '/home/hoang/ros2_ws/install/robot_6dof/share/robot_6dof/package.zsh'
[0.480s] Level 1:colcon.colcon_core.environment:create_file_with_runtime_dependencies(/home/hoang/ros2_ws/install/robot_6dof/share/colcon-core/packages/robot_6dof)
[0.481s] Level 1:colcon.colcon_core.environment:create_environment_scripts_only(robot_6dof)
[0.481s] Level 1:colcon.colcon_core.environment:checking '/home/hoang/ros2_ws/install/robot_6dof' for CMake module files
[0.481s] Level 1:colcon.colcon_core.environment:checking '/home/hoang/ros2_ws/install/robot_6dof' for CMake config files
[0.481s] Level 1:colcon.colcon_core.shell:create_environment_hook('robot_6dof', 'cmake_prefix_path')
[0.481s] INFO:colcon.colcon_core.shell:Creating environment hook '/home/hoang/ros2_ws/install/robot_6dof/share/robot_6dof/hook/cmake_prefix_path.ps1'
[0.482s] INFO:colcon.colcon_core.shell:Creating environment descriptor '/home/hoang/ros2_ws/install/robot_6dof/share/robot_6dof/hook/cmake_prefix_path.dsv'
[0.482s] INFO:colcon.colcon_core.shell:Creating environment hook '/home/hoang/ros2_ws/install/robot_6dof/share/robot_6dof/hook/cmake_prefix_path.sh'
[0.482s] Level 1:colcon.colcon_core.environment:checking '/home/hoang/ros2_ws/install/robot_6dof/bin'
[0.483s] Level 1:colcon.colcon_core.environment:checking '/home/hoang/ros2_ws/install/robot_6dof/lib/pkgconfig/robot_6dof.pc'
[0.483s] Level 1:colcon.colcon_core.environment:checking '/home/hoang/ros2_ws/install/robot_6dof/lib/python3.12/site-packages'
[0.483s] Level 1:colcon.colcon_core.environment:checking '/home/hoang/ros2_ws/install/robot_6dof/bin'
[0.483s] INFO:colcon.colcon_core.shell:Creating package script '/home/hoang/ros2_ws/install/robot_6dof/share/robot_6dof/package.ps1'
[0.484s] INFO:colcon.colcon_core.shell:Creating package descriptor '/home/hoang/ros2_ws/install/robot_6dof/share/robot_6dof/package.dsv'
[0.484s] INFO:colcon.colcon_core.shell:Creating package script '/home/hoang/ros2_ws/install/robot_6dof/share/robot_6dof/package.sh'
[0.484s] INFO:colcon.colcon_core.shell:Creating package script '/home/hoang/ros2_ws/install/robot_6dof/share/robot_6dof/package.bash'
[0.485s] INFO:colcon.colcon_core.shell:Creating package script '/home/hoang/ros2_ws/install/robot_6dof/share/robot_6dof/package.zsh'
[0.485s] Level 1:colcon.colcon_core.environment:create_file_with_runtime_dependencies(/home/hoang/ros2_ws/install/robot_6dof/share/colcon-core/packages/robot_6dof)
[0.485s] INFO:colcon.colcon_ros.task.ament_cmake.build:Building ROS package in '/home/hoang/ros2_ws/src/robot_6dof_moveit_config1' with build type 'ament_cmake'
[0.485s] INFO:colcon.colcon_cmake.task.cmake.build:Building CMake package in '/home/hoang/ros2_ws/src/robot_6dof_moveit_config1'
[0.485s] INFO:colcon.colcon_core.shell:Skip shell extension 'powershell' for command environment: Not usable outside of PowerShell
[0.485s] DEBUG:colcon.colcon_core.shell:Skip shell extension 'dsv' for command environment
[0.490s] INFO:colcon.colcon_ros.task.ament_cmake.build:Building ROS package in '/home/hoang/ros2_ws/src/robot_6dof_moveit_config2' with build type 'ament_cmake'
[0.490s] INFO:colcon.colcon_cmake.task.cmake.build:Building CMake package in '/home/hoang/ros2_ws/src/robot_6dof_moveit_config2'
[0.490s] INFO:colcon.colcon_core.shell:Skip shell extension 'powershell' for command environment: Not usable outside of PowerShell
[0.490s] DEBUG:colcon.colcon_core.shell:Skip shell extension 'dsv' for command environment
[0.501s] DEBUG:colcon.colcon_core.event_handler.log_command:Invoking command in '/home/hoang/ros2_ws/build/robot_6dof_moveit_config1': CMAKE_PREFIX_PATH=/home/hoang/ros2_ws/install/robot_6dof:/home/hoang/ros2_ws/install/robot_6dof_moveit_config2:/home/hoang/ros2_ws/install/robot_6dof_moveit_config1:/opt/ros/jazzy/opt/gz_launch_vendor:/opt/ros/jazzy/opt/gz_sim_vendor:/opt/ros/jazzy/opt/gz_sensors_vendor:/opt/ros/jazzy/opt/gz_physics_vendor:/opt/ros/jazzy/opt/sdformat_vendor:/opt/ros/jazzy/opt/gz_gui_vendor:/opt/ros/jazzy/opt/gz_transport_vendor:/opt/ros/jazzy/opt/gz_rendering_vendor:/opt/ros/jazzy/opt/gz_plugin_vendor:/opt/ros/jazzy/opt/gz_fuel_tools_vendor:/opt/ros/jazzy/opt/gz_msgs_vendor:/opt/ros/jazzy/opt/gz_common_vendor:/opt/ros/jazzy/opt/gz_math_vendor:/opt/ros/jazzy/opt/gz_utils_vendor:/opt/ros/jazzy/opt/gz_tools_vendor:/opt/ros/jazzy/opt/gz_ogre_next_vendor:/opt/ros/jazzy/opt/gz_dartsim_vendor:/opt/ros/jazzy/opt/gz_cmake_vendor:/opt/ros/jazzy DEBUGINFOD_URLS=https://debuginfod.ubuntu.com /usr/bin/cmake --build /home/hoang/ros2_ws/build/robot_6dof_moveit_config1 -- -j12 -l12
[0.507s] DEBUG:colcon.colcon_core.event_handler.log_command:Invoking command in '/home/hoang/ros2_ws/build/robot_6dof_moveit_config2': CMAKE_PREFIX_PATH=/home/hoang/ros2_ws/install/robot_6dof:/home/hoang/ros2_ws/install/robot_6dof_moveit_config2:/home/hoang/ros2_ws/install/robot_6dof_moveit_config1:/opt/ros/jazzy/opt/gz_launch_vendor:/opt/ros/jazzy/opt/gz_sim_vendor:/opt/ros/jazzy/opt/gz_sensors_vendor:/opt/ros/jazzy/opt/gz_physics_vendor:/opt/ros/jazzy/opt/sdformat_vendor:/opt/ros/jazzy/opt/gz_gui_vendor:/opt/ros/jazzy/opt/gz_transport_vendor:/opt/ros/jazzy/opt/gz_rendering_vendor:/opt/ros/jazzy/opt/gz_plugin_vendor:/opt/ros/jazzy/opt/gz_fuel_tools_vendor:/opt/ros/jazzy/opt/gz_msgs_vendor:/opt/ros/jazzy/opt/gz_common_vendor:/opt/ros/jazzy/opt/gz_math_vendor:/opt/ros/jazzy/opt/gz_utils_vendor:/opt/ros/jazzy/opt/gz_tools_vendor:/opt/ros/jazzy/opt/gz_ogre_next_vendor:/opt/ros/jazzy/opt/gz_dartsim_vendor:/opt/ros/jazzy/opt/gz_cmake_vendor:/opt/ros/jazzy DEBUGINFOD_URLS=https://debuginfod.ubuntu.com /usr/bin/cmake --build /home/hoang/ros2_ws/build/robot_6dof_moveit_config2 -- -j12 -l12
[0.550s] DEBUG:colcon.colcon_core.event_handler.log_command:Invoked command in '/home/hoang/ros2_ws/build/robot_6dof_moveit_config1' returned '0': CMAKE_PREFIX_PATH=/home/hoang/ros2_ws/install/robot_6dof:/home/hoang/ros2_ws/install/robot_6dof_moveit_config2:/home/hoang/ros2_ws/install/robot_6dof_moveit_config1:/opt/ros/jazzy/opt/gz_launch_vendor:/opt/ros/jazzy/opt/gz_sim_vendor:/opt/ros/jazzy/opt/gz_sensors_vendor:/opt/ros/jazzy/opt/gz_physics_vendor:/opt/ros/jazzy/opt/sdformat_vendor:/opt/ros/jazzy/opt/gz_gui_vendor:/opt/ros/jazzy/opt/gz_transport_vendor:/opt/ros/jazzy/opt/gz_rendering_vendor:/opt/ros/jazzy/opt/gz_plugin_vendor:/opt/ros/jazzy/opt/gz_fuel_tools_vendor:/opt/ros/jazzy/opt/gz_msgs_vendor:/opt/ros/jazzy/opt/gz_common_vendor:/opt/ros/jazzy/opt/gz_math_vendor:/opt/ros/jazzy/opt/gz_utils_vendor:/opt/ros/jazzy/opt/gz_tools_vendor:/opt/ros/jazzy/opt/gz_ogre_next_vendor:/opt/ros/jazzy/opt/gz_dartsim_vendor:/opt/ros/jazzy/opt/gz_cmake_vendor:/opt/ros/jazzy DEBUGINFOD_URLS=https://debuginfod.ubuntu.com /usr/bin/cmake --build /home/hoang/ros2_ws/build/robot_6dof_moveit_config1 -- -j12 -l12
[0.551s] DEBUG:colcon.colcon_core.event_handler.log_command:Invoking command in '/home/hoang/ros2_ws/build/robot_6dof_moveit_config1': CMAKE_PREFIX_PATH=/home/hoang/ros2_ws/install/robot_6dof:/home/hoang/ros2_ws/install/robot_6dof_moveit_config2:/home/hoang/ros2_ws/install/robot_6dof_moveit_config1:/opt/ros/jazzy/opt/gz_launch_vendor:/opt/ros/jazzy/opt/gz_sim_vendor:/opt/ros/jazzy/opt/gz_sensors_vendor:/opt/ros/jazzy/opt/gz_physics_vendor:/opt/ros/jazzy/opt/sdformat_vendor:/opt/ros/jazzy/opt/gz_gui_vendor:/opt/ros/jazzy/opt/gz_transport_vendor:/opt/ros/jazzy/opt/gz_rendering_vendor:/opt/ros/jazzy/opt/gz_plugin_vendor:/opt/ros/jazzy/opt/gz_fuel_tools_vendor:/opt/ros/jazzy/opt/gz_msgs_vendor:/opt/ros/jazzy/opt/gz_common_vendor:/opt/ros/jazzy/opt/gz_math_vendor:/opt/ros/jazzy/opt/gz_utils_vendor:/opt/ros/jazzy/opt/gz_tools_vendor:/opt/ros/jazzy/opt/gz_ogre_next_vendor:/opt/ros/jazzy/opt/gz_dartsim_vendor:/opt/ros/jazzy/opt/gz_cmake_vendor:/opt/ros/jazzy DEBUGINFOD_URLS=https://debuginfod.ubuntu.com /usr/bin/cmake --install /home/hoang/ros2_ws/build/robot_6dof_moveit_config1
[0.556s] DEBUG:colcon.colcon_core.event_handler.log_command:Invoked command in '/home/hoang/ros2_ws/build/robot_6dof_moveit_config2' returned '0': CMAKE_PREFIX_PATH=/home/hoang/ros2_ws/install/robot_6dof:/home/hoang/ros2_ws/install/robot_6dof_moveit_config2:/home/hoang/ros2_ws/install/robot_6dof_moveit_config1:/opt/ros/jazzy/opt/gz_launch_vendor:/opt/ros/jazzy/opt/gz_sim_vendor:/opt/ros/jazzy/opt/gz_sensors_vendor:/opt/ros/jazzy/opt/gz_physics_vendor:/opt/ros/jazzy/opt/sdformat_vendor:/opt/ros/jazzy/opt/gz_gui_vendor:/opt/ros/jazzy/opt/gz_transport_vendor:/opt/ros/jazzy/opt/gz_rendering_vendor:/opt/ros/jazzy/opt/gz_plugin_vendor:/opt/ros/jazzy/opt/gz_fuel_tools_vendor:/opt/ros/jazzy/opt/gz_msgs_vendor:/opt/ros/jazzy/opt/gz_common_vendor:/opt/ros/jazzy/opt/gz_math_vendor:/opt/ros/jazzy/opt/gz_utils_vendor:/opt/ros/jazzy/opt/gz_tools_vendor:/opt/ros/jazzy/opt/gz_ogre_next_vendor:/opt/ros/jazzy/opt/gz_dartsim_vendor:/opt/ros/jazzy/opt/gz_cmake_vendor:/opt/ros/jazzy DEBUGINFOD_URLS=https://debuginfod.ubuntu.com /usr/bin/cmake --build /home/hoang/ros2_ws/build/robot_6dof_moveit_config2 -- -j12 -l12
[0.558s] DEBUG:colcon.colcon_core.event_handler.log_command:Invoking command in '/home/hoang/ros2_ws/build/robot_6dof_moveit_config2': CMAKE_PREFIX_PATH=/home/hoang/ros2_ws/install/robot_6dof:/home/hoang/ros2_ws/install/robot_6dof_moveit_config2:/home/hoang/ros2_ws/install/robot_6dof_moveit_config1:/opt/ros/jazzy/opt/gz_launch_vendor:/opt/ros/jazzy/opt/gz_sim_vendor:/opt/ros/jazzy/opt/gz_sensors_vendor:/opt/ros/jazzy/opt/gz_physics_vendor:/opt/ros/jazzy/opt/sdformat_vendor:/opt/ros/jazzy/opt/gz_gui_vendor:/opt/ros/jazzy/opt/gz_transport_vendor:/opt/ros/jazzy/opt/gz_rendering_vendor:/opt/ros/jazzy/opt/gz_plugin_vendor:/opt/ros/jazzy/opt/gz_fuel_tools_vendor:/opt/ros/jazzy/opt/gz_msgs_vendor:/opt/ros/jazzy/opt/gz_common_vendor:/opt/ros/jazzy/opt/gz_math_vendor:/opt/ros/jazzy/opt/gz_utils_vendor:/opt/ros/jazzy/opt/gz_tools_vendor:/opt/ros/jazzy/opt/gz_ogre_next_vendor:/opt/ros/jazzy/opt/gz_dartsim_vendor:/opt/ros/jazzy/opt/gz_cmake_vendor:/opt/ros/jazzy DEBUGINFOD_URLS=https://debuginfod.ubuntu.com /usr/bin/cmake --install /home/hoang/ros2_ws/build/robot_6dof_moveit_config2
[0.568s] Level 1:colcon.colcon_core.environment:create_environment_scripts_only(robot_6dof_moveit_config1)
[0.568s] Level 1:colcon.colcon_core.environment:checking '/home/hoang/ros2_ws/install/robot_6dof_moveit_config1' for CMake module files
[0.569s] Level 1:colcon.colcon_core.environment:checking '/home/hoang/ros2_ws/install/robot_6dof_moveit_config1' for CMake config files
[0.571s] Level 1:colcon.colcon_core.shell:create_environment_hook('robot_6dof_moveit_config1', 'cmake_prefix_path')
[0.571s] INFO:colcon.colcon_core.shell:Creating environment hook '/home/hoang/ros2_ws/install/robot_6dof_moveit_config1/share/robot_6dof_moveit_config1/hook/cmake_prefix_path.ps1'
[0.572s] INFO:colcon.colcon_core.shell:Creating environment descriptor '/home/hoang/ros2_ws/install/robot_6dof_moveit_config1/share/robot_6dof_moveit_config1/hook/cmake_prefix_path.dsv'
[0.573s] INFO:colcon.colcon_core.shell:Creating environment hook '/home/hoang/ros2_ws/install/robot_6dof_moveit_config1/share/robot_6dof_moveit_config1/hook/cmake_prefix_path.sh'
[0.575s] Level 1:colcon.colcon_core.environment:checking '/home/hoang/ros2_ws/install/robot_6dof_moveit_config1/bin'
[0.575s] Level 1:colcon.colcon_core.environment:checking '/home/hoang/ros2_ws/install/robot_6dof_moveit_config1/lib/pkgconfig/robot_6dof_moveit_config1.pc'
[0.575s] Level 1:colcon.colcon_core.environment:checking '/home/hoang/ros2_ws/install/robot_6dof_moveit_config1/lib/python3.12/site-packages'
[0.575s] Level 1:colcon.colcon_core.environment:checking '/home/hoang/ros2_ws/install/robot_6dof_moveit_config1/bin'
[0.576s] INFO:colcon.colcon_core.shell:Creating package script '/home/hoang/ros2_ws/install/robot_6dof_moveit_config1/share/robot_6dof_moveit_config1/package.ps1'
[0.576s] INFO:colcon.colcon_core.shell:Creating package descriptor '/home/hoang/ros2_ws/install/robot_6dof_moveit_config1/share/robot_6dof_moveit_config1/package.dsv'
[0.577s] INFO:colcon.colcon_core.shell:Creating package script '/home/hoang/ros2_ws/install/robot_6dof_moveit_config1/share/robot_6dof_moveit_config1/package.sh'
[0.578s] DEBUG:colcon.colcon_core.event_handler.log_command:Invoked command in '/home/hoang/ros2_ws/build/robot_6dof_moveit_config1' returned '0': CMAKE_PREFIX_PATH=/home/hoang/ros2_ws/install/robot_6dof:/home/hoang/ros2_ws/install/robot_6dof_moveit_config2:/home/hoang/ros2_ws/install/robot_6dof_moveit_config1:/opt/ros/jazzy/opt/gz_launch_vendor:/opt/ros/jazzy/opt/gz_sim_vendor:/opt/ros/jazzy/opt/gz_sensors_vendor:/opt/ros/jazzy/opt/gz_physics_vendor:/opt/ros/jazzy/opt/sdformat_vendor:/opt/ros/jazzy/opt/gz_gui_vendor:/opt/ros/jazzy/opt/gz_transport_vendor:/opt/ros/jazzy/opt/gz_rendering_vendor:/opt/ros/jazzy/opt/gz_plugin_vendor:/opt/ros/jazzy/opt/gz_fuel_tools_vendor:/opt/ros/jazzy/opt/gz_msgs_vendor:/opt/ros/jazzy/opt/gz_common_vendor:/opt/ros/jazzy/opt/gz_math_vendor:/opt/ros/jazzy/opt/gz_utils_vendor:/opt/ros/jazzy/opt/gz_tools_vendor:/opt/ros/jazzy/opt/gz_ogre_next_vendor:/opt/ros/jazzy/opt/gz_dartsim_vendor:/opt/ros/jazzy/opt/gz_cmake_vendor:/opt/ros/jazzy DEBUGINFOD_URLS=https://debuginfod.ubuntu.com /usr/bin/cmake --install /home/hoang/ros2_ws/build/robot_6dof_moveit_config1
[0.578s] INFO:colcon.colcon_core.shell:Creating package script '/home/hoang/ros2_ws/install/robot_6dof_moveit_config1/share/robot_6dof_moveit_config1/package.bash'
[0.579s] INFO:colcon.colcon_core.shell:Creating package script '/home/hoang/ros2_ws/install/robot_6dof_moveit_config1/share/robot_6dof_moveit_config1/package.zsh'
[0.580s] Level 1:colcon.colcon_core.environment:create_file_with_runtime_dependencies(/home/hoang/ros2_ws/install/robot_6dof_moveit_config1/share/colcon-core/packages/robot_6dof_moveit_config1)
[0.583s] Level 1:colcon.colcon_core.environment:create_environment_scripts_only(robot_6dof_moveit_config1)
[0.583s] Level 1:colcon.colcon_core.environment:checking '/home/hoang/ros2_ws/install/robot_6dof_moveit_config1' for CMake module files
[0.586s] Level 1:colcon.colcon_core.environment:checking '/home/hoang/ros2_ws/install/robot_6dof_moveit_config1' for CMake config files
[0.587s] Level 1:colcon.colcon_core.shell:create_environment_hook('robot_6dof_moveit_config1', 'cmake_prefix_path')
[0.587s] INFO:colcon.colcon_core.shell:Creating environment hook '/home/hoang/ros2_ws/install/robot_6dof_moveit_config1/share/robot_6dof_moveit_config1/hook/cmake_prefix_path.ps1'
[0.588s] INFO:colcon.colcon_core.shell:Creating environment descriptor '/home/hoang/ros2_ws/install/robot_6dof_moveit_config1/share/robot_6dof_moveit_config1/hook/cmake_prefix_path.dsv'
[0.589s] INFO:colcon.colcon_core.shell:Creating environment hook '/home/hoang/ros2_ws/install/robot_6dof_moveit_config1/share/robot_6dof_moveit_config1/hook/cmake_prefix_path.sh'
[0.590s] Level 1:colcon.colcon_core.environment:checking '/home/hoang/ros2_ws/install/robot_6dof_moveit_config1/bin'
[0.590s] Level 1:colcon.colcon_core.environment:checking '/home/hoang/ros2_ws/install/robot_6dof_moveit_config1/lib/pkgconfig/robot_6dof_moveit_config1.pc'
[0.590s] Level 1:colcon.colcon_core.environment:checking '/home/hoang/ros2_ws/install/robot_6dof_moveit_config1/lib/python3.12/site-packages'
[0.591s] Level 1:colcon.colcon_core.environment:checking '/home/hoang/ros2_ws/install/robot_6dof_moveit_config1/bin'
[0.592s] INFO:colcon.colcon_core.shell:Creating package script '/home/hoang/ros2_ws/install/robot_6dof_moveit_config1/share/robot_6dof_moveit_config1/package.ps1'
[0.593s] INFO:colcon.colcon_core.shell:Creating package descriptor '/home/hoang/ros2_ws/install/robot_6dof_moveit_config1/share/robot_6dof_moveit_config1/package.dsv'
[0.594s] INFO:colcon.colcon_core.shell:Creating package script '/home/hoang/ros2_ws/install/robot_6dof_moveit_config1/share/robot_6dof_moveit_config1/package.sh'
[0.595s] INFO:colcon.colcon_core.shell:Creating package script '/home/hoang/ros2_ws/install/robot_6dof_moveit_config1/share/robot_6dof_moveit_config1/package.bash'
[0.596s] INFO:colcon.colcon_core.shell:Creating package script '/home/hoang/ros2_ws/install/robot_6dof_moveit_config1/share/robot_6dof_moveit_config1/package.zsh'
[0.596s] Level 1:colcon.colcon_core.environment:create_file_with_runtime_dependencies(/home/hoang/ros2_ws/install/robot_6dof_moveit_config1/share/colcon-core/packages/robot_6dof_moveit_config1)
[0.599s] Level 1:colcon.colcon_core.environment:create_environment_scripts_only(robot_6dof_moveit_config2)
[0.599s] Level 1:colcon.colcon_core.environment:checking '/home/hoang/ros2_ws/install/robot_6dof_moveit_config2' for CMake module files
[0.601s] DEBUG:colcon.colcon_core.event_handler.log_command:Invoked command in '/home/hoang/ros2_ws/build/robot_6dof_moveit_config2' returned '0': CMAKE_PREFIX_PATH=/home/hoang/ros2_ws/install/robot_6dof:/home/hoang/ros2_ws/install/robot_6dof_moveit_config2:/home/hoang/ros2_ws/install/robot_6dof_moveit_config1:/opt/ros/jazzy/opt/gz_launch_vendor:/opt/ros/jazzy/opt/gz_sim_vendor:/opt/ros/jazzy/opt/gz_sensors_vendor:/opt/ros/jazzy/opt/gz_physics_vendor:/opt/ros/jazzy/opt/sdformat_vendor:/opt/ros/jazzy/opt/gz_gui_vendor:/opt/ros/jazzy/opt/gz_transport_vendor:/opt/ros/jazzy/opt/gz_rendering_vendor:/opt/ros/jazzy/opt/gz_plugin_vendor:/opt/ros/jazzy/opt/gz_fuel_tools_vendor:/opt/ros/jazzy/opt/gz_msgs_vendor:/opt/ros/jazzy/opt/gz_common_vendor:/opt/ros/jazzy/opt/gz_math_vendor:/opt/ros/jazzy/opt/gz_utils_vendor:/opt/ros/jazzy/opt/gz_tools_vendor:/opt/ros/jazzy/opt/gz_ogre_next_vendor:/opt/ros/jazzy/opt/gz_dartsim_vendor:/opt/ros/jazzy/opt/gz_cmake_vendor:/opt/ros/jazzy DEBUGINFOD_URLS=https://debuginfod.ubuntu.com /usr/bin/cmake --install /home/hoang/ros2_ws/build/robot_6dof_moveit_config2
[0.602s] Level 1:colcon.colcon_core.environment:checking '/home/hoang/ros2_ws/install/robot_6dof_moveit_config2' for CMake config files
[0.603s] Level 1:colcon.colcon_core.shell:create_environment_hook('robot_6dof_moveit_config2', 'cmake_prefix_path')
[0.603s] INFO:colcon.colcon_core.shell:Creating environment hook '/home/hoang/ros2_ws/install/robot_6dof_moveit_config2/share/robot_6dof_moveit_config2/hook/cmake_prefix_path.ps1'
[0.604s] INFO:colcon.colcon_core.shell:Creating environment descriptor '/home/hoang/ros2_ws/install/robot_6dof_moveit_config2/share/robot_6dof_moveit_config2/hook/cmake_prefix_path.dsv'
[0.605s] INFO:colcon.colcon_core.shell:Creating environment hook '/home/hoang/ros2_ws/install/robot_6dof_moveit_config2/share/robot_6dof_moveit_config2/hook/cmake_prefix_path.sh'
[0.606s] Level 1:colcon.colcon_core.environment:checking '/home/hoang/ros2_ws/install/robot_6dof_moveit_config2/bin'
[0.606s] Level 1:colcon.colcon_core.environment:checking '/home/hoang/ros2_ws/install/robot_6dof_moveit_config2/lib/pkgconfig/robot_6dof_moveit_config2.pc'
[0.606s] Level 1:colcon.colcon_core.environment:checking '/home/hoang/ros2_ws/install/robot_6dof_moveit_config2/lib/python3.12/site-packages'
[0.607s] Level 1:colcon.colcon_core.environment:checking '/home/hoang/ros2_ws/install/robot_6dof_moveit_config2/bin'
[0.607s] INFO:colcon.colcon_core.shell:Creating package script '/home/hoang/ros2_ws/install/robot_6dof_moveit_config2/share/robot_6dof_moveit_config2/package.ps1'
[0.608s] INFO:colcon.colcon_core.shell:Creating package descriptor '/home/hoang/ros2_ws/install/robot_6dof_moveit_config2/share/robot_6dof_moveit_config2/package.dsv'
[0.609s] INFO:colcon.colcon_core.shell:Creating package script '/home/hoang/ros2_ws/install/robot_6dof_moveit_config2/share/robot_6dof_moveit_config2/package.sh'
[0.609s] INFO:colcon.colcon_core.shell:Creating package script '/home/hoang/ros2_ws/install/robot_6dof_moveit_config2/share/robot_6dof_moveit_config2/package.bash'
[0.610s] INFO:colcon.colcon_core.shell:Creating package script '/home/hoang/ros2_ws/install/robot_6dof_moveit_config2/share/robot_6dof_moveit_config2/package.zsh'
[0.611s] Level 1:colcon.colcon_core.environment:create_file_with_runtime_dependencies(/home/hoang/ros2_ws/install/robot_6dof_moveit_config2/share/colcon-core/packages/robot_6dof_moveit_config2)
[0.611s] Level 1:colcon.colcon_core.environment:create_environment_scripts_only(robot_6dof_moveit_config2)
[0.612s] Level 1:colcon.colcon_core.environment:checking '/home/hoang/ros2_ws/install/robot_6dof_moveit_config2' for CMake module files
[0.613s] Level 1:colcon.colcon_core.environment:checking '/home/hoang/ros2_ws/install/robot_6dof_moveit_config2' for CMake config files
[0.613s] Level 1:colcon.colcon_core.shell:create_environment_hook('robot_6dof_moveit_config2', 'cmake_prefix_path')
[0.613s] INFO:colcon.colcon_core.shell:Creating environment hook '/home/hoang/ros2_ws/install/robot_6dof_moveit_config2/share/robot_6dof_moveit_config2/hook/cmake_prefix_path.ps1'
[0.614s] INFO:colcon.colcon_core.shell:Creating environment descriptor '/home/hoang/ros2_ws/install/robot_6dof_moveit_config2/share/robot_6dof_moveit_config2/hook/cmake_prefix_path.dsv'
[0.615s] INFO:colcon.colcon_core.shell:Creating environment hook '/home/hoang/ros2_ws/install/robot_6dof_moveit_config2/share/robot_6dof_moveit_config2/hook/cmake_prefix_path.sh'
[0.616s] Level 1:colcon.colcon_core.environment:checking '/home/hoang/ros2_ws/install/robot_6dof_moveit_config2/bin'
[0.616s] Level 1:colcon.colcon_core.environment:checking '/home/hoang/ros2_ws/install/robot_6dof_moveit_config2/lib/pkgconfig/robot_6dof_moveit_config2.pc'
[0.616s] Level 1:colcon.colcon_core.environment:checking '/home/hoang/ros2_ws/install/robot_6dof_moveit_config2/lib/python3.12/site-packages'
[0.616s] Level 1:colcon.colcon_core.environment:checking '/home/hoang/ros2_ws/install/robot_6dof_moveit_config2/bin'
[0.616s] INFO:colcon.colcon_core.shell:Creating package script '/home/hoang/ros2_ws/install/robot_6dof_moveit_config2/share/robot_6dof_moveit_config2/package.ps1'
[0.617s] INFO:colcon.colcon_core.shell:Creating package descriptor '/home/hoang/ros2_ws/install/robot_6dof_moveit_config2/share/robot_6dof_moveit_config2/package.dsv'
[0.617s] INFO:colcon.colcon_core.shell:Creating package script '/home/hoang/ros2_ws/install/robot_6dof_moveit_config2/share/robot_6dof_moveit_config2/package.sh'
[0.617s] INFO:colcon.colcon_core.shell:Creating package script '/home/hoang/ros2_ws/install/robot_6dof_moveit_config2/share/robot_6dof_moveit_config2/package.bash'
[0.618s] INFO:colcon.colcon_core.shell:Creating package script '/home/hoang/ros2_ws/install/robot_6dof_moveit_config2/share/robot_6dof_moveit_config2/package.zsh'
[0.618s] Level 1:colcon.colcon_core.environment:create_file_with_runtime_dependencies(/home/hoang/ros2_ws/install/robot_6dof_moveit_config2/share/colcon-core/packages/robot_6dof_moveit_config2)
[0.618s] DEBUG:colcon.colcon_parallel_executor.executor.parallel:closing loop
[0.619s] DEBUG:colcon.colcon_parallel_executor.executor.parallel:loop closed
[0.619s] DEBUG:colcon.colcon_parallel_executor.executor.parallel:run_until_complete finished with '0'
[0.619s] DEBUG:colcon.colcon_core.event_reactor:joining thread
[0.626s] INFO:colcon.colcon_core.plugin_system:Skipping extension 'colcon_notification.desktop_notification.terminal_notifier': Not used on non-Darwin systems
[0.627s] INFO:colcon.colcon_core.plugin_system:Skipping extension 'colcon_notification.desktop_notification.win32': Not used on non-Windows systems
[0.627s] INFO:colcon.colcon_notification.desktop_notification:Sending desktop notification using 'notify2'
[0.641s] DEBUG:colcon.colcon_core.event_reactor:joined thread
[0.642s] INFO:colcon.colcon_core.shell:Creating prefix script '/home/hoang/ros2_ws/install/local_setup.ps1'
[0.643s] INFO:colcon.colcon_core.shell:Creating prefix util module '/home/hoang/ros2_ws/install/_local_setup_util_ps1.py'
[0.644s] INFO:colcon.colcon_core.shell:Creating prefix chain script '/home/hoang/ros2_ws/install/setup.ps1'
[0.646s] INFO:colcon.colcon_core.shell:Creating prefix script '/home/hoang/ros2_ws/install/local_setup.sh'
[0.646s] INFO:colcon.colcon_core.shell:Creating prefix util module '/home/hoang/ros2_ws/install/_local_setup_util_sh.py'
[0.647s] INFO:colcon.colcon_core.shell:Creating prefix chain script '/home/hoang/ros2_ws/install/setup.sh'
[0.649s] INFO:colcon.colcon_core.shell:Creating prefix script '/home/hoang/ros2_ws/install/local_setup.bash'
[0.649s] INFO:colcon.colcon_core.shell:Creating prefix chain script '/home/hoang/ros2_ws/install/setup.bash'
[0.651s] INFO:colcon.colcon_core.shell:Creating prefix script '/home/hoang/ros2_ws/install/local_setup.zsh'
[0.651s] INFO:colcon.colcon_core.shell:Creating prefix chain script '/home/hoang/ros2_ws/install/setup.zsh'
