[0.015s] Invoking command in '/home/hoang/ros2_ws/build/robot_6dof': CMAKE_PREFIX_PATH=${CMAKE_PREFIX_PATH}:/opt/ros/jazzy DEBUGINFOD_URLS=https://debuginfod.ubuntu.com /usr/bin/cmake /home/hoang/ros2_ws/src/robot_6dof -DCMAKE_INSTALL_PREFIX=/home/hoang/ros2_ws/install/robot_6dof
[0.206s] -- The C compiler identification is GNU 13.3.0
[0.651s] -- The CXX compiler identification is GNU 13.3.0
[0.705s] -- Detecting C compiler ABI info
[0.873s] -- Detecting C compiler ABI info - done
[0.898s] -- Check for working C compiler: /usr/bin/cc - skipped
[0.899s] -- Detecting C compile features
[0.901s] -- Detecting C compile features - done
[0.923s] -- Detecting CXX compiler ABI info
[1.103s] -- Detecting CXX compiler ABI info - done
[1.129s] -- Check for working CXX compiler: /usr/bin/c++ - skipped
[1.129s] -- Detecting CXX compile features
[1.130s] -- Detecting CXX compile features - done
[1.211s] -- Found ament_cmake: 2.5.4 (/opt/ros/jazzy/share/ament_cmake/cmake)
[1.427s] -- Found Python3: /usr/bin/python3 (found version "3.12.3") found components: Interpreter 
[1.670s] -- Found ament_lint_auto: 0.17.3 (/opt/ros/jazzy/share/ament_lint_auto/cmake)
[1.816s] -- Added test 'flake8' to check Python code syntax and style conventions
[1.816s] -- Configured 'flake8' exclude dirs and/or files: 
[1.817s] -- Added test 'lint_cmake' to check CMake code style
[1.818s] -- Added test 'pep257' to check Python code against some of the docstring style conventions in PEP 257
[1.821s] -- Added test 'xmllint' to check XML markup files
[1.824s] -- Configuring done (1.8s)
[1.827s] -- Generating done (0.0s)
[1.829s] -- Build files have been written to: /home/hoang/ros2_ws/build/robot_6dof
[1.835s] Invoked command in '/home/hoang/ros2_ws/build/robot_6dof' returned '0': CMAKE_PREFIX_PATH=${CMAKE_PREFIX_PATH}:/opt/ros/jazzy DEBUGINFOD_URLS=https://debuginfod.ubuntu.com /usr/bin/cmake /home/hoang/ros2_ws/src/robot_6dof -DCMAKE_INSTALL_PREFIX=/home/hoang/ros2_ws/install/robot_6dof
[1.838s] Invoking command in '/home/hoang/ros2_ws/build/robot_6dof': CMAKE_PREFIX_PATH=${CMAKE_PREFIX_PATH}:/opt/ros/jazzy DEBUGINFOD_URLS=https://debuginfod.ubuntu.com /usr/bin/cmake --build /home/hoang/ros2_ws/build/robot_6dof -- -j12 -l12
[1.907s] Invoked command in '/home/hoang/ros2_ws/build/robot_6dof' returned '0': CMAKE_PREFIX_PATH=${CMAKE_PREFIX_PATH}:/opt/ros/jazzy DEBUGINFOD_URLS=https://debuginfod.ubuntu.com /usr/bin/cmake --build /home/hoang/ros2_ws/build/robot_6dof -- -j12 -l12
[1.930s] Invoking command in '/home/hoang/ros2_ws/build/robot_6dof': CMAKE_PREFIX_PATH=${CMAKE_PREFIX_PATH}:/opt/ros/jazzy DEBUGINFOD_URLS=https://debuginfod.ubuntu.com /usr/bin/cmake --install /home/hoang/ros2_ws/build/robot_6dof
[1.939s] -- Install configuration: ""
[1.940s] -- Installing: /home/hoang/ros2_ws/install/robot_6dof/share/robot_6dof/urdf
[1.940s] -- Installing: /home/hoang/ros2_ws/install/robot_6dof/share/robot_6dof/urdf/robot_6dof.urdf.xacro
[1.941s] -- Installing: /home/hoang/ros2_ws/install/robot_6dof/share/robot_6dof/urdf/robot_6dof.csv
[1.941s] -- Installing: /home/hoang/ros2_ws/install/robot_6dof/share/robot_6dof/urdf/robot_6dof.urdf
[1.941s] -- Installing: /home/hoang/ros2_ws/install/robot_6dof/share/robot_6dof/urdf/robot_6dof.xacro
[1.941s] -- Installing: /home/hoang/ros2_ws/install/robot_6dof/share/robot_6dof/meshes
[1.942s] -- Installing: /home/hoang/ros2_ws/install/robot_6dof/share/robot_6dof/meshes/Link_5.STL
[1.948s] -- Installing: /home/hoang/ros2_ws/install/robot_6dof/share/robot_6dof/meshes/base_link.STL
[1.948s] -- Installing: /home/hoang/ros2_ws/install/robot_6dof/share/robot_6dof/meshes/Link_6.STL
[1.949s] -- Installing: /home/hoang/ros2_ws/install/robot_6dof/share/robot_6dof/meshes/Link_4.STL
[1.953s] -- Installing: /home/hoang/ros2_ws/install/robot_6dof/share/robot_6dof/meshes/Link_1.STL
[1.959s] -- Installing: /home/hoang/ros2_ws/install/robot_6dof/share/robot_6dof/meshes/Link_3.STL
[1.964s] -- Installing: /home/hoang/ros2_ws/install/robot_6dof/share/robot_6dof/meshes/Link_2.STL
[1.970s] -- Installing: /home/hoang/ros2_ws/install/robot_6dof/share/robot_6dof/textures
[1.970s] -- Installing: /home/hoang/ros2_ws/install/robot_6dof/share/robot_6dof/config
[1.971s] -- Installing: /home/hoang/ros2_ws/install/robot_6dof/share/robot_6dof/config/joint_names_robot_6dof.yaml
[1.971s] -- Installing: /home/hoang/ros2_ws/install/robot_6dof/share/robot_6dof/launch
[1.971s] -- Installing: /home/hoang/ros2_ws/install/robot_6dof/share/robot_6dof/launch/display.launch.py
[1.971s] -- Installing: /home/hoang/ros2_ws/install/robot_6dof/share/robot_6dof/launch/display.launch
[1.972s] -- Installing: /home/hoang/ros2_ws/install/robot_6dof/share/robot_6dof/launch/gazebo.launch
[1.972s] -- Installing: /home/hoang/ros2_ws/install/robot_6dof/share/robot_6dof/launch/gazebo_display.launch.py
[1.972s] -- Installing: /home/hoang/ros2_ws/install/robot_6dof/share/robot_6dof/rviz
[1.972s] -- Installing: /home/hoang/ros2_ws/install/robot_6dof/share/robot_6dof/rviz/urdf.rviz
[1.973s] -- Installing: /home/hoang/ros2_ws/install/robot_6dof/share/ament_index/resource_index/package_run_dependencies/robot_6dof
[1.973s] -- Installing: /home/hoang/ros2_ws/install/robot_6dof/share/ament_index/resource_index/parent_prefix_path/robot_6dof
[1.973s] -- Installing: /home/hoang/ros2_ws/install/robot_6dof/share/robot_6dof/environment/ament_prefix_path.sh
[1.973s] -- Installing: /home/hoang/ros2_ws/install/robot_6dof/share/robot_6dof/environment/ament_prefix_path.dsv
[1.974s] -- Installing: /home/hoang/ros2_ws/install/robot_6dof/share/robot_6dof/environment/path.sh
[1.974s] -- Installing: /home/hoang/ros2_ws/install/robot_6dof/share/robot_6dof/environment/path.dsv
[1.974s] -- Installing: /home/hoang/ros2_ws/install/robot_6dof/share/robot_6dof/local_setup.bash
[1.974s] -- Installing: /home/hoang/ros2_ws/install/robot_6dof/share/robot_6dof/local_setup.sh
[1.975s] -- Installing: /home/hoang/ros2_ws/install/robot_6dof/share/robot_6dof/local_setup.zsh
[1.975s] -- Installing: /home/hoang/ros2_ws/install/robot_6dof/share/robot_6dof/local_setup.dsv
[1.975s] -- Installing: /home/hoang/ros2_ws/install/robot_6dof/share/robot_6dof/package.dsv
[1.975s] -- Installing: /home/hoang/ros2_ws/install/robot_6dof/share/ament_index/resource_index/packages/robot_6dof
[1.976s] -- Installing: /home/hoang/ros2_ws/install/robot_6dof/share/robot_6dof/cmake/robot_6dofConfig.cmake
[1.976s] -- Installing: /home/hoang/ros2_ws/install/robot_6dof/share/robot_6dof/cmake/robot_6dofConfig-version.cmake
[1.976s] -- Installing: /home/hoang/ros2_ws/install/robot_6dof/share/robot_6dof/package.xml
[1.977s] Invoked command in '/home/hoang/ros2_ws/build/robot_6dof' returned '0': CMAKE_PREFIX_PATH=${CMAKE_PREFIX_PATH}:/opt/ros/jazzy DEBUGINFOD_URLS=https://debuginfod.ubuntu.com /usr/bin/cmake --install /home/hoang/ros2_ws/build/robot_6dof
