[0.311s] DEBUG:colcon:Command line arguments: ['/usr/bin/colcon', 'build', '--symlink-install']
[0.312s] DEBUG:colcon:Parsed command line arguments: Namespace(log_base=None, log_level=None, verb_name='build', build_base='build', install_base='install', merge_install=False, symlink_install=True, test_result_base=None, continue_on_error=False, executor='parallel', parallel_workers=12, event_handlers=None, ignore_user_meta=False, metas=['./colcon.meta'], base_paths=['.'], packages_ignore=None, packages_ignore_regex=None, paths=None, packages_up_to=None, packages_up_to_regex=None, packages_above=None, packages_above_and_dependencies=None, packages_above_depth=None, packages_select_by_dep=None, packages_skip_by_dep=None, packages_skip_up_to=None, packages_select_build_failed=False, packages_skip_build_finished=False, packages_select_test_failures=False, packages_skip_test_passed=False, packages_select=None, packages_skip=None, packages_select_regex=None, packages_skip_regex=None, packages_start=None, packages_end=None, allow_overriding=[], cmake_args=None, cmake_target=None, cmake_target_skip_unavailable=False, cmake_clean_cache=False, cmake_clean_first=False, cmake_force_configure=False, ament_cmake_args=None, catkin_cmake_args=None, catkin_skip_building_tests=False, mixin_files=None, mixin=None, verb_parser=<colcon_mixin.mixin.mixin_argument.MixinArgumentDecorator object at 0x7b2e5fbf1460>, verb_extension=<colcon_core.verb.build.BuildVerb object at 0x7b2e5fb79eb0>, main=<bound method BuildVerb.main of <colcon_core.verb.build.BuildVerb object at 0x7b2e5fb79eb0>>, mixin_verb=('build',))
[0.381s] Level 1:colcon.colcon_core.package_discovery:discover_packages(colcon_meta) check parameters
[0.381s] Level 1:colcon.colcon_core.package_discovery:discover_packages(recursive) check parameters
[0.381s] Level 1:colcon.colcon_core.package_discovery:discover_packages(ignore) check parameters
[0.381s] Level 1:colcon.colcon_core.package_discovery:discover_packages(path) check parameters
[0.381s] Level 1:colcon.colcon_core.package_discovery:discover_packages(colcon_meta) discover
[0.382s] Level 1:colcon.colcon_core.package_discovery:discover_packages(recursive) discover
[0.382s] INFO:colcon.colcon_core.package_discovery:Crawling recursively for packages in '/home/hoang/ros2_ws1'
[0.382s] Level 1:colcon.colcon_core.package_identification:_identify(.) by extensions ['ignore', 'ignore_ament_install']
[0.382s] Level 1:colcon.colcon_core.package_identification:_identify(.) by extension 'ignore'
[0.382s] Level 1:colcon.colcon_core.package_identification:_identify(.) by extension 'ignore_ament_install'
[0.382s] Level 1:colcon.colcon_core.package_identification:_identify(.) by extensions ['colcon_pkg']
[0.382s] Level 1:colcon.colcon_core.package_identification:_identify(.) by extension 'colcon_pkg'
[0.382s] Level 1:colcon.colcon_core.package_identification:_identify(.) by extensions ['colcon_meta']
[0.382s] Level 1:colcon.colcon_core.package_identification:_identify(.) by extension 'colcon_meta'
[0.382s] Level 1:colcon.colcon_core.package_identification:_identify(.) by extensions ['ros']
[0.382s] Level 1:colcon.colcon_core.package_identification:_identify(.) by extension 'ros'
[0.420s] Level 1:colcon.colcon_core.package_identification:_identify(.) by extensions ['cmake', 'python']
[0.420s] Level 1:colcon.colcon_core.package_identification:_identify(.) by extension 'cmake'
[0.420s] Level 1:colcon.colcon_core.package_identification:_identify(.) by extension 'python'
[0.420s] Level 1:colcon.colcon_core.package_identification:_identify(.) by extensions ['python_setup_py']
[0.420s] Level 1:colcon.colcon_core.package_identification:_identify(.) by extension 'python_setup_py'
[0.421s] Level 1:colcon.colcon_core.package_identification:_identify(build) by extensions ['ignore', 'ignore_ament_install']
[0.421s] Level 1:colcon.colcon_core.package_identification:_identify(build) by extension 'ignore'
[0.421s] Level 1:colcon.colcon_core.package_identification:_identify(build) ignored
[0.421s] Level 1:colcon.colcon_core.package_identification:_identify(install) by extensions ['ignore', 'ignore_ament_install']
[0.421s] Level 1:colcon.colcon_core.package_identification:_identify(install) by extension 'ignore'
[0.421s] Level 1:colcon.colcon_core.package_identification:_identify(install) ignored
[0.421s] Level 1:colcon.colcon_core.package_identification:_identify(log) by extensions ['ignore', 'ignore_ament_install']
[0.421s] Level 1:colcon.colcon_core.package_identification:_identify(log) by extension 'ignore'
[0.422s] Level 1:colcon.colcon_core.package_identification:_identify(log) ignored
[0.422s] Level 1:colcon.colcon_core.package_identification:_identify(src) by extensions ['ignore', 'ignore_ament_install']
[0.422s] Level 1:colcon.colcon_core.package_identification:_identify(src) by extension 'ignore'
[0.422s] Level 1:colcon.colcon_core.package_identification:_identify(src) by extension 'ignore_ament_install'
[0.422s] Level 1:colcon.colcon_core.package_identification:_identify(src) by extensions ['colcon_pkg']
[0.422s] Level 1:colcon.colcon_core.package_identification:_identify(src) by extension 'colcon_pkg'
[0.422s] Level 1:colcon.colcon_core.package_identification:_identify(src) by extensions ['colcon_meta']
[0.422s] Level 1:colcon.colcon_core.package_identification:_identify(src) by extension 'colcon_meta'
[0.422s] Level 1:colcon.colcon_core.package_identification:_identify(src) by extensions ['ros']
[0.422s] Level 1:colcon.colcon_core.package_identification:_identify(src) by extension 'ros'
[0.422s] Level 1:colcon.colcon_core.package_identification:_identify(src) by extensions ['cmake', 'python']
[0.422s] Level 1:colcon.colcon_core.package_identification:_identify(src) by extension 'cmake'
[0.422s] Level 1:colcon.colcon_core.package_identification:_identify(src) by extension 'python'
[0.422s] Level 1:colcon.colcon_core.package_identification:_identify(src) by extensions ['python_setup_py']
[0.422s] Level 1:colcon.colcon_core.package_identification:_identify(src) by extension 'python_setup_py'
[0.423s] Level 1:colcon.colcon_core.package_identification:_identify(src/robot_6dof) by extensions ['ignore', 'ignore_ament_install']
[0.423s] Level 1:colcon.colcon_core.package_identification:_identify(src/robot_6dof) by extension 'ignore'
[0.423s] Level 1:colcon.colcon_core.package_identification:_identify(src/robot_6dof) by extension 'ignore_ament_install'
[0.423s] Level 1:colcon.colcon_core.package_identification:_identify(src/robot_6dof) by extensions ['colcon_pkg']
[0.423s] Level 1:colcon.colcon_core.package_identification:_identify(src/robot_6dof) by extension 'colcon_pkg'
[0.423s] Level 1:colcon.colcon_core.package_identification:_identify(src/robot_6dof) by extensions ['colcon_meta']
[0.423s] Level 1:colcon.colcon_core.package_identification:_identify(src/robot_6dof) by extension 'colcon_meta'
[0.423s] Level 1:colcon.colcon_core.package_identification:_identify(src/robot_6dof) by extensions ['ros']
[0.423s] Level 1:colcon.colcon_core.package_identification:_identify(src/robot_6dof) by extension 'ros'
[0.431s] DEBUG:colcon.colcon_core.package_identification:Package 'src/robot_6dof' with type 'ros.ament_cmake' and name 'robot_6dof'
[0.431s] Level 1:colcon.colcon_core.package_identification:_identify(src/robot_6dof_moveit_config1) by extensions ['ignore', 'ignore_ament_install']
[0.431s] Level 1:colcon.colcon_core.package_identification:_identify(src/robot_6dof_moveit_config1) by extension 'ignore'
[0.431s] Level 1:colcon.colcon_core.package_identification:_identify(src/robot_6dof_moveit_config1) by extension 'ignore_ament_install'
[0.432s] Level 1:colcon.colcon_core.package_identification:_identify(src/robot_6dof_moveit_config1) by extensions ['colcon_pkg']
[0.432s] Level 1:colcon.colcon_core.package_identification:_identify(src/robot_6dof_moveit_config1) by extension 'colcon_pkg'
[0.432s] Level 1:colcon.colcon_core.package_identification:_identify(src/robot_6dof_moveit_config1) by extensions ['colcon_meta']
[0.432s] Level 1:colcon.colcon_core.package_identification:_identify(src/robot_6dof_moveit_config1) by extension 'colcon_meta'
[0.432s] Level 1:colcon.colcon_core.package_identification:_identify(src/robot_6dof_moveit_config1) by extensions ['ros']
[0.432s] Level 1:colcon.colcon_core.package_identification:_identify(src/robot_6dof_moveit_config1) by extension 'ros'
[0.434s] DEBUG:colcon.colcon_core.package_identification:Package 'src/robot_6dof_moveit_config1' with type 'ros.ament_cmake' and name 'robot_6dof_moveit_config1'
[0.435s] Level 1:colcon.colcon_core.package_identification:_identify(src/robot_6dof_moveit_config2) by extensions ['ignore', 'ignore_ament_install']
[0.435s] Level 1:colcon.colcon_core.package_identification:_identify(src/robot_6dof_moveit_config2) by extension 'ignore'
[0.435s] Level 1:colcon.colcon_core.package_identification:_identify(src/robot_6dof_moveit_config2) by extension 'ignore_ament_install'
[0.435s] Level 1:colcon.colcon_core.package_identification:_identify(src/robot_6dof_moveit_config2) by extensions ['colcon_pkg']
[0.435s] Level 1:colcon.colcon_core.package_identification:_identify(src/robot_6dof_moveit_config2) by extension 'colcon_pkg'
[0.435s] Level 1:colcon.colcon_core.package_identification:_identify(src/robot_6dof_moveit_config2) by extensions ['colcon_meta']
[0.435s] Level 1:colcon.colcon_core.package_identification:_identify(src/robot_6dof_moveit_config2) by extension 'colcon_meta'
[0.435s] Level 1:colcon.colcon_core.package_identification:_identify(src/robot_6dof_moveit_config2) by extensions ['ros']
[0.435s] Level 1:colcon.colcon_core.package_identification:_identify(src/robot_6dof_moveit_config2) by extension 'ros'
[0.436s] DEBUG:colcon.colcon_core.package_identification:Package 'src/robot_6dof_moveit_config2' with type 'ros.ament_cmake' and name 'robot_6dof_moveit_config2'
[0.436s] Level 1:colcon.colcon_core.package_discovery:discover_packages(recursive) using defaults
[0.436s] Level 1:colcon.colcon_core.package_discovery:discover_packages(ignore) discover
[0.436s] Level 1:colcon.colcon_core.package_discovery:discover_packages(ignore) using defaults
[0.436s] Level 1:colcon.colcon_core.package_discovery:discover_packages(path) discover
[0.436s] Level 1:colcon.colcon_core.package_discovery:discover_packages(path) using defaults
[0.467s] Level 1:colcon.colcon_core.package_discovery:discover_packages(prefix_path) check parameters
[0.467s] Level 1:colcon.colcon_core.package_discovery:discover_packages(prefix_path) discover
[0.470s] WARNING:colcon.colcon_core.prefix_path.colcon:The path '/home/hoang/ros2_ws/install' in the environment variable COLCON_PREFIX_PATH doesn't exist
[0.470s] WARNING:colcon.colcon_ros.prefix_path.ament:The path '/home/hoang/ros2_ws/install/robot_6dof' in the environment variable AMENT_PREFIX_PATH doesn't exist
[0.470s] WARNING:colcon.colcon_ros.prefix_path.catkin:The path '/home/hoang/ros2_ws/install/robot_6dof' in the environment variable CMAKE_PREFIX_PATH doesn't exist
[0.473s] DEBUG:colcon.colcon_installed_package_information.package_discovery:Found 3 installed packages in /home/hoang/ros2_ws1/install
[0.476s] DEBUG:colcon.colcon_installed_package_information.package_discovery:Found 360 installed packages in /opt/ros/jazzy
[0.477s] Level 1:colcon.colcon_core.package_discovery:discover_packages(prefix_path) using defaults
[0.550s] Level 5:colcon.colcon_core.verb:set package 'robot_6dof' build argument 'cmake_args' from command line to 'None'
[0.550s] Level 5:colcon.colcon_core.verb:set package 'robot_6dof' build argument 'cmake_target' from command line to 'None'
[0.550s] Level 5:colcon.colcon_core.verb:set package 'robot_6dof' build argument 'cmake_target_skip_unavailable' from command line to 'False'
[0.550s] Level 5:colcon.colcon_core.verb:set package 'robot_6dof' build argument 'cmake_clean_cache' from command line to 'False'
[0.550s] Level 5:colcon.colcon_core.verb:set package 'robot_6dof' build argument 'cmake_clean_first' from command line to 'False'
[0.550s] Level 5:colcon.colcon_core.verb:set package 'robot_6dof' build argument 'cmake_force_configure' from command line to 'False'
[0.550s] Level 5:colcon.colcon_core.verb:set package 'robot_6dof' build argument 'ament_cmake_args' from command line to 'None'
[0.550s] Level 5:colcon.colcon_core.verb:set package 'robot_6dof' build argument 'catkin_cmake_args' from command line to 'None'
[0.550s] Level 5:colcon.colcon_core.verb:set package 'robot_6dof' build argument 'catkin_skip_building_tests' from command line to 'False'
[0.550s] DEBUG:colcon.colcon_core.verb:Building package 'robot_6dof' with the following arguments: {'ament_cmake_args': None, 'build_base': '/home/hoang/ros2_ws1/build/robot_6dof', 'catkin_cmake_args': None, 'catkin_skip_building_tests': False, 'cmake_args': None, 'cmake_clean_cache': False, 'cmake_clean_first': False, 'cmake_force_configure': False, 'cmake_target': None, 'cmake_target_skip_unavailable': False, 'install_base': '/home/hoang/ros2_ws1/install/robot_6dof', 'merge_install': False, 'path': '/home/hoang/ros2_ws1/src/robot_6dof', 'symlink_install': True, 'test_result_base': None}
[0.551s] Level 5:colcon.colcon_core.verb:set package 'robot_6dof_moveit_config1' build argument 'cmake_args' from command line to 'None'
[0.551s] Level 5:colcon.colcon_core.verb:set package 'robot_6dof_moveit_config1' build argument 'cmake_target' from command line to 'None'
[0.551s] Level 5:colcon.colcon_core.verb:set package 'robot_6dof_moveit_config1' build argument 'cmake_target_skip_unavailable' from command line to 'False'
[0.551s] Level 5:colcon.colcon_core.verb:set package 'robot_6dof_moveit_config1' build argument 'cmake_clean_cache' from command line to 'False'
[0.551s] Level 5:colcon.colcon_core.verb:set package 'robot_6dof_moveit_config1' build argument 'cmake_clean_first' from command line to 'False'
[0.551s] Level 5:colcon.colcon_core.verb:set package 'robot_6dof_moveit_config1' build argument 'cmake_force_configure' from command line to 'False'
[0.551s] Level 5:colcon.colcon_core.verb:set package 'robot_6dof_moveit_config1' build argument 'ament_cmake_args' from command line to 'None'
[0.551s] Level 5:colcon.colcon_core.verb:set package 'robot_6dof_moveit_config1' build argument 'catkin_cmake_args' from command line to 'None'
[0.551s] Level 5:colcon.colcon_core.verb:set package 'robot_6dof_moveit_config1' build argument 'catkin_skip_building_tests' from command line to 'False'
[0.551s] DEBUG:colcon.colcon_core.verb:Building package 'robot_6dof_moveit_config1' with the following arguments: {'ament_cmake_args': None, 'build_base': '/home/hoang/ros2_ws1/build/robot_6dof_moveit_config1', 'catkin_cmake_args': None, 'catkin_skip_building_tests': False, 'cmake_args': None, 'cmake_clean_cache': False, 'cmake_clean_first': False, 'cmake_force_configure': False, 'cmake_target': None, 'cmake_target_skip_unavailable': False, 'install_base': '/home/hoang/ros2_ws1/install/robot_6dof_moveit_config1', 'merge_install': False, 'path': '/home/hoang/ros2_ws1/src/robot_6dof_moveit_config1', 'symlink_install': True, 'test_result_base': None}
[0.551s] Level 5:colcon.colcon_core.verb:set package 'robot_6dof_moveit_config2' build argument 'cmake_args' from command line to 'None'
[0.552s] Level 5:colcon.colcon_core.verb:set package 'robot_6dof_moveit_config2' build argument 'cmake_target' from command line to 'None'
[0.552s] Level 5:colcon.colcon_core.verb:set package 'robot_6dof_moveit_config2' build argument 'cmake_target_skip_unavailable' from command line to 'False'
[0.552s] Level 5:colcon.colcon_core.verb:set package 'robot_6dof_moveit_config2' build argument 'cmake_clean_cache' from command line to 'False'
[0.552s] Level 5:colcon.colcon_core.verb:set package 'robot_6dof_moveit_config2' build argument 'cmake_clean_first' from command line to 'False'
[0.552s] Level 5:colcon.colcon_core.verb:set package 'robot_6dof_moveit_config2' build argument 'cmake_force_configure' from command line to 'False'
[0.552s] Level 5:colcon.colcon_core.verb:set package 'robot_6dof_moveit_config2' build argument 'ament_cmake_args' from command line to 'None'
[0.552s] Level 5:colcon.colcon_core.verb:set package 'robot_6dof_moveit_config2' build argument 'catkin_cmake_args' from command line to 'None'
[0.552s] Level 5:colcon.colcon_core.verb:set package 'robot_6dof_moveit_config2' build argument 'catkin_skip_building_tests' from command line to 'False'
[0.552s] DEBUG:colcon.colcon_core.verb:Building package 'robot_6dof_moveit_config2' with the following arguments: {'ament_cmake_args': None, 'build_base': '/home/hoang/ros2_ws1/build/robot_6dof_moveit_config2', 'catkin_cmake_args': None, 'catkin_skip_building_tests': False, 'cmake_args': None, 'cmake_clean_cache': False, 'cmake_clean_first': False, 'cmake_force_configure': False, 'cmake_target': None, 'cmake_target_skip_unavailable': False, 'install_base': '/home/hoang/ros2_ws1/install/robot_6dof_moveit_config2', 'merge_install': False, 'path': '/home/hoang/ros2_ws1/src/robot_6dof_moveit_config2', 'symlink_install': True, 'test_result_base': None}
[0.552s] INFO:colcon.colcon_core.executor:Executing jobs using 'parallel' executor
[0.554s] DEBUG:colcon.colcon_parallel_executor.executor.parallel:run_until_complete
[0.554s] INFO:colcon.colcon_ros.task.ament_cmake.build:Building ROS package in '/home/hoang/ros2_ws1/src/robot_6dof' with build type 'ament_cmake'
[0.554s] INFO:colcon.colcon_cmake.task.cmake.build:Building CMake package in '/home/hoang/ros2_ws1/src/robot_6dof'
[0.563s] INFO:colcon.colcon_core.plugin_system:Skipping extension 'colcon_core.shell.bat': Not used on non-Windows systems
[0.564s] INFO:colcon.colcon_core.shell:Skip shell extension 'powershell' for command environment: Not usable outside of PowerShell
[0.564s] DEBUG:colcon.colcon_core.shell:Skip shell extension 'dsv' for command environment
[0.613s] DEBUG:colcon.colcon_core.event_handler.log_command:Invoking command in '/home/hoang/ros2_ws1/build/robot_6dof': CMAKE_PREFIX_PATH=${CMAKE_PREFIX_PATH}:/opt/ros/jazzy DEBUGINFOD_URLS=https://debuginfod.ubuntu.com /usr/bin/cmake /home/hoang/ros2_ws1/src/robot_6dof -DAMENT_CMAKE_SYMLINK_INSTALL=1 -DCMAKE_INSTALL_PREFIX=/home/hoang/ros2_ws1/install/robot_6dof
[1.339s] DEBUG:colcon.colcon_core.event_handler.log_command:Invoked command in '/home/hoang/ros2_ws1/build/robot_6dof' returned '0': CMAKE_PREFIX_PATH=${CMAKE_PREFIX_PATH}:/opt/ros/jazzy DEBUGINFOD_URLS=https://debuginfod.ubuntu.com /usr/bin/cmake /home/hoang/ros2_ws1/src/robot_6dof -DAMENT_CMAKE_SYMLINK_INSTALL=1 -DCMAKE_INSTALL_PREFIX=/home/hoang/ros2_ws1/install/robot_6dof
[1.341s] DEBUG:colcon.colcon_core.event_handler.log_command:Invoking command in '/home/hoang/ros2_ws1/build/robot_6dof': CMAKE_PREFIX_PATH=${CMAKE_PREFIX_PATH}:/opt/ros/jazzy DEBUGINFOD_URLS=https://debuginfod.ubuntu.com /usr/bin/cmake --build /home/hoang/ros2_ws1/build/robot_6dof -- -j12 -l12
[1.441s] DEBUG:colcon.colcon_core.event_handler.log_command:Invoked command in '/home/hoang/ros2_ws1/build/robot_6dof' returned '0': CMAKE_PREFIX_PATH=${CMAKE_PREFIX_PATH}:/opt/ros/jazzy DEBUGINFOD_URLS=https://debuginfod.ubuntu.com /usr/bin/cmake --build /home/hoang/ros2_ws1/build/robot_6dof -- -j12 -l12
[1.463s] DEBUG:colcon.colcon_core.event_handler.log_command:Invoking command in '/home/hoang/ros2_ws1/build/robot_6dof': CMAKE_PREFIX_PATH=${CMAKE_PREFIX_PATH}:/opt/ros/jazzy DEBUGINFOD_URLS=https://debuginfod.ubuntu.com /usr/bin/cmake --install /home/hoang/ros2_ws1/build/robot_6dof
[2.216s] Level 1:colcon.colcon_core.environment:create_environment_scripts_only(robot_6dof)
[2.217s] DEBUG:colcon.colcon_core.event_handler.log_command:Invoked command in '/home/hoang/ros2_ws1/build/robot_6dof' returned '0': CMAKE_PREFIX_PATH=${CMAKE_PREFIX_PATH}:/opt/ros/jazzy DEBUGINFOD_URLS=https://debuginfod.ubuntu.com /usr/bin/cmake --install /home/hoang/ros2_ws1/build/robot_6dof
[2.227s] Level 1:colcon.colcon_core.environment:checking '/home/hoang/ros2_ws1/install/robot_6dof' for CMake module files
[2.229s] Level 1:colcon.colcon_core.environment:checking '/home/hoang/ros2_ws1/install/robot_6dof' for CMake config files
[2.230s] Level 1:colcon.colcon_core.shell:create_environment_hook('robot_6dof', 'cmake_prefix_path')
[2.230s] INFO:colcon.colcon_core.shell:Creating environment hook '/home/hoang/ros2_ws1/install/robot_6dof/share/robot_6dof/hook/cmake_prefix_path.ps1'
[2.231s] INFO:colcon.colcon_core.shell:Creating environment descriptor '/home/hoang/ros2_ws1/install/robot_6dof/share/robot_6dof/hook/cmake_prefix_path.dsv'
[2.232s] INFO:colcon.colcon_core.shell:Creating environment hook '/home/hoang/ros2_ws1/install/robot_6dof/share/robot_6dof/hook/cmake_prefix_path.sh'
[2.234s] Level 1:colcon.colcon_core.environment:checking '/home/hoang/ros2_ws1/install/robot_6dof/bin'
[2.234s] Level 1:colcon.colcon_core.environment:checking '/home/hoang/ros2_ws1/install/robot_6dof/lib/pkgconfig/robot_6dof.pc'
[2.234s] Level 1:colcon.colcon_core.environment:checking '/home/hoang/ros2_ws1/install/robot_6dof/lib/python3.12/site-packages'
[2.235s] Level 1:colcon.colcon_core.environment:checking '/home/hoang/ros2_ws1/install/robot_6dof/bin'
[2.236s] INFO:colcon.colcon_core.shell:Creating package script '/home/hoang/ros2_ws1/install/robot_6dof/share/robot_6dof/package.ps1'
[2.237s] INFO:colcon.colcon_core.shell:Creating package descriptor '/home/hoang/ros2_ws1/install/robot_6dof/share/robot_6dof/package.dsv'
[2.238s] INFO:colcon.colcon_core.shell:Creating package script '/home/hoang/ros2_ws1/install/robot_6dof/share/robot_6dof/package.sh'
[2.240s] INFO:colcon.colcon_core.shell:Creating package script '/home/hoang/ros2_ws1/install/robot_6dof/share/robot_6dof/package.bash'
[2.241s] INFO:colcon.colcon_core.shell:Creating package script '/home/hoang/ros2_ws1/install/robot_6dof/share/robot_6dof/package.zsh'
[2.242s] Level 1:colcon.colcon_core.environment:create_file_with_runtime_dependencies(/home/hoang/ros2_ws1/install/robot_6dof/share/colcon-core/packages/robot_6dof)
[2.243s] Level 1:colcon.colcon_core.environment:create_environment_scripts_only(robot_6dof)
[2.243s] Level 1:colcon.colcon_core.environment:checking '/home/hoang/ros2_ws1/install/robot_6dof' for CMake module files
[2.245s] Level 1:colcon.colcon_core.environment:checking '/home/hoang/ros2_ws1/install/robot_6dof' for CMake config files
[2.245s] Level 1:colcon.colcon_core.shell:create_environment_hook('robot_6dof', 'cmake_prefix_path')
[2.246s] INFO:colcon.colcon_core.shell:Creating environment hook '/home/hoang/ros2_ws1/install/robot_6dof/share/robot_6dof/hook/cmake_prefix_path.ps1'
[2.269s] INFO:colcon.colcon_core.shell:Creating environment descriptor '/home/hoang/ros2_ws1/install/robot_6dof/share/robot_6dof/hook/cmake_prefix_path.dsv'
[2.270s] INFO:colcon.colcon_core.shell:Creating environment hook '/home/hoang/ros2_ws1/install/robot_6dof/share/robot_6dof/hook/cmake_prefix_path.sh'
[2.272s] Level 1:colcon.colcon_core.environment:checking '/home/hoang/ros2_ws1/install/robot_6dof/bin'
[2.272s] Level 1:colcon.colcon_core.environment:checking '/home/hoang/ros2_ws1/install/robot_6dof/lib/pkgconfig/robot_6dof.pc'
[2.272s] Level 1:colcon.colcon_core.environment:checking '/home/hoang/ros2_ws1/install/robot_6dof/lib/python3.12/site-packages'
[2.273s] Level 1:colcon.colcon_core.environment:checking '/home/hoang/ros2_ws1/install/robot_6dof/bin'
[2.273s] INFO:colcon.colcon_core.shell:Creating package script '/home/hoang/ros2_ws1/install/robot_6dof/share/robot_6dof/package.ps1'
[2.274s] INFO:colcon.colcon_core.shell:Creating package descriptor '/home/hoang/ros2_ws1/install/robot_6dof/share/robot_6dof/package.dsv'
[2.275s] INFO:colcon.colcon_core.shell:Creating package script '/home/hoang/ros2_ws1/install/robot_6dof/share/robot_6dof/package.sh'
[2.276s] INFO:colcon.colcon_core.shell:Creating package script '/home/hoang/ros2_ws1/install/robot_6dof/share/robot_6dof/package.bash'
[2.277s] INFO:colcon.colcon_core.shell:Creating package script '/home/hoang/ros2_ws1/install/robot_6dof/share/robot_6dof/package.zsh'
[2.278s] Level 1:colcon.colcon_core.environment:create_file_with_runtime_dependencies(/home/hoang/ros2_ws1/install/robot_6dof/share/colcon-core/packages/robot_6dof)
[2.279s] INFO:colcon.colcon_ros.task.ament_cmake.build:Building ROS package in '/home/hoang/ros2_ws1/src/robot_6dof_moveit_config1' with build type 'ament_cmake'
[2.279s] INFO:colcon.colcon_cmake.task.cmake.build:Building CMake package in '/home/hoang/ros2_ws1/src/robot_6dof_moveit_config1'
[2.279s] INFO:colcon.colcon_core.shell:Skip shell extension 'powershell' for command environment: Not usable outside of PowerShell
[2.280s] DEBUG:colcon.colcon_core.shell:Skip shell extension 'dsv' for command environment
[2.290s] INFO:colcon.colcon_ros.task.ament_cmake.build:Building ROS package in '/home/hoang/ros2_ws1/src/robot_6dof_moveit_config2' with build type 'ament_cmake'
[2.290s] INFO:colcon.colcon_cmake.task.cmake.build:Building CMake package in '/home/hoang/ros2_ws1/src/robot_6dof_moveit_config2'
[2.291s] INFO:colcon.colcon_core.shell:Skip shell extension 'powershell' for command environment: Not usable outside of PowerShell
[2.291s] DEBUG:colcon.colcon_core.shell:Skip shell extension 'dsv' for command environment
[2.307s] DEBUG:colcon.colcon_core.event_handler.log_command:Invoking command in '/home/hoang/ros2_ws1/build/robot_6dof_moveit_config1': CMAKE_PREFIX_PATH=/home/hoang/ros2_ws1/install/robot_6dof:/home/hoang/ros2_ws/install/robot_6dof:/home/hoang/ros2_ws1/install/robot_6dof_moveit_config2:/home/hoang/ros2_ws1/install/robot_6dof_moveit_config1:/opt/ros/jazzy/opt/gz_launch_vendor:/opt/ros/jazzy/opt/gz_sim_vendor:/opt/ros/jazzy/opt/gz_sensors_vendor:/opt/ros/jazzy/opt/gz_physics_vendor:/opt/ros/jazzy/opt/sdformat_vendor:/opt/ros/jazzy/opt/gz_gui_vendor:/opt/ros/jazzy/opt/gz_transport_vendor:/opt/ros/jazzy/opt/gz_rendering_vendor:/opt/ros/jazzy/opt/gz_plugin_vendor:/opt/ros/jazzy/opt/gz_fuel_tools_vendor:/opt/ros/jazzy/opt/gz_msgs_vendor:/opt/ros/jazzy/opt/gz_common_vendor:/opt/ros/jazzy/opt/gz_math_vendor:/opt/ros/jazzy/opt/gz_utils_vendor:/opt/ros/jazzy/opt/gz_tools_vendor:/opt/ros/jazzy/opt/gz_ogre_next_vendor:/opt/ros/jazzy/opt/gz_dartsim_vendor:/opt/ros/jazzy/opt/gz_cmake_vendor:/opt/ros/jazzy DEBUGINFOD_URLS=https://debuginfod.ubuntu.com /usr/bin/cmake /home/hoang/ros2_ws1/src/robot_6dof_moveit_config1 -DAMENT_CMAKE_SYMLINK_INSTALL=1 -DCMAKE_INSTALL_PREFIX=/home/hoang/ros2_ws1/install/robot_6dof_moveit_config1
[2.314s] DEBUG:colcon.colcon_core.event_handler.log_command:Invoking command in '/home/hoang/ros2_ws1/build/robot_6dof_moveit_config2': CMAKE_PREFIX_PATH=/home/hoang/ros2_ws1/install/robot_6dof:/home/hoang/ros2_ws/install/robot_6dof:/home/hoang/ros2_ws1/install/robot_6dof_moveit_config2:/home/hoang/ros2_ws1/install/robot_6dof_moveit_config1:/opt/ros/jazzy/opt/gz_launch_vendor:/opt/ros/jazzy/opt/gz_sim_vendor:/opt/ros/jazzy/opt/gz_sensors_vendor:/opt/ros/jazzy/opt/gz_physics_vendor:/opt/ros/jazzy/opt/sdformat_vendor:/opt/ros/jazzy/opt/gz_gui_vendor:/opt/ros/jazzy/opt/gz_transport_vendor:/opt/ros/jazzy/opt/gz_rendering_vendor:/opt/ros/jazzy/opt/gz_plugin_vendor:/opt/ros/jazzy/opt/gz_fuel_tools_vendor:/opt/ros/jazzy/opt/gz_msgs_vendor:/opt/ros/jazzy/opt/gz_common_vendor:/opt/ros/jazzy/opt/gz_math_vendor:/opt/ros/jazzy/opt/gz_utils_vendor:/opt/ros/jazzy/opt/gz_tools_vendor:/opt/ros/jazzy/opt/gz_ogre_next_vendor:/opt/ros/jazzy/opt/gz_dartsim_vendor:/opt/ros/jazzy/opt/gz_cmake_vendor:/opt/ros/jazzy DEBUGINFOD_URLS=https://debuginfod.ubuntu.com /usr/bin/cmake /home/hoang/ros2_ws1/src/robot_6dof_moveit_config2 -DAMENT_CMAKE_SYMLINK_INSTALL=1 -DCMAKE_INSTALL_PREFIX=/home/hoang/ros2_ws1/install/robot_6dof_moveit_config2
[2.893s] DEBUG:colcon.colcon_core.event_handler.log_command:Invoked command in '/home/hoang/ros2_ws1/build/robot_6dof_moveit_config1' returned '0': CMAKE_PREFIX_PATH=/home/hoang/ros2_ws1/install/robot_6dof:/home/hoang/ros2_ws/install/robot_6dof:/home/hoang/ros2_ws1/install/robot_6dof_moveit_config2:/home/hoang/ros2_ws1/install/robot_6dof_moveit_config1:/opt/ros/jazzy/opt/gz_launch_vendor:/opt/ros/jazzy/opt/gz_sim_vendor:/opt/ros/jazzy/opt/gz_sensors_vendor:/opt/ros/jazzy/opt/gz_physics_vendor:/opt/ros/jazzy/opt/sdformat_vendor:/opt/ros/jazzy/opt/gz_gui_vendor:/opt/ros/jazzy/opt/gz_transport_vendor:/opt/ros/jazzy/opt/gz_rendering_vendor:/opt/ros/jazzy/opt/gz_plugin_vendor:/opt/ros/jazzy/opt/gz_fuel_tools_vendor:/opt/ros/jazzy/opt/gz_msgs_vendor:/opt/ros/jazzy/opt/gz_common_vendor:/opt/ros/jazzy/opt/gz_math_vendor:/opt/ros/jazzy/opt/gz_utils_vendor:/opt/ros/jazzy/opt/gz_tools_vendor:/opt/ros/jazzy/opt/gz_ogre_next_vendor:/opt/ros/jazzy/opt/gz_dartsim_vendor:/opt/ros/jazzy/opt/gz_cmake_vendor:/opt/ros/jazzy DEBUGINFOD_URLS=https://debuginfod.ubuntu.com /usr/bin/cmake /home/hoang/ros2_ws1/src/robot_6dof_moveit_config1 -DAMENT_CMAKE_SYMLINK_INSTALL=1 -DCMAKE_INSTALL_PREFIX=/home/hoang/ros2_ws1/install/robot_6dof_moveit_config1
[2.896s] DEBUG:colcon.colcon_core.event_handler.log_command:Invoking command in '/home/hoang/ros2_ws1/build/robot_6dof_moveit_config1': CMAKE_PREFIX_PATH=/home/hoang/ros2_ws1/install/robot_6dof:/home/hoang/ros2_ws/install/robot_6dof:/home/hoang/ros2_ws1/install/robot_6dof_moveit_config2:/home/hoang/ros2_ws1/install/robot_6dof_moveit_config1:/opt/ros/jazzy/opt/gz_launch_vendor:/opt/ros/jazzy/opt/gz_sim_vendor:/opt/ros/jazzy/opt/gz_sensors_vendor:/opt/ros/jazzy/opt/gz_physics_vendor:/opt/ros/jazzy/opt/sdformat_vendor:/opt/ros/jazzy/opt/gz_gui_vendor:/opt/ros/jazzy/opt/gz_transport_vendor:/opt/ros/jazzy/opt/gz_rendering_vendor:/opt/ros/jazzy/opt/gz_plugin_vendor:/opt/ros/jazzy/opt/gz_fuel_tools_vendor:/opt/ros/jazzy/opt/gz_msgs_vendor:/opt/ros/jazzy/opt/gz_common_vendor:/opt/ros/jazzy/opt/gz_math_vendor:/opt/ros/jazzy/opt/gz_utils_vendor:/opt/ros/jazzy/opt/gz_tools_vendor:/opt/ros/jazzy/opt/gz_ogre_next_vendor:/opt/ros/jazzy/opt/gz_dartsim_vendor:/opt/ros/jazzy/opt/gz_cmake_vendor:/opt/ros/jazzy DEBUGINFOD_URLS=https://debuginfod.ubuntu.com /usr/bin/cmake --build /home/hoang/ros2_ws1/build/robot_6dof_moveit_config1 -- -j12 -l12
[2.900s] DEBUG:colcon.colcon_core.event_handler.log_command:Invoked command in '/home/hoang/ros2_ws1/build/robot_6dof_moveit_config2' returned '0': CMAKE_PREFIX_PATH=/home/hoang/ros2_ws1/install/robot_6dof:/home/hoang/ros2_ws/install/robot_6dof:/home/hoang/ros2_ws1/install/robot_6dof_moveit_config2:/home/hoang/ros2_ws1/install/robot_6dof_moveit_config1:/opt/ros/jazzy/opt/gz_launch_vendor:/opt/ros/jazzy/opt/gz_sim_vendor:/opt/ros/jazzy/opt/gz_sensors_vendor:/opt/ros/jazzy/opt/gz_physics_vendor:/opt/ros/jazzy/opt/sdformat_vendor:/opt/ros/jazzy/opt/gz_gui_vendor:/opt/ros/jazzy/opt/gz_transport_vendor:/opt/ros/jazzy/opt/gz_rendering_vendor:/opt/ros/jazzy/opt/gz_plugin_vendor:/opt/ros/jazzy/opt/gz_fuel_tools_vendor:/opt/ros/jazzy/opt/gz_msgs_vendor:/opt/ros/jazzy/opt/gz_common_vendor:/opt/ros/jazzy/opt/gz_math_vendor:/opt/ros/jazzy/opt/gz_utils_vendor:/opt/ros/jazzy/opt/gz_tools_vendor:/opt/ros/jazzy/opt/gz_ogre_next_vendor:/opt/ros/jazzy/opt/gz_dartsim_vendor:/opt/ros/jazzy/opt/gz_cmake_vendor:/opt/ros/jazzy DEBUGINFOD_URLS=https://debuginfod.ubuntu.com /usr/bin/cmake /home/hoang/ros2_ws1/src/robot_6dof_moveit_config2 -DAMENT_CMAKE_SYMLINK_INSTALL=1 -DCMAKE_INSTALL_PREFIX=/home/hoang/ros2_ws1/install/robot_6dof_moveit_config2
[2.902s] DEBUG:colcon.colcon_core.event_handler.log_command:Invoking command in '/home/hoang/ros2_ws1/build/robot_6dof_moveit_config2': CMAKE_PREFIX_PATH=/home/hoang/ros2_ws1/install/robot_6dof:/home/hoang/ros2_ws/install/robot_6dof:/home/hoang/ros2_ws1/install/robot_6dof_moveit_config2:/home/hoang/ros2_ws1/install/robot_6dof_moveit_config1:/opt/ros/jazzy/opt/gz_launch_vendor:/opt/ros/jazzy/opt/gz_sim_vendor:/opt/ros/jazzy/opt/gz_sensors_vendor:/opt/ros/jazzy/opt/gz_physics_vendor:/opt/ros/jazzy/opt/sdformat_vendor:/opt/ros/jazzy/opt/gz_gui_vendor:/opt/ros/jazzy/opt/gz_transport_vendor:/opt/ros/jazzy/opt/gz_rendering_vendor:/opt/ros/jazzy/opt/gz_plugin_vendor:/opt/ros/jazzy/opt/gz_fuel_tools_vendor:/opt/ros/jazzy/opt/gz_msgs_vendor:/opt/ros/jazzy/opt/gz_common_vendor:/opt/ros/jazzy/opt/gz_math_vendor:/opt/ros/jazzy/opt/gz_utils_vendor:/opt/ros/jazzy/opt/gz_tools_vendor:/opt/ros/jazzy/opt/gz_ogre_next_vendor:/opt/ros/jazzy/opt/gz_dartsim_vendor:/opt/ros/jazzy/opt/gz_cmake_vendor:/opt/ros/jazzy DEBUGINFOD_URLS=https://debuginfod.ubuntu.com /usr/bin/cmake --build /home/hoang/ros2_ws1/build/robot_6dof_moveit_config2 -- -j12 -l12
[2.973s] DEBUG:colcon.colcon_core.event_handler.log_command:Invoked command in '/home/hoang/ros2_ws1/build/robot_6dof_moveit_config1' returned '0': CMAKE_PREFIX_PATH=/home/hoang/ros2_ws1/install/robot_6dof:/home/hoang/ros2_ws/install/robot_6dof:/home/hoang/ros2_ws1/install/robot_6dof_moveit_config2:/home/hoang/ros2_ws1/install/robot_6dof_moveit_config1:/opt/ros/jazzy/opt/gz_launch_vendor:/opt/ros/jazzy/opt/gz_sim_vendor:/opt/ros/jazzy/opt/gz_sensors_vendor:/opt/ros/jazzy/opt/gz_physics_vendor:/opt/ros/jazzy/opt/sdformat_vendor:/opt/ros/jazzy/opt/gz_gui_vendor:/opt/ros/jazzy/opt/gz_transport_vendor:/opt/ros/jazzy/opt/gz_rendering_vendor:/opt/ros/jazzy/opt/gz_plugin_vendor:/opt/ros/jazzy/opt/gz_fuel_tools_vendor:/opt/ros/jazzy/opt/gz_msgs_vendor:/opt/ros/jazzy/opt/gz_common_vendor:/opt/ros/jazzy/opt/gz_math_vendor:/opt/ros/jazzy/opt/gz_utils_vendor:/opt/ros/jazzy/opt/gz_tools_vendor:/opt/ros/jazzy/opt/gz_ogre_next_vendor:/opt/ros/jazzy/opt/gz_dartsim_vendor:/opt/ros/jazzy/opt/gz_cmake_vendor:/opt/ros/jazzy DEBUGINFOD_URLS=https://debuginfod.ubuntu.com /usr/bin/cmake --build /home/hoang/ros2_ws1/build/robot_6dof_moveit_config1 -- -j12 -l12
[2.976s] DEBUG:colcon.colcon_core.event_handler.log_command:Invoking command in '/home/hoang/ros2_ws1/build/robot_6dof_moveit_config1': CMAKE_PREFIX_PATH=/home/hoang/ros2_ws1/install/robot_6dof:/home/hoang/ros2_ws/install/robot_6dof:/home/hoang/ros2_ws1/install/robot_6dof_moveit_config2:/home/hoang/ros2_ws1/install/robot_6dof_moveit_config1:/opt/ros/jazzy/opt/gz_launch_vendor:/opt/ros/jazzy/opt/gz_sim_vendor:/opt/ros/jazzy/opt/gz_sensors_vendor:/opt/ros/jazzy/opt/gz_physics_vendor:/opt/ros/jazzy/opt/sdformat_vendor:/opt/ros/jazzy/opt/gz_gui_vendor:/opt/ros/jazzy/opt/gz_transport_vendor:/opt/ros/jazzy/opt/gz_rendering_vendor:/opt/ros/jazzy/opt/gz_plugin_vendor:/opt/ros/jazzy/opt/gz_fuel_tools_vendor:/opt/ros/jazzy/opt/gz_msgs_vendor:/opt/ros/jazzy/opt/gz_common_vendor:/opt/ros/jazzy/opt/gz_math_vendor:/opt/ros/jazzy/opt/gz_utils_vendor:/opt/ros/jazzy/opt/gz_tools_vendor:/opt/ros/jazzy/opt/gz_ogre_next_vendor:/opt/ros/jazzy/opt/gz_dartsim_vendor:/opt/ros/jazzy/opt/gz_cmake_vendor:/opt/ros/jazzy DEBUGINFOD_URLS=https://debuginfod.ubuntu.com /usr/bin/cmake --install /home/hoang/ros2_ws1/build/robot_6dof_moveit_config1
[2.982s] DEBUG:colcon.colcon_core.event_handler.log_command:Invoked command in '/home/hoang/ros2_ws1/build/robot_6dof_moveit_config2' returned '0': CMAKE_PREFIX_PATH=/home/hoang/ros2_ws1/install/robot_6dof:/home/hoang/ros2_ws/install/robot_6dof:/home/hoang/ros2_ws1/install/robot_6dof_moveit_config2:/home/hoang/ros2_ws1/install/robot_6dof_moveit_config1:/opt/ros/jazzy/opt/gz_launch_vendor:/opt/ros/jazzy/opt/gz_sim_vendor:/opt/ros/jazzy/opt/gz_sensors_vendor:/opt/ros/jazzy/opt/gz_physics_vendor:/opt/ros/jazzy/opt/sdformat_vendor:/opt/ros/jazzy/opt/gz_gui_vendor:/opt/ros/jazzy/opt/gz_transport_vendor:/opt/ros/jazzy/opt/gz_rendering_vendor:/opt/ros/jazzy/opt/gz_plugin_vendor:/opt/ros/jazzy/opt/gz_fuel_tools_vendor:/opt/ros/jazzy/opt/gz_msgs_vendor:/opt/ros/jazzy/opt/gz_common_vendor:/opt/ros/jazzy/opt/gz_math_vendor:/opt/ros/jazzy/opt/gz_utils_vendor:/opt/ros/jazzy/opt/gz_tools_vendor:/opt/ros/jazzy/opt/gz_ogre_next_vendor:/opt/ros/jazzy/opt/gz_dartsim_vendor:/opt/ros/jazzy/opt/gz_cmake_vendor:/opt/ros/jazzy DEBUGINFOD_URLS=https://debuginfod.ubuntu.com /usr/bin/cmake --build /home/hoang/ros2_ws1/build/robot_6dof_moveit_config2 -- -j12 -l12
[2.984s] DEBUG:colcon.colcon_core.event_handler.log_command:Invoking command in '/home/hoang/ros2_ws1/build/robot_6dof_moveit_config2': CMAKE_PREFIX_PATH=/home/hoang/ros2_ws1/install/robot_6dof:/home/hoang/ros2_ws/install/robot_6dof:/home/hoang/ros2_ws1/install/robot_6dof_moveit_config2:/home/hoang/ros2_ws1/install/robot_6dof_moveit_config1:/opt/ros/jazzy/opt/gz_launch_vendor:/opt/ros/jazzy/opt/gz_sim_vendor:/opt/ros/jazzy/opt/gz_sensors_vendor:/opt/ros/jazzy/opt/gz_physics_vendor:/opt/ros/jazzy/opt/sdformat_vendor:/opt/ros/jazzy/opt/gz_gui_vendor:/opt/ros/jazzy/opt/gz_transport_vendor:/opt/ros/jazzy/opt/gz_rendering_vendor:/opt/ros/jazzy/opt/gz_plugin_vendor:/opt/ros/jazzy/opt/gz_fuel_tools_vendor:/opt/ros/jazzy/opt/gz_msgs_vendor:/opt/ros/jazzy/opt/gz_common_vendor:/opt/ros/jazzy/opt/gz_math_vendor:/opt/ros/jazzy/opt/gz_utils_vendor:/opt/ros/jazzy/opt/gz_tools_vendor:/opt/ros/jazzy/opt/gz_ogre_next_vendor:/opt/ros/jazzy/opt/gz_dartsim_vendor:/opt/ros/jazzy/opt/gz_cmake_vendor:/opt/ros/jazzy DEBUGINFOD_URLS=https://debuginfod.ubuntu.com /usr/bin/cmake --install /home/hoang/ros2_ws1/build/robot_6dof_moveit_config2
[3.647s] Level 1:colcon.colcon_core.environment:create_environment_scripts_only(robot_6dof_moveit_config2)
[3.647s] Level 1:colcon.colcon_core.environment:checking '/home/hoang/ros2_ws1/install/robot_6dof_moveit_config2' for CMake module files
[3.649s] DEBUG:colcon.colcon_core.event_handler.log_command:Invoked command in '/home/hoang/ros2_ws1/build/robot_6dof_moveit_config2' returned '0': CMAKE_PREFIX_PATH=/home/hoang/ros2_ws1/install/robot_6dof:/home/hoang/ros2_ws/install/robot_6dof:/home/hoang/ros2_ws1/install/robot_6dof_moveit_config2:/home/hoang/ros2_ws1/install/robot_6dof_moveit_config1:/opt/ros/jazzy/opt/gz_launch_vendor:/opt/ros/jazzy/opt/gz_sim_vendor:/opt/ros/jazzy/opt/gz_sensors_vendor:/opt/ros/jazzy/opt/gz_physics_vendor:/opt/ros/jazzy/opt/sdformat_vendor:/opt/ros/jazzy/opt/gz_gui_vendor:/opt/ros/jazzy/opt/gz_transport_vendor:/opt/ros/jazzy/opt/gz_rendering_vendor:/opt/ros/jazzy/opt/gz_plugin_vendor:/opt/ros/jazzy/opt/gz_fuel_tools_vendor:/opt/ros/jazzy/opt/gz_msgs_vendor:/opt/ros/jazzy/opt/gz_common_vendor:/opt/ros/jazzy/opt/gz_math_vendor:/opt/ros/jazzy/opt/gz_utils_vendor:/opt/ros/jazzy/opt/gz_tools_vendor:/opt/ros/jazzy/opt/gz_ogre_next_vendor:/opt/ros/jazzy/opt/gz_dartsim_vendor:/opt/ros/jazzy/opt/gz_cmake_vendor:/opt/ros/jazzy DEBUGINFOD_URLS=https://debuginfod.ubuntu.com /usr/bin/cmake --install /home/hoang/ros2_ws1/build/robot_6dof_moveit_config2
[3.649s] Level 1:colcon.colcon_core.environment:checking '/home/hoang/ros2_ws1/install/robot_6dof_moveit_config2' for CMake config files
[3.651s] Level 1:colcon.colcon_core.shell:create_environment_hook('robot_6dof_moveit_config2', 'cmake_prefix_path')
[3.652s] INFO:colcon.colcon_core.shell:Creating environment hook '/home/hoang/ros2_ws1/install/robot_6dof_moveit_config2/share/robot_6dof_moveit_config2/hook/cmake_prefix_path.ps1'
[3.652s] INFO:colcon.colcon_core.shell:Creating environment descriptor '/home/hoang/ros2_ws1/install/robot_6dof_moveit_config2/share/robot_6dof_moveit_config2/hook/cmake_prefix_path.dsv'
[3.653s] INFO:colcon.colcon_core.shell:Creating environment hook '/home/hoang/ros2_ws1/install/robot_6dof_moveit_config2/share/robot_6dof_moveit_config2/hook/cmake_prefix_path.sh'
[3.654s] Level 1:colcon.colcon_core.environment:checking '/home/hoang/ros2_ws1/install/robot_6dof_moveit_config2/bin'
[3.655s] Level 1:colcon.colcon_core.environment:checking '/home/hoang/ros2_ws1/install/robot_6dof_moveit_config2/lib/pkgconfig/robot_6dof_moveit_config2.pc'
[3.655s] Level 1:colcon.colcon_core.environment:checking '/home/hoang/ros2_ws1/install/robot_6dof_moveit_config2/lib/python3.12/site-packages'
[3.656s] Level 1:colcon.colcon_core.environment:checking '/home/hoang/ros2_ws1/install/robot_6dof_moveit_config2/bin'
[3.656s] INFO:colcon.colcon_core.shell:Creating package script '/home/hoang/ros2_ws1/install/robot_6dof_moveit_config2/share/robot_6dof_moveit_config2/package.ps1'
[3.657s] INFO:colcon.colcon_core.shell:Creating package descriptor '/home/hoang/ros2_ws1/install/robot_6dof_moveit_config2/share/robot_6dof_moveit_config2/package.dsv'
[3.658s] INFO:colcon.colcon_core.shell:Creating package script '/home/hoang/ros2_ws1/install/robot_6dof_moveit_config2/share/robot_6dof_moveit_config2/package.sh'
[3.659s] INFO:colcon.colcon_core.shell:Creating package script '/home/hoang/ros2_ws1/install/robot_6dof_moveit_config2/share/robot_6dof_moveit_config2/package.bash'
[3.660s] INFO:colcon.colcon_core.shell:Creating package script '/home/hoang/ros2_ws1/install/robot_6dof_moveit_config2/share/robot_6dof_moveit_config2/package.zsh'
[3.660s] Level 1:colcon.colcon_core.environment:create_file_with_runtime_dependencies(/home/hoang/ros2_ws1/install/robot_6dof_moveit_config2/share/colcon-core/packages/robot_6dof_moveit_config2)
[3.661s] Level 1:colcon.colcon_core.environment:create_environment_scripts_only(robot_6dof_moveit_config2)
[3.662s] Level 1:colcon.colcon_core.environment:checking '/home/hoang/ros2_ws1/install/robot_6dof_moveit_config2' for CMake module files
[3.663s] Level 1:colcon.colcon_core.environment:checking '/home/hoang/ros2_ws1/install/robot_6dof_moveit_config2' for CMake config files
[3.665s] Level 1:colcon.colcon_core.shell:create_environment_hook('robot_6dof_moveit_config2', 'cmake_prefix_path')
[3.665s] INFO:colcon.colcon_core.shell:Creating environment hook '/home/hoang/ros2_ws1/install/robot_6dof_moveit_config2/share/robot_6dof_moveit_config2/hook/cmake_prefix_path.ps1'
[3.691s] INFO:colcon.colcon_core.shell:Creating environment descriptor '/home/hoang/ros2_ws1/install/robot_6dof_moveit_config2/share/robot_6dof_moveit_config2/hook/cmake_prefix_path.dsv'
[3.692s] INFO:colcon.colcon_core.shell:Creating environment hook '/home/hoang/ros2_ws1/install/robot_6dof_moveit_config2/share/robot_6dof_moveit_config2/hook/cmake_prefix_path.sh'
[3.693s] Level 1:colcon.colcon_core.environment:checking '/home/hoang/ros2_ws1/install/robot_6dof_moveit_config2/bin'
[3.693s] Level 1:colcon.colcon_core.environment:checking '/home/hoang/ros2_ws1/install/robot_6dof_moveit_config2/lib/pkgconfig/robot_6dof_moveit_config2.pc'
[3.693s] Level 1:colcon.colcon_core.environment:checking '/home/hoang/ros2_ws1/install/robot_6dof_moveit_config2/lib/python3.12/site-packages'
[3.694s] Level 1:colcon.colcon_core.environment:checking '/home/hoang/ros2_ws1/install/robot_6dof_moveit_config2/bin'
[3.694s] INFO:colcon.colcon_core.shell:Creating package script '/home/hoang/ros2_ws1/install/robot_6dof_moveit_config2/share/robot_6dof_moveit_config2/package.ps1'
[3.695s] INFO:colcon.colcon_core.shell:Creating package descriptor '/home/hoang/ros2_ws1/install/robot_6dof_moveit_config2/share/robot_6dof_moveit_config2/package.dsv'
[3.696s] INFO:colcon.colcon_core.shell:Creating package script '/home/hoang/ros2_ws1/install/robot_6dof_moveit_config2/share/robot_6dof_moveit_config2/package.sh'
[3.696s] INFO:colcon.colcon_core.shell:Creating package script '/home/hoang/ros2_ws1/install/robot_6dof_moveit_config2/share/robot_6dof_moveit_config2/package.bash'
[3.697s] INFO:colcon.colcon_core.shell:Creating package script '/home/hoang/ros2_ws1/install/robot_6dof_moveit_config2/share/robot_6dof_moveit_config2/package.zsh'
[3.697s] Level 1:colcon.colcon_core.environment:create_file_with_runtime_dependencies(/home/hoang/ros2_ws1/install/robot_6dof_moveit_config2/share/colcon-core/packages/robot_6dof_moveit_config2)
[3.820s] Level 1:colcon.colcon_core.environment:create_environment_scripts_only(robot_6dof_moveit_config1)
[3.821s] Level 1:colcon.colcon_core.environment:checking '/home/hoang/ros2_ws1/install/robot_6dof_moveit_config1' for CMake module files
[3.822s] DEBUG:colcon.colcon_core.event_handler.log_command:Invoked command in '/home/hoang/ros2_ws1/build/robot_6dof_moveit_config1' returned '0': CMAKE_PREFIX_PATH=/home/hoang/ros2_ws1/install/robot_6dof:/home/hoang/ros2_ws/install/robot_6dof:/home/hoang/ros2_ws1/install/robot_6dof_moveit_config2:/home/hoang/ros2_ws1/install/robot_6dof_moveit_config1:/opt/ros/jazzy/opt/gz_launch_vendor:/opt/ros/jazzy/opt/gz_sim_vendor:/opt/ros/jazzy/opt/gz_sensors_vendor:/opt/ros/jazzy/opt/gz_physics_vendor:/opt/ros/jazzy/opt/sdformat_vendor:/opt/ros/jazzy/opt/gz_gui_vendor:/opt/ros/jazzy/opt/gz_transport_vendor:/opt/ros/jazzy/opt/gz_rendering_vendor:/opt/ros/jazzy/opt/gz_plugin_vendor:/opt/ros/jazzy/opt/gz_fuel_tools_vendor:/opt/ros/jazzy/opt/gz_msgs_vendor:/opt/ros/jazzy/opt/gz_common_vendor:/opt/ros/jazzy/opt/gz_math_vendor:/opt/ros/jazzy/opt/gz_utils_vendor:/opt/ros/jazzy/opt/gz_tools_vendor:/opt/ros/jazzy/opt/gz_ogre_next_vendor:/opt/ros/jazzy/opt/gz_dartsim_vendor:/opt/ros/jazzy/opt/gz_cmake_vendor:/opt/ros/jazzy DEBUGINFOD_URLS=https://debuginfod.ubuntu.com /usr/bin/cmake --install /home/hoang/ros2_ws1/build/robot_6dof_moveit_config1
[3.823s] Level 1:colcon.colcon_core.environment:checking '/home/hoang/ros2_ws1/install/robot_6dof_moveit_config1' for CMake config files
[3.824s] Level 1:colcon.colcon_core.shell:create_environment_hook('robot_6dof_moveit_config1', 'cmake_prefix_path')
[3.824s] INFO:colcon.colcon_core.shell:Creating environment hook '/home/hoang/ros2_ws1/install/robot_6dof_moveit_config1/share/robot_6dof_moveit_config1/hook/cmake_prefix_path.ps1'
[3.825s] INFO:colcon.colcon_core.shell:Creating environment descriptor '/home/hoang/ros2_ws1/install/robot_6dof_moveit_config1/share/robot_6dof_moveit_config1/hook/cmake_prefix_path.dsv'
[3.826s] INFO:colcon.colcon_core.shell:Creating environment hook '/home/hoang/ros2_ws1/install/robot_6dof_moveit_config1/share/robot_6dof_moveit_config1/hook/cmake_prefix_path.sh'
[3.827s] Level 1:colcon.colcon_core.environment:checking '/home/hoang/ros2_ws1/install/robot_6dof_moveit_config1/bin'
[3.827s] Level 1:colcon.colcon_core.environment:checking '/home/hoang/ros2_ws1/install/robot_6dof_moveit_config1/lib/pkgconfig/robot_6dof_moveit_config1.pc'
[3.828s] Level 1:colcon.colcon_core.environment:checking '/home/hoang/ros2_ws1/install/robot_6dof_moveit_config1/lib/python3.12/site-packages'
[3.828s] Level 1:colcon.colcon_core.environment:checking '/home/hoang/ros2_ws1/install/robot_6dof_moveit_config1/bin'
[3.829s] INFO:colcon.colcon_core.shell:Creating package script '/home/hoang/ros2_ws1/install/robot_6dof_moveit_config1/share/robot_6dof_moveit_config1/package.ps1'
[3.830s] INFO:colcon.colcon_core.shell:Creating package descriptor '/home/hoang/ros2_ws1/install/robot_6dof_moveit_config1/share/robot_6dof_moveit_config1/package.dsv'
[3.831s] INFO:colcon.colcon_core.shell:Creating package script '/home/hoang/ros2_ws1/install/robot_6dof_moveit_config1/share/robot_6dof_moveit_config1/package.sh'
[3.832s] INFO:colcon.colcon_core.shell:Creating package script '/home/hoang/ros2_ws1/install/robot_6dof_moveit_config1/share/robot_6dof_moveit_config1/package.bash'
[3.832s] INFO:colcon.colcon_core.shell:Creating package script '/home/hoang/ros2_ws1/install/robot_6dof_moveit_config1/share/robot_6dof_moveit_config1/package.zsh'
[3.833s] Level 1:colcon.colcon_core.environment:create_file_with_runtime_dependencies(/home/hoang/ros2_ws1/install/robot_6dof_moveit_config1/share/colcon-core/packages/robot_6dof_moveit_config1)
[3.834s] Level 1:colcon.colcon_core.environment:create_environment_scripts_only(robot_6dof_moveit_config1)
[3.834s] Level 1:colcon.colcon_core.environment:checking '/home/hoang/ros2_ws1/install/robot_6dof_moveit_config1' for CMake module files
[3.836s] Level 1:colcon.colcon_core.environment:checking '/home/hoang/ros2_ws1/install/robot_6dof_moveit_config1' for CMake config files
[3.836s] Level 1:colcon.colcon_core.shell:create_environment_hook('robot_6dof_moveit_config1', 'cmake_prefix_path')
[3.837s] INFO:colcon.colcon_core.shell:Creating environment hook '/home/hoang/ros2_ws1/install/robot_6dof_moveit_config1/share/robot_6dof_moveit_config1/hook/cmake_prefix_path.ps1'
[3.838s] INFO:colcon.colcon_core.shell:Creating environment descriptor '/home/hoang/ros2_ws1/install/robot_6dof_moveit_config1/share/robot_6dof_moveit_config1/hook/cmake_prefix_path.dsv'
[3.838s] INFO:colcon.colcon_core.shell:Creating environment hook '/home/hoang/ros2_ws1/install/robot_6dof_moveit_config1/share/robot_6dof_moveit_config1/hook/cmake_prefix_path.sh'
[3.839s] Level 1:colcon.colcon_core.environment:checking '/home/hoang/ros2_ws1/install/robot_6dof_moveit_config1/bin'
[3.840s] Level 1:colcon.colcon_core.environment:checking '/home/hoang/ros2_ws1/install/robot_6dof_moveit_config1/lib/pkgconfig/robot_6dof_moveit_config1.pc'
[3.840s] Level 1:colcon.colcon_core.environment:checking '/home/hoang/ros2_ws1/install/robot_6dof_moveit_config1/lib/python3.12/site-packages'
[3.841s] Level 1:colcon.colcon_core.environment:checking '/home/hoang/ros2_ws1/install/robot_6dof_moveit_config1/bin'
[3.841s] INFO:colcon.colcon_core.shell:Creating package script '/home/hoang/ros2_ws1/install/robot_6dof_moveit_config1/share/robot_6dof_moveit_config1/package.ps1'
[3.842s] INFO:colcon.colcon_core.shell:Creating package descriptor '/home/hoang/ros2_ws1/install/robot_6dof_moveit_config1/share/robot_6dof_moveit_config1/package.dsv'
[3.843s] INFO:colcon.colcon_core.shell:Creating package script '/home/hoang/ros2_ws1/install/robot_6dof_moveit_config1/share/robot_6dof_moveit_config1/package.sh'
[3.844s] INFO:colcon.colcon_core.shell:Creating package script '/home/hoang/ros2_ws1/install/robot_6dof_moveit_config1/share/robot_6dof_moveit_config1/package.bash'
[3.845s] INFO:colcon.colcon_core.shell:Creating package script '/home/hoang/ros2_ws1/install/robot_6dof_moveit_config1/share/robot_6dof_moveit_config1/package.zsh'
[3.846s] Level 1:colcon.colcon_core.environment:create_file_with_runtime_dependencies(/home/hoang/ros2_ws1/install/robot_6dof_moveit_config1/share/colcon-core/packages/robot_6dof_moveit_config1)
[3.847s] DEBUG:colcon.colcon_parallel_executor.executor.parallel:closing loop
[3.848s] DEBUG:colcon.colcon_parallel_executor.executor.parallel:loop closed
[3.848s] DEBUG:colcon.colcon_parallel_executor.executor.parallel:run_until_complete finished with '0'
[3.848s] DEBUG:colcon.colcon_core.event_reactor:joining thread
[3.867s] INFO:colcon.colcon_core.plugin_system:Skipping extension 'colcon_notification.desktop_notification.terminal_notifier': Not used on non-Darwin systems
[3.867s] INFO:colcon.colcon_core.plugin_system:Skipping extension 'colcon_notification.desktop_notification.win32': Not used on non-Windows systems
[3.867s] INFO:colcon.colcon_notification.desktop_notification:Sending desktop notification using 'notify2'
[3.898s] DEBUG:colcon.colcon_core.event_reactor:joined thread
[3.899s] INFO:colcon.colcon_core.shell:Creating prefix script '/home/hoang/ros2_ws1/install/local_setup.ps1'
[3.901s] INFO:colcon.colcon_core.shell:Creating prefix util module '/home/hoang/ros2_ws1/install/_local_setup_util_ps1.py'
[3.905s] INFO:colcon.colcon_core.shell:Creating prefix chain script '/home/hoang/ros2_ws1/install/setup.ps1'
[3.908s] INFO:colcon.colcon_core.shell:Creating prefix script '/home/hoang/ros2_ws1/install/local_setup.sh'
[3.910s] INFO:colcon.colcon_core.shell:Creating prefix util module '/home/hoang/ros2_ws1/install/_local_setup_util_sh.py'
[3.911s] INFO:colcon.colcon_core.shell:Creating prefix chain script '/home/hoang/ros2_ws1/install/setup.sh'
[3.914s] INFO:colcon.colcon_core.shell:Creating prefix script '/home/hoang/ros2_ws1/install/local_setup.bash'
[3.916s] INFO:colcon.colcon_core.shell:Creating prefix chain script '/home/hoang/ros2_ws1/install/setup.bash'
[3.919s] INFO:colcon.colcon_core.shell:Creating prefix script '/home/hoang/ros2_ws1/install/local_setup.zsh'
[3.920s] INFO:colcon.colcon_core.shell:Creating prefix chain script '/home/hoang/ros2_ws1/install/setup.zsh'
