-- The C compiler identification is GNU 13.3.0
-- The CXX compiler identification is GNU 13.3.0
-- Detecting C compiler ABI info
-- Detecting C compiler ABI info - done
-- Check for working C compiler: /usr/bin/cc - skipped
-- Detecting C compile features
-- Detecting C compile features - done
-- Detecting CXX compiler ABI info
-- Detecting CXX compiler ABI info - done
-- Check for working CXX compiler: /usr/bin/c++ - skipped
-- Detecting CXX compile features
-- Detecting CXX compile features - done
-- Found ament_cmake: 2.5.4 (/opt/ros/jazzy/share/ament_cmake/cmake)
-- Found Python3: /usr/bin/python3 (found version "3.12.3") found components: Interpreter 
-- Configuring done (0.9s)
-- Generating done (0.0s)
-- Build files have been written to: /home/hoang/ros2_ws/build/robot_6dof_moveit_config1
-- Install configuration: ""
-- Installing: /home/hoang/ros2_ws/install/robot_6dof_moveit_config1/share/ament_index/resource_index/package_run_dependencies/robot_6dof_moveit_config1
-- Installing: /home/hoang/ros2_ws/install/robot_6dof_moveit_config1/share/ament_index/resource_index/parent_prefix_path/robot_6dof_moveit_config1
-- Installing: /home/hoang/ros2_ws/install/robot_6dof_moveit_config1/share/robot_6dof_moveit_config1/environment/ament_prefix_path.sh
-- Installing: /home/hoang/ros2_ws/install/robot_6dof_moveit_config1/share/robot_6dof_moveit_config1/environment/ament_prefix_path.dsv
-- Installing: /home/hoang/ros2_ws/install/robot_6dof_moveit_config1/share/robot_6dof_moveit_config1/environment/path.sh
-- Installing: /home/hoang/ros2_ws/install/robot_6dof_moveit_config1/share/robot_6dof_moveit_config1/environment/path.dsv
-- Installing: /home/hoang/ros2_ws/install/robot_6dof_moveit_config1/share/robot_6dof_moveit_config1/local_setup.bash
-- Installing: /home/hoang/ros2_ws/install/robot_6dof_moveit_config1/share/robot_6dof_moveit_config1/local_setup.sh
-- Installing: /home/hoang/ros2_ws/install/robot_6dof_moveit_config1/share/robot_6dof_moveit_config1/local_setup.zsh
-- Installing: /home/hoang/ros2_ws/install/robot_6dof_moveit_config1/share/robot_6dof_moveit_config1/local_setup.dsv
-- Installing: /home/hoang/ros2_ws/install/robot_6dof_moveit_config1/share/robot_6dof_moveit_config1/package.dsv
-- Installing: /home/hoang/ros2_ws/install/robot_6dof_moveit_config1/share/ament_index/resource_index/packages/robot_6dof_moveit_config1
-- Installing: /home/hoang/ros2_ws/install/robot_6dof_moveit_config1/share/robot_6dof_moveit_config1/cmake/robot_6dof_moveit_config1Config.cmake
-- Installing: /home/hoang/ros2_ws/install/robot_6dof_moveit_config1/share/robot_6dof_moveit_config1/cmake/robot_6dof_moveit_config1Config-version.cmake
-- Installing: /home/hoang/ros2_ws/install/robot_6dof_moveit_config1/share/robot_6dof_moveit_config1/package.xml
-- Installing: /home/hoang/ros2_ws/install/robot_6dof_moveit_config1/share/robot_6dof_moveit_config1/launch
-- Installing: /home/hoang/ros2_ws/install/robot_6dof_moveit_config1/share/robot_6dof_moveit_config1/launch/run_ros2.launch.py
-- Installing: /home/hoang/ros2_ws/install/robot_6dof_moveit_config1/share/robot_6dof_moveit_config1/launch/warehouse_db.launch.py
-- Installing: /home/hoang/ros2_ws/install/robot_6dof_moveit_config1/share/robot_6dof_moveit_config1/launch/demo.launch.py
-- Installing: /home/hoang/ros2_ws/install/robot_6dof_moveit_config1/share/robot_6dof_moveit_config1/launch/setup_assistant.launch.py
-- Installing: /home/hoang/ros2_ws/install/robot_6dof_moveit_config1/share/robot_6dof_moveit_config1/launch/static_virtual_joint_tfs.launch.py
-- Installing: /home/hoang/ros2_ws/install/robot_6dof_moveit_config1/share/robot_6dof_moveit_config1/launch/moveit_rviz.launch.py
-- Installing: /home/hoang/ros2_ws/install/robot_6dof_moveit_config1/share/robot_6dof_moveit_config1/launch/demo_gazebo.launch.py
-- Installing: /home/hoang/ros2_ws/install/robot_6dof_moveit_config1/share/robot_6dof_moveit_config1/launch/move_group.launch.py
-- Installing: /home/hoang/ros2_ws/install/robot_6dof_moveit_config1/share/robot_6dof_moveit_config1/launch/spawn_controllers.launch.py
-- Installing: /home/hoang/ros2_ws/install/robot_6dof_moveit_config1/share/robot_6dof_moveit_config1/launch/rsp.launch.py
-- Installing: /home/hoang/ros2_ws/install/robot_6dof_moveit_config1/share/robot_6dof_moveit_config1/urdf
-- Installing: /home/hoang/ros2_ws/install/robot_6dof_moveit_config1/share/robot_6dof_moveit_config1/urdf/robot_6dof.urdf.xacro
-- Installing: /home/hoang/ros2_ws/install/robot_6dof_moveit_config1/share/robot_6dof_moveit_config1/meshes
-- Installing: /home/hoang/ros2_ws/install/robot_6dof_moveit_config1/share/robot_6dof_moveit_config1/meshes/Link_5.STL
-- Installing: /home/hoang/ros2_ws/install/robot_6dof_moveit_config1/share/robot_6dof_moveit_config1/meshes/base_link.STL
-- Installing: /home/hoang/ros2_ws/install/robot_6dof_moveit_config1/share/robot_6dof_moveit_config1/meshes/Link_6.STL
-- Installing: /home/hoang/ros2_ws/install/robot_6dof_moveit_config1/share/robot_6dof_moveit_config1/meshes/Link_4.STL
-- Installing: /home/hoang/ros2_ws/install/robot_6dof_moveit_config1/share/robot_6dof_moveit_config1/meshes/Link_1.STL
-- Installing: /home/hoang/ros2_ws/install/robot_6dof_moveit_config1/share/robot_6dof_moveit_config1/meshes/Link_3.STL
-- Installing: /home/hoang/ros2_ws/install/robot_6dof_moveit_config1/share/robot_6dof_moveit_config1/meshes/Link_2.STL
-- Installing: /home/hoang/ros2_ws/install/robot_6dof_moveit_config1/share/robot_6dof_moveit_config1/config
-- Installing: /home/hoang/ros2_ws/install/robot_6dof_moveit_config1/share/robot_6dof_moveit_config1/config/kinematics.yaml
-- Installing: /home/hoang/ros2_ws/install/robot_6dof_moveit_config1/share/robot_6dof_moveit_config1/config/robot_6dof.urdf.xacro
-- Installing: /home/hoang/ros2_ws/install/robot_6dof_moveit_config1/share/robot_6dof_moveit_config1/config/ros2_controllers.yaml
-- Installing: /home/hoang/ros2_ws/install/robot_6dof_moveit_config1/share/robot_6dof_moveit_config1/config/pilz_cartesian_limits.yaml
-- Installing: /home/hoang/ros2_ws/install/robot_6dof_moveit_config1/share/robot_6dof_moveit_config1/config/joint_limits.yaml
-- Installing: /home/hoang/ros2_ws/install/robot_6dof_moveit_config1/share/robot_6dof_moveit_config1/config/moveit.rviz
-- Installing: /home/hoang/ros2_ws/install/robot_6dof_moveit_config1/share/robot_6dof_moveit_config1/config/robot_6dof.srdf
-- Installing: /home/hoang/ros2_ws/install/robot_6dof_moveit_config1/share/robot_6dof_moveit_config1/config/initial_positions.yaml
-- Installing: /home/hoang/ros2_ws/install/robot_6dof_moveit_config1/share/robot_6dof_moveit_config1/config/moveit_controllers.yaml
-- Installing: /home/hoang/ros2_ws/install/robot_6dof_moveit_config1/share/robot_6dof_moveit_config1/config/robot_6dof.ros2_control.xacro
-- Up-to-date: /home/hoang/ros2_ws/install/robot_6dof_moveit_config1/share/robot_6dof_moveit_config1/config
-- Up-to-date: /home/hoang/ros2_ws/install/robot_6dof_moveit_config1/share/robot_6dof_moveit_config1/config/kinematics.yaml
-- Up-to-date: /home/hoang/ros2_ws/install/robot_6dof_moveit_config1/share/robot_6dof_moveit_config1/config/robot_6dof.urdf.xacro
-- Up-to-date: /home/hoang/ros2_ws/install/robot_6dof_moveit_config1/share/robot_6dof_moveit_config1/config/ros2_controllers.yaml
-- Up-to-date: /home/hoang/ros2_ws/install/robot_6dof_moveit_config1/share/robot_6dof_moveit_config1/config/pilz_cartesian_limits.yaml
-- Up-to-date: /home/hoang/ros2_ws/install/robot_6dof_moveit_config1/share/robot_6dof_moveit_config1/config/joint_limits.yaml
-- Up-to-date: /home/hoang/ros2_ws/install/robot_6dof_moveit_config1/share/robot_6dof_moveit_config1/config/moveit.rviz
-- Up-to-date: /home/hoang/ros2_ws/install/robot_6dof_moveit_config1/share/robot_6dof_moveit_config1/config/robot_6dof.srdf
-- Up-to-date: /home/hoang/ros2_ws/install/robot_6dof_moveit_config1/share/robot_6dof_moveit_config1/config/initial_positions.yaml
-- Up-to-date: /home/hoang/ros2_ws/install/robot_6dof_moveit_config1/share/robot_6dof_moveit_config1/config/moveit_controllers.yaml
-- Up-to-date: /home/hoang/ros2_ws/install/robot_6dof_moveit_config1/share/robot_6dof_moveit_config1/config/robot_6dof.ros2_control.xacro
-- Installing: /home/hoang/ros2_ws/install/robot_6dof_moveit_config1/share/robot_6dof_moveit_config1/.setup_assistant
