[0.018s] Invoking command in '/home/hoang/ros2_ws/build/robot_6dof_moveit_config1': AMENT_PREFIX_PATH=/home/hoang/ros2_ws/install/robot_6dof:${AMENT_PREFIX_PATH} CMAKE_PREFIX_PATH=/home/hoang/ros2_ws/install/robot_6dof:/home/hoang/ros2_ws/install/robot_6dof_moveit_config2:/home/hoang/ros2_ws/install/robot_6dof_moveit_config1:/opt/ros/jazzy/opt/gz_launch_vendor:/opt/ros/jazzy/opt/gz_sim_vendor:/opt/ros/jazzy/opt/gz_sensors_vendor:/opt/ros/jazzy/opt/gz_physics_vendor:/opt/ros/jazzy/opt/sdformat_vendor:/opt/ros/jazzy/opt/gz_gui_vendor:/opt/ros/jazzy/opt/gz_transport_vendor:/opt/ros/jazzy/opt/gz_rendering_vendor:/opt/ros/jazzy/opt/gz_plugin_vendor:/opt/ros/jazzy/opt/gz_fuel_tools_vendor:/opt/ros/jazzy/opt/gz_msgs_vendor:/opt/ros/jazzy/opt/gz_common_vendor:/opt/ros/jazzy/opt/gz_math_vendor:/opt/ros/jazzy/opt/gz_utils_vendor:/opt/ros/jazzy/opt/gz_tools_vendor:/opt/ros/jazzy/opt/gz_ogre_next_vendor:/opt/ros/jazzy/opt/gz_dartsim_vendor:/opt/ros/jazzy/opt/gz_cmake_vendor:/opt/ros/jazzy DEBUGINFOD_URLS=https://debuginfod.ubuntu.com /usr/bin/cmake /home/hoang/ros2_ws/src/robot_6dof_moveit_config1 -DCMAKE_INSTALL_PREFIX=/home/hoang/ros2_ws/install/robot_6dof_moveit_config1
[0.086s] -- The C compiler identification is GNU 13.3.0
[0.163s] -- The CXX compiler identification is GNU 13.3.0
[0.186s] -- Detecting C compiler ABI info
[0.291s] -- Detecting C compiler ABI info - done
[0.300s] -- Check for working C compiler: /usr/bin/cc - skipped
[0.301s] -- Detecting C compile features
[0.301s] -- Detecting C compile features - done
[0.314s] -- Detecting CXX compiler ABI info
[0.447s] -- Detecting CXX compiler ABI info - done
[0.473s] -- Check for working CXX compiler: /usr/bin/c++ - skipped
[0.473s] -- Detecting CXX compile features
[0.474s] -- Detecting CXX compile features - done
[0.486s] -- Found ament_cmake: 2.5.4 (/opt/ros/jazzy/share/ament_cmake/cmake)
[0.668s] -- Found Python3: /usr/bin/python3 (found version "3.12.3") found components: Interpreter 
[0.937s] -- Configuring done (0.9s)
[0.941s] -- Generating done (0.0s)
[0.943s] -- Build files have been written to: /home/hoang/ros2_ws/build/robot_6dof_moveit_config1
[0.947s] Invoked command in '/home/hoang/ros2_ws/build/robot_6dof_moveit_config1' returned '0': AMENT_PREFIX_PATH=/home/hoang/ros2_ws/install/robot_6dof:${AMENT_PREFIX_PATH} CMAKE_PREFIX_PATH=/home/hoang/ros2_ws/install/robot_6dof:/home/hoang/ros2_ws/install/robot_6dof_moveit_config2:/home/hoang/ros2_ws/install/robot_6dof_moveit_config1:/opt/ros/jazzy/opt/gz_launch_vendor:/opt/ros/jazzy/opt/gz_sim_vendor:/opt/ros/jazzy/opt/gz_sensors_vendor:/opt/ros/jazzy/opt/gz_physics_vendor:/opt/ros/jazzy/opt/sdformat_vendor:/opt/ros/jazzy/opt/gz_gui_vendor:/opt/ros/jazzy/opt/gz_transport_vendor:/opt/ros/jazzy/opt/gz_rendering_vendor:/opt/ros/jazzy/opt/gz_plugin_vendor:/opt/ros/jazzy/opt/gz_fuel_tools_vendor:/opt/ros/jazzy/opt/gz_msgs_vendor:/opt/ros/jazzy/opt/gz_common_vendor:/opt/ros/jazzy/opt/gz_math_vendor:/opt/ros/jazzy/opt/gz_utils_vendor:/opt/ros/jazzy/opt/gz_tools_vendor:/opt/ros/jazzy/opt/gz_ogre_next_vendor:/opt/ros/jazzy/opt/gz_dartsim_vendor:/opt/ros/jazzy/opt/gz_cmake_vendor:/opt/ros/jazzy DEBUGINFOD_URLS=https://debuginfod.ubuntu.com /usr/bin/cmake /home/hoang/ros2_ws/src/robot_6dof_moveit_config1 -DCMAKE_INSTALL_PREFIX=/home/hoang/ros2_ws/install/robot_6dof_moveit_config1
[0.948s] Invoking command in '/home/hoang/ros2_ws/build/robot_6dof_moveit_config1': AMENT_PREFIX_PATH=/home/hoang/ros2_ws/install/robot_6dof:${AMENT_PREFIX_PATH} CMAKE_PREFIX_PATH=/home/hoang/ros2_ws/install/robot_6dof:/home/hoang/ros2_ws/install/robot_6dof_moveit_config2:/home/hoang/ros2_ws/install/robot_6dof_moveit_config1:/opt/ros/jazzy/opt/gz_launch_vendor:/opt/ros/jazzy/opt/gz_sim_vendor:/opt/ros/jazzy/opt/gz_sensors_vendor:/opt/ros/jazzy/opt/gz_physics_vendor:/opt/ros/jazzy/opt/sdformat_vendor:/opt/ros/jazzy/opt/gz_gui_vendor:/opt/ros/jazzy/opt/gz_transport_vendor:/opt/ros/jazzy/opt/gz_rendering_vendor:/opt/ros/jazzy/opt/gz_plugin_vendor:/opt/ros/jazzy/opt/gz_fuel_tools_vendor:/opt/ros/jazzy/opt/gz_msgs_vendor:/opt/ros/jazzy/opt/gz_common_vendor:/opt/ros/jazzy/opt/gz_math_vendor:/opt/ros/jazzy/opt/gz_utils_vendor:/opt/ros/jazzy/opt/gz_tools_vendor:/opt/ros/jazzy/opt/gz_ogre_next_vendor:/opt/ros/jazzy/opt/gz_dartsim_vendor:/opt/ros/jazzy/opt/gz_cmake_vendor:/opt/ros/jazzy DEBUGINFOD_URLS=https://debuginfod.ubuntu.com /usr/bin/cmake --build /home/hoang/ros2_ws/build/robot_6dof_moveit_config1 -- -j12 -l12
[1.006s] Invoked command in '/home/hoang/ros2_ws/build/robot_6dof_moveit_config1' returned '0': AMENT_PREFIX_PATH=/home/hoang/ros2_ws/install/robot_6dof:${AMENT_PREFIX_PATH} CMAKE_PREFIX_PATH=/home/hoang/ros2_ws/install/robot_6dof:/home/hoang/ros2_ws/install/robot_6dof_moveit_config2:/home/hoang/ros2_ws/install/robot_6dof_moveit_config1:/opt/ros/jazzy/opt/gz_launch_vendor:/opt/ros/jazzy/opt/gz_sim_vendor:/opt/ros/jazzy/opt/gz_sensors_vendor:/opt/ros/jazzy/opt/gz_physics_vendor:/opt/ros/jazzy/opt/sdformat_vendor:/opt/ros/jazzy/opt/gz_gui_vendor:/opt/ros/jazzy/opt/gz_transport_vendor:/opt/ros/jazzy/opt/gz_rendering_vendor:/opt/ros/jazzy/opt/gz_plugin_vendor:/opt/ros/jazzy/opt/gz_fuel_tools_vendor:/opt/ros/jazzy/opt/gz_msgs_vendor:/opt/ros/jazzy/opt/gz_common_vendor:/opt/ros/jazzy/opt/gz_math_vendor:/opt/ros/jazzy/opt/gz_utils_vendor:/opt/ros/jazzy/opt/gz_tools_vendor:/opt/ros/jazzy/opt/gz_ogre_next_vendor:/opt/ros/jazzy/opt/gz_dartsim_vendor:/opt/ros/jazzy/opt/gz_cmake_vendor:/opt/ros/jazzy DEBUGINFOD_URLS=https://debuginfod.ubuntu.com /usr/bin/cmake --build /home/hoang/ros2_ws/build/robot_6dof_moveit_config1 -- -j12 -l12
[1.008s] Invoking command in '/home/hoang/ros2_ws/build/robot_6dof_moveit_config1': AMENT_PREFIX_PATH=/home/hoang/ros2_ws/install/robot_6dof:${AMENT_PREFIX_PATH} CMAKE_PREFIX_PATH=/home/hoang/ros2_ws/install/robot_6dof:/home/hoang/ros2_ws/install/robot_6dof_moveit_config2:/home/hoang/ros2_ws/install/robot_6dof_moveit_config1:/opt/ros/jazzy/opt/gz_launch_vendor:/opt/ros/jazzy/opt/gz_sim_vendor:/opt/ros/jazzy/opt/gz_sensors_vendor:/opt/ros/jazzy/opt/gz_physics_vendor:/opt/ros/jazzy/opt/sdformat_vendor:/opt/ros/jazzy/opt/gz_gui_vendor:/opt/ros/jazzy/opt/gz_transport_vendor:/opt/ros/jazzy/opt/gz_rendering_vendor:/opt/ros/jazzy/opt/gz_plugin_vendor:/opt/ros/jazzy/opt/gz_fuel_tools_vendor:/opt/ros/jazzy/opt/gz_msgs_vendor:/opt/ros/jazzy/opt/gz_common_vendor:/opt/ros/jazzy/opt/gz_math_vendor:/opt/ros/jazzy/opt/gz_utils_vendor:/opt/ros/jazzy/opt/gz_tools_vendor:/opt/ros/jazzy/opt/gz_ogre_next_vendor:/opt/ros/jazzy/opt/gz_dartsim_vendor:/opt/ros/jazzy/opt/gz_cmake_vendor:/opt/ros/jazzy DEBUGINFOD_URLS=https://debuginfod.ubuntu.com /usr/bin/cmake --install /home/hoang/ros2_ws/build/robot_6dof_moveit_config1
[1.028s] -- Install configuration: ""
[1.028s] -- Installing: /home/hoang/ros2_ws/install/robot_6dof_moveit_config1/share/ament_index/resource_index/package_run_dependencies/robot_6dof_moveit_config1
[1.029s] -- Installing: /home/hoang/ros2_ws/install/robot_6dof_moveit_config1/share/ament_index/resource_index/parent_prefix_path/robot_6dof_moveit_config1
[1.029s] -- Installing: /home/hoang/ros2_ws/install/robot_6dof_moveit_config1/share/robot_6dof_moveit_config1/environment/ament_prefix_path.sh
[1.029s] -- Installing: /home/hoang/ros2_ws/install/robot_6dof_moveit_config1/share/robot_6dof_moveit_config1/environment/ament_prefix_path.dsv
[1.029s] -- Installing: /home/hoang/ros2_ws/install/robot_6dof_moveit_config1/share/robot_6dof_moveit_config1/environment/path.sh
[1.029s] -- Installing: /home/hoang/ros2_ws/install/robot_6dof_moveit_config1/share/robot_6dof_moveit_config1/environment/path.dsv
[1.029s] -- Installing: /home/hoang/ros2_ws/install/robot_6dof_moveit_config1/share/robot_6dof_moveit_config1/local_setup.bash
[1.029s] -- Installing: /home/hoang/ros2_ws/install/robot_6dof_moveit_config1/share/robot_6dof_moveit_config1/local_setup.sh
[1.030s] -- Installing: /home/hoang/ros2_ws/install/robot_6dof_moveit_config1/share/robot_6dof_moveit_config1/local_setup.zsh
[1.030s] -- Installing: /home/hoang/ros2_ws/install/robot_6dof_moveit_config1/share/robot_6dof_moveit_config1/local_setup.dsv
[1.030s] -- Installing: /home/hoang/ros2_ws/install/robot_6dof_moveit_config1/share/robot_6dof_moveit_config1/package.dsv
[1.030s] -- Installing: /home/hoang/ros2_ws/install/robot_6dof_moveit_config1/share/ament_index/resource_index/packages/robot_6dof_moveit_config1
[1.030s] -- Installing: /home/hoang/ros2_ws/install/robot_6dof_moveit_config1/share/robot_6dof_moveit_config1/cmake/robot_6dof_moveit_config1Config.cmake
[1.030s] -- Installing: /home/hoang/ros2_ws/install/robot_6dof_moveit_config1/share/robot_6dof_moveit_config1/cmake/robot_6dof_moveit_config1Config-version.cmake
[1.030s] -- Installing: /home/hoang/ros2_ws/install/robot_6dof_moveit_config1/share/robot_6dof_moveit_config1/package.xml
[1.031s] -- Installing: /home/hoang/ros2_ws/install/robot_6dof_moveit_config1/share/robot_6dof_moveit_config1/launch
[1.031s] -- Installing: /home/hoang/ros2_ws/install/robot_6dof_moveit_config1/share/robot_6dof_moveit_config1/launch/run_ros2.launch.py
[1.031s] -- Installing: /home/hoang/ros2_ws/install/robot_6dof_moveit_config1/share/robot_6dof_moveit_config1/launch/warehouse_db.launch.py
[1.031s] -- Installing: /home/hoang/ros2_ws/install/robot_6dof_moveit_config1/share/robot_6dof_moveit_config1/launch/demo.launch.py
[1.031s] -- Installing: /home/hoang/ros2_ws/install/robot_6dof_moveit_config1/share/robot_6dof_moveit_config1/launch/setup_assistant.launch.py
[1.031s] -- Installing: /home/hoang/ros2_ws/install/robot_6dof_moveit_config1/share/robot_6dof_moveit_config1/launch/static_virtual_joint_tfs.launch.py
[1.031s] -- Installing: /home/hoang/ros2_ws/install/robot_6dof_moveit_config1/share/robot_6dof_moveit_config1/launch/moveit_rviz.launch.py
[1.032s] -- Installing: /home/hoang/ros2_ws/install/robot_6dof_moveit_config1/share/robot_6dof_moveit_config1/launch/demo_gazebo.launch.py
[1.032s] -- Installing: /home/hoang/ros2_ws/install/robot_6dof_moveit_config1/share/robot_6dof_moveit_config1/launch/move_group.launch.py
[1.032s] -- Installing: /home/hoang/ros2_ws/install/robot_6dof_moveit_config1/share/robot_6dof_moveit_config1/launch/spawn_controllers.launch.py
[1.032s] -- Installing: /home/hoang/ros2_ws/install/robot_6dof_moveit_config1/share/robot_6dof_moveit_config1/launch/rsp.launch.py
[1.032s] -- Installing: /home/hoang/ros2_ws/install/robot_6dof_moveit_config1/share/robot_6dof_moveit_config1/urdf
[1.032s] -- Installing: /home/hoang/ros2_ws/install/robot_6dof_moveit_config1/share/robot_6dof_moveit_config1/urdf/robot_6dof.urdf.xacro
[1.032s] -- Installing: /home/hoang/ros2_ws/install/robot_6dof_moveit_config1/share/robot_6dof_moveit_config1/meshes
[1.032s] -- Installing: /home/hoang/ros2_ws/install/robot_6dof_moveit_config1/share/robot_6dof_moveit_config1/meshes/Link_5.STL
[1.039s] -- Installing: /home/hoang/ros2_ws/install/robot_6dof_moveit_config1/share/robot_6dof_moveit_config1/meshes/base_link.STL
[1.040s] -- Installing: /home/hoang/ros2_ws/install/robot_6dof_moveit_config1/share/robot_6dof_moveit_config1/meshes/Link_6.STL
[1.040s] -- Installing: /home/hoang/ros2_ws/install/robot_6dof_moveit_config1/share/robot_6dof_moveit_config1/meshes/Link_4.STL
[1.055s] -- Installing: /home/hoang/ros2_ws/install/robot_6dof_moveit_config1/share/robot_6dof_moveit_config1/meshes/Link_1.STL
[1.062s] -- Installing: /home/hoang/ros2_ws/install/robot_6dof_moveit_config1/share/robot_6dof_moveit_config1/meshes/Link_3.STL
[1.066s] -- Installing: /home/hoang/ros2_ws/install/robot_6dof_moveit_config1/share/robot_6dof_moveit_config1/meshes/Link_2.STL
[1.073s] -- Installing: /home/hoang/ros2_ws/install/robot_6dof_moveit_config1/share/robot_6dof_moveit_config1/config
[1.073s] -- Installing: /home/hoang/ros2_ws/install/robot_6dof_moveit_config1/share/robot_6dof_moveit_config1/config/kinematics.yaml
[1.073s] -- Installing: /home/hoang/ros2_ws/install/robot_6dof_moveit_config1/share/robot_6dof_moveit_config1/config/robot_6dof.urdf.xacro
[1.073s] -- Installing: /home/hoang/ros2_ws/install/robot_6dof_moveit_config1/share/robot_6dof_moveit_config1/config/ros2_controllers.yaml
[1.073s] -- Installing: /home/hoang/ros2_ws/install/robot_6dof_moveit_config1/share/robot_6dof_moveit_config1/config/pilz_cartesian_limits.yaml
[1.074s] -- Installing: /home/hoang/ros2_ws/install/robot_6dof_moveit_config1/share/robot_6dof_moveit_config1/config/joint_limits.yaml
[1.074s] -- Installing: /home/hoang/ros2_ws/install/robot_6dof_moveit_config1/share/robot_6dof_moveit_config1/config/moveit.rviz
[1.074s] -- Installing: /home/hoang/ros2_ws/install/robot_6dof_moveit_config1/share/robot_6dof_moveit_config1/config/robot_6dof.srdf
[1.074s] -- Installing: /home/hoang/ros2_ws/install/robot_6dof_moveit_config1/share/robot_6dof_moveit_config1/config/initial_positions.yaml
[1.074s] -- Installing: /home/hoang/ros2_ws/install/robot_6dof_moveit_config1/share/robot_6dof_moveit_config1/config/moveit_controllers.yaml
[1.075s] -- Installing: /home/hoang/ros2_ws/install/robot_6dof_moveit_config1/share/robot_6dof_moveit_config1/config/robot_6dof.ros2_control.xacro
[1.075s] -- Up-to-date: /home/hoang/ros2_ws/install/robot_6dof_moveit_config1/share/robot_6dof_moveit_config1/config
[1.075s] -- Up-to-date: /home/hoang/ros2_ws/install/robot_6dof_moveit_config1/share/robot_6dof_moveit_config1/config/kinematics.yaml
[1.075s] -- Up-to-date: /home/hoang/ros2_ws/install/robot_6dof_moveit_config1/share/robot_6dof_moveit_config1/config/robot_6dof.urdf.xacro
[1.075s] -- Up-to-date: /home/hoang/ros2_ws/install/robot_6dof_moveit_config1/share/robot_6dof_moveit_config1/config/ros2_controllers.yaml
[1.076s] -- Up-to-date: /home/hoang/ros2_ws/install/robot_6dof_moveit_config1/share/robot_6dof_moveit_config1/config/pilz_cartesian_limits.yaml
[1.076s] -- Up-to-date: /home/hoang/ros2_ws/install/robot_6dof_moveit_config1/share/robot_6dof_moveit_config1/config/joint_limits.yaml
[1.076s] -- Up-to-date: /home/hoang/ros2_ws/install/robot_6dof_moveit_config1/share/robot_6dof_moveit_config1/config/moveit.rviz
[1.076s] -- Up-to-date: /home/hoang/ros2_ws/install/robot_6dof_moveit_config1/share/robot_6dof_moveit_config1/config/robot_6dof.srdf
[1.076s] -- Up-to-date: /home/hoang/ros2_ws/install/robot_6dof_moveit_config1/share/robot_6dof_moveit_config1/config/initial_positions.yaml
[1.076s] -- Up-to-date: /home/hoang/ros2_ws/install/robot_6dof_moveit_config1/share/robot_6dof_moveit_config1/config/moveit_controllers.yaml
[1.077s] -- Up-to-date: /home/hoang/ros2_ws/install/robot_6dof_moveit_config1/share/robot_6dof_moveit_config1/config/robot_6dof.ros2_control.xacro
[1.077s] -- Installing: /home/hoang/ros2_ws/install/robot_6dof_moveit_config1/share/robot_6dof_moveit_config1/.setup_assistant
[1.079s] Invoked command in '/home/hoang/ros2_ws/build/robot_6dof_moveit_config1' returned '0': AMENT_PREFIX_PATH=/home/hoang/ros2_ws/install/robot_6dof:${AMENT_PREFIX_PATH} CMAKE_PREFIX_PATH=/home/hoang/ros2_ws/install/robot_6dof:/home/hoang/ros2_ws/install/robot_6dof_moveit_config2:/home/hoang/ros2_ws/install/robot_6dof_moveit_config1:/opt/ros/jazzy/opt/gz_launch_vendor:/opt/ros/jazzy/opt/gz_sim_vendor:/opt/ros/jazzy/opt/gz_sensors_vendor:/opt/ros/jazzy/opt/gz_physics_vendor:/opt/ros/jazzy/opt/sdformat_vendor:/opt/ros/jazzy/opt/gz_gui_vendor:/opt/ros/jazzy/opt/gz_transport_vendor:/opt/ros/jazzy/opt/gz_rendering_vendor:/opt/ros/jazzy/opt/gz_plugin_vendor:/opt/ros/jazzy/opt/gz_fuel_tools_vendor:/opt/ros/jazzy/opt/gz_msgs_vendor:/opt/ros/jazzy/opt/gz_common_vendor:/opt/ros/jazzy/opt/gz_math_vendor:/opt/ros/jazzy/opt/gz_utils_vendor:/opt/ros/jazzy/opt/gz_tools_vendor:/opt/ros/jazzy/opt/gz_ogre_next_vendor:/opt/ros/jazzy/opt/gz_dartsim_vendor:/opt/ros/jazzy/opt/gz_cmake_vendor:/opt/ros/jazzy DEBUGINFOD_URLS=https://debuginfod.ubuntu.com /usr/bin/cmake --install /home/hoang/ros2_ws/build/robot_6dof_moveit_config1
