[0.023s] Invoking command in '/home/hoang/ros2_ws1/build/robot_6dof': CMAKE_PREFIX_PATH=${CMAKE_PREFIX_PATH}:/opt/ros/jazzy DEBUGINFOD_URLS=https://debuginfod.ubuntu.com /usr/bin/cmake /home/hoang/ros2_ws1/src/robot_6dof -DCMAKE_INSTALL_PREFIX=/home/hoang/ros2_ws1/install/robot_6dof
[0.046s] -- Found ament_cmake: 2.5.4 (/opt/ros/jazzy/share/ament_cmake/cmake)
[0.412s] -- Override CMake install command with custom implementation using symlinks instead of copying resources
[0.430s] -- Found ament_lint_auto: 0.17.3 (/opt/ros/jazzy/share/ament_lint_auto/cmake)
[0.580s] -- Added test 'flake8' to check Python code syntax and style conventions
[0.580s] -- Configured 'flake8' exclude dirs and/or files: 
[0.581s] -- Added test 'lint_cmake' to check CMake code style
[0.582s] -- Added test 'pep257' to check Python code against some of the docstring style conventions in PEP 257
[0.585s] -- Added test 'xmllint' to check XML markup files
[0.586s] -- Configuring done (0.5s)
[0.591s] -- Generating done (0.0s)
[0.619s] -- Build files have been written to: /home/hoang/ros2_ws1/build/robot_6dof
[0.624s] Invoked command in '/home/hoang/ros2_ws1/build/robot_6dof' returned '0': CMAKE_PREFIX_PATH=${CMAKE_PREFIX_PATH}:/opt/ros/jazzy DEBUGINFOD_URLS=https://debuginfod.ubuntu.com /usr/bin/cmake /home/hoang/ros2_ws1/src/robot_6dof -DCMAKE_INSTALL_PREFIX=/home/hoang/ros2_ws1/install/robot_6dof
[0.627s] Invoking command in '/home/hoang/ros2_ws1/build/robot_6dof': CMAKE_PREFIX_PATH=${CMAKE_PREFIX_PATH}:/opt/ros/jazzy DEBUGINFOD_URLS=https://debuginfod.ubuntu.com /usr/bin/cmake --build /home/hoang/ros2_ws1/build/robot_6dof -- -j12 -l12
[0.712s] Invoked command in '/home/hoang/ros2_ws1/build/robot_6dof' returned '0': CMAKE_PREFIX_PATH=${CMAKE_PREFIX_PATH}:/opt/ros/jazzy DEBUGINFOD_URLS=https://debuginfod.ubuntu.com /usr/bin/cmake --build /home/hoang/ros2_ws1/build/robot_6dof -- -j12 -l12
[0.732s] Invoking command in '/home/hoang/ros2_ws1/build/robot_6dof': CMAKE_PREFIX_PATH=${CMAKE_PREFIX_PATH}:/opt/ros/jazzy DEBUGINFOD_URLS=https://debuginfod.ubuntu.com /usr/bin/cmake --install /home/hoang/ros2_ws1/build/robot_6dof
[0.747s] -- Install configuration: ""
[0.747s] -- Execute custom install script
[0.748s] -- Up-to-date symlink: /home/hoang/ros2_ws1/install/robot_6dof/share/robot_6dof/urdf/robot_6dof.csv
[0.748s] -- Up-to-date symlink: /home/hoang/ros2_ws1/install/robot_6dof/share/robot_6dof/urdf/robot_6dof.urdf
[0.748s] -- Up-to-date symlink: /home/hoang/ros2_ws1/install/robot_6dof/share/robot_6dof/urdf/robot_6dof.urdf.xacro
[0.749s] -- Up-to-date symlink: /home/hoang/ros2_ws1/install/robot_6dof/share/robot_6dof/urdf/robot_6dof.xacro
[0.749s] -- Up-to-date symlink: /home/hoang/ros2_ws1/install/robot_6dof/share/robot_6dof/meshes/Link_1.STL
[0.749s] -- Up-to-date symlink: /home/hoang/ros2_ws1/install/robot_6dof/share/robot_6dof/meshes/Link_2.STL
[0.750s] -- Up-to-date symlink: /home/hoang/ros2_ws1/install/robot_6dof/share/robot_6dof/meshes/Link_3.STL
[0.750s] -- Up-to-date symlink: /home/hoang/ros2_ws1/install/robot_6dof/share/robot_6dof/meshes/Link_4.STL
[0.750s] -- Up-to-date symlink: /home/hoang/ros2_ws1/install/robot_6dof/share/robot_6dof/meshes/Link_5.STL
[0.750s] -- Up-to-date symlink: /home/hoang/ros2_ws1/install/robot_6dof/share/robot_6dof/meshes/Link_6.STL
[0.750s] -- Up-to-date symlink: /home/hoang/ros2_ws1/install/robot_6dof/share/robot_6dof/meshes/base_link.STL
[0.751s] -- Up-to-date symlink: /home/hoang/ros2_ws1/install/robot_6dof/share/robot_6dof/config/joint_names_robot_6dof.yaml
[0.751s] -- Up-to-date symlink: /home/hoang/ros2_ws1/install/robot_6dof/share/robot_6dof/launch/display.launch
[0.751s] -- Up-to-date symlink: /home/hoang/ros2_ws1/install/robot_6dof/share/robot_6dof/launch/display.launch.py
[0.751s] -- Up-to-date symlink: /home/hoang/ros2_ws1/install/robot_6dof/share/robot_6dof/launch/gazebo.launch
[0.752s] -- Up-to-date symlink: /home/hoang/ros2_ws1/install/robot_6dof/share/robot_6dof/launch/gazebo_display.launch.py
[0.752s] -- Up-to-date symlink: /home/hoang/ros2_ws1/install/robot_6dof/share/robot_6dof/rviz/urdf.rviz
[0.752s] -- Up-to-date symlink: /home/hoang/ros2_ws1/install/robot_6dof/share/ament_index/resource_index/package_run_dependencies/robot_6dof
[0.752s] -- Up-to-date symlink: /home/hoang/ros2_ws1/install/robot_6dof/share/ament_index/resource_index/parent_prefix_path/robot_6dof
[0.753s] -- Up-to-date symlink: /home/hoang/ros2_ws1/install/robot_6dof/share/robot_6dof/environment/ament_prefix_path.sh
[0.753s] -- Up-to-date symlink: /home/hoang/ros2_ws1/install/robot_6dof/share/robot_6dof/environment/ament_prefix_path.dsv
[0.753s] -- Up-to-date symlink: /home/hoang/ros2_ws1/install/robot_6dof/share/robot_6dof/environment/path.sh
[0.753s] -- Up-to-date symlink: /home/hoang/ros2_ws1/install/robot_6dof/share/robot_6dof/environment/path.dsv
[0.754s] -- Up-to-date symlink: /home/hoang/ros2_ws1/install/robot_6dof/share/robot_6dof/local_setup.bash
[0.754s] -- Up-to-date symlink: /home/hoang/ros2_ws1/install/robot_6dof/share/robot_6dof/local_setup.sh
[0.754s] -- Up-to-date symlink: /home/hoang/ros2_ws1/install/robot_6dof/share/robot_6dof/local_setup.zsh
[0.754s] -- Up-to-date symlink: /home/hoang/ros2_ws1/install/robot_6dof/share/robot_6dof/local_setup.dsv
[0.755s] -- Symlinking: /home/hoang/ros2_ws1/install/robot_6dof/share/robot_6dof/package.dsv
[0.776s] -- Up-to-date symlink: /home/hoang/ros2_ws1/install/robot_6dof/share/ament_index/resource_index/packages/robot_6dof
[0.776s] -- Up-to-date symlink: /home/hoang/ros2_ws1/install/robot_6dof/share/robot_6dof/cmake/robot_6dofConfig.cmake
[0.776s] -- Up-to-date symlink: /home/hoang/ros2_ws1/install/robot_6dof/share/robot_6dof/cmake/robot_6dofConfig-version.cmake
[0.777s] -- Up-to-date symlink: /home/hoang/ros2_ws1/install/robot_6dof/share/robot_6dof/package.xml
[0.780s] Invoked command in '/home/hoang/ros2_ws1/build/robot_6dof' returned '0': CMAKE_PREFIX_PATH=${CMAKE_PREFIX_PATH}:/opt/ros/jazzy DEBUGINFOD_URLS=https://debuginfod.ubuntu.com /usr/bin/cmake --install /home/hoang/ros2_ws1/build/robot_6dof
