[0.016s] Invoking command in '/home/hoang/ros2_ws1/build/robot_6dof_moveit_config1': CMAKE_PREFIX_PATH=/home/hoang/ros2_ws1/install/robot_6dof:/home/hoang/ros2_ws1/install/robot_6dof_moveit_config1:/home/hoang/ros2_ws1/install/robot_6dof_moveit_config2:/home/hoang/ros2_ws/install/robot_6dof:/opt/ros/jazzy/opt/gz_launch_vendor:/opt/ros/jazzy/opt/gz_sim_vendor:/opt/ros/jazzy/opt/gz_sensors_vendor:/opt/ros/jazzy/opt/gz_physics_vendor:/opt/ros/jazzy/opt/sdformat_vendor:/opt/ros/jazzy/opt/gz_gui_vendor:/opt/ros/jazzy/opt/gz_transport_vendor:/opt/ros/jazzy/opt/gz_rendering_vendor:/opt/ros/jazzy/opt/gz_plugin_vendor:/opt/ros/jazzy/opt/gz_fuel_tools_vendor:/opt/ros/jazzy/opt/gz_msgs_vendor:/opt/ros/jazzy/opt/gz_common_vendor:/opt/ros/jazzy/opt/gz_math_vendor:/opt/ros/jazzy/opt/gz_utils_vendor:/opt/ros/jazzy/opt/gz_tools_vendor:/opt/ros/jazzy/opt/gz_ogre_next_vendor:/opt/ros/jazzy/opt/gz_dartsim_vendor:/opt/ros/jazzy/opt/gz_cmake_vendor:/opt/ros/jazzy DEBUGINFOD_URLS=https://debuginfod.ubuntu.com /usr/bin/cmake --build /home/hoang/ros2_ws1/build/robot_6dof_moveit_config1 -- -j12 -l12
[0.054s] -- Found ament_cmake: 2.5.4 (/opt/ros/jazzy/share/ament_cmake/cmake)
[0.421s] -- Configuring done (0.4s)
[0.429s] -- Generating done (0.0s)
[0.434s] -- Build files have been written to: /home/hoang/ros2_ws1/build/robot_6dof_moveit_config1
[0.469s] Invoked command in '/home/hoang/ros2_ws1/build/robot_6dof_moveit_config1' returned '0': CMAKE_PREFIX_PATH=/home/hoang/ros2_ws1/install/robot_6dof:/home/hoang/ros2_ws1/install/robot_6dof_moveit_config1:/home/hoang/ros2_ws1/install/robot_6dof_moveit_config2:/home/hoang/ros2_ws/install/robot_6dof:/opt/ros/jazzy/opt/gz_launch_vendor:/opt/ros/jazzy/opt/gz_sim_vendor:/opt/ros/jazzy/opt/gz_sensors_vendor:/opt/ros/jazzy/opt/gz_physics_vendor:/opt/ros/jazzy/opt/sdformat_vendor:/opt/ros/jazzy/opt/gz_gui_vendor:/opt/ros/jazzy/opt/gz_transport_vendor:/opt/ros/jazzy/opt/gz_rendering_vendor:/opt/ros/jazzy/opt/gz_plugin_vendor:/opt/ros/jazzy/opt/gz_fuel_tools_vendor:/opt/ros/jazzy/opt/gz_msgs_vendor:/opt/ros/jazzy/opt/gz_common_vendor:/opt/ros/jazzy/opt/gz_math_vendor:/opt/ros/jazzy/opt/gz_utils_vendor:/opt/ros/jazzy/opt/gz_tools_vendor:/opt/ros/jazzy/opt/gz_ogre_next_vendor:/opt/ros/jazzy/opt/gz_dartsim_vendor:/opt/ros/jazzy/opt/gz_cmake_vendor:/opt/ros/jazzy DEBUGINFOD_URLS=https://debuginfod.ubuntu.com /usr/bin/cmake --build /home/hoang/ros2_ws1/build/robot_6dof_moveit_config1 -- -j12 -l12
[0.471s] Invoking command in '/home/hoang/ros2_ws1/build/robot_6dof_moveit_config1': CMAKE_PREFIX_PATH=/home/hoang/ros2_ws1/install/robot_6dof:/home/hoang/ros2_ws1/install/robot_6dof_moveit_config1:/home/hoang/ros2_ws1/install/robot_6dof_moveit_config2:/home/hoang/ros2_ws/install/robot_6dof:/opt/ros/jazzy/opt/gz_launch_vendor:/opt/ros/jazzy/opt/gz_sim_vendor:/opt/ros/jazzy/opt/gz_sensors_vendor:/opt/ros/jazzy/opt/gz_physics_vendor:/opt/ros/jazzy/opt/sdformat_vendor:/opt/ros/jazzy/opt/gz_gui_vendor:/opt/ros/jazzy/opt/gz_transport_vendor:/opt/ros/jazzy/opt/gz_rendering_vendor:/opt/ros/jazzy/opt/gz_plugin_vendor:/opt/ros/jazzy/opt/gz_fuel_tools_vendor:/opt/ros/jazzy/opt/gz_msgs_vendor:/opt/ros/jazzy/opt/gz_common_vendor:/opt/ros/jazzy/opt/gz_math_vendor:/opt/ros/jazzy/opt/gz_utils_vendor:/opt/ros/jazzy/opt/gz_tools_vendor:/opt/ros/jazzy/opt/gz_ogre_next_vendor:/opt/ros/jazzy/opt/gz_dartsim_vendor:/opt/ros/jazzy/opt/gz_cmake_vendor:/opt/ros/jazzy DEBUGINFOD_URLS=https://debuginfod.ubuntu.com /usr/bin/cmake --install /home/hoang/ros2_ws1/build/robot_6dof_moveit_config1
[0.490s] -- Install configuration: ""
[0.490s] -- Up-to-date: /home/hoang/ros2_ws1/install/robot_6dof_moveit_config1/share/ament_index/resource_index/package_run_dependencies/robot_6dof_moveit_config1
[0.491s] -- Installing: /home/hoang/ros2_ws1/install/robot_6dof_moveit_config1/share/ament_index/resource_index/parent_prefix_path/robot_6dof_moveit_config1
[0.491s] -- Up-to-date: /home/hoang/ros2_ws1/install/robot_6dof_moveit_config1/share/robot_6dof_moveit_config1/environment/ament_prefix_path.sh
[0.491s] -- Up-to-date: /home/hoang/ros2_ws1/install/robot_6dof_moveit_config1/share/robot_6dof_moveit_config1/environment/ament_prefix_path.dsv
[0.492s] -- Up-to-date: /home/hoang/ros2_ws1/install/robot_6dof_moveit_config1/share/robot_6dof_moveit_config1/environment/path.sh
[0.492s] -- Up-to-date: /home/hoang/ros2_ws1/install/robot_6dof_moveit_config1/share/robot_6dof_moveit_config1/environment/path.dsv
[0.492s] -- Up-to-date: /home/hoang/ros2_ws1/install/robot_6dof_moveit_config1/share/robot_6dof_moveit_config1/local_setup.bash
[0.492s] -- Up-to-date: /home/hoang/ros2_ws1/install/robot_6dof_moveit_config1/share/robot_6dof_moveit_config1/local_setup.sh
[0.493s] -- Up-to-date: /home/hoang/ros2_ws1/install/robot_6dof_moveit_config1/share/robot_6dof_moveit_config1/local_setup.zsh
[0.493s] -- Up-to-date: /home/hoang/ros2_ws1/install/robot_6dof_moveit_config1/share/robot_6dof_moveit_config1/local_setup.dsv
[0.493s] -- Installing: /home/hoang/ros2_ws1/install/robot_6dof_moveit_config1/share/robot_6dof_moveit_config1/package.dsv
[0.493s] -- Up-to-date: /home/hoang/ros2_ws1/install/robot_6dof_moveit_config1/share/ament_index/resource_index/packages/robot_6dof_moveit_config1
[0.494s] -- Up-to-date: /home/hoang/ros2_ws1/install/robot_6dof_moveit_config1/share/robot_6dof_moveit_config1/cmake/robot_6dof_moveit_config1Config.cmake
[0.494s] -- Up-to-date: /home/hoang/ros2_ws1/install/robot_6dof_moveit_config1/share/robot_6dof_moveit_config1/cmake/robot_6dof_moveit_config1Config-version.cmake
[0.494s] -- Installing: /home/hoang/ros2_ws1/install/robot_6dof_moveit_config1/share/robot_6dof_moveit_config1/package.xml
[0.494s] -- Up-to-date: /home/hoang/ros2_ws1/install/robot_6dof_moveit_config1/share/robot_6dof_moveit_config1/launch
[0.494s] -- Up-to-date: /home/hoang/ros2_ws1/install/robot_6dof_moveit_config1/share/robot_6dof_moveit_config1/launch/warehouse_db.launch.py
[0.495s] -- Up-to-date: /home/hoang/ros2_ws1/install/robot_6dof_moveit_config1/share/robot_6dof_moveit_config1/launch/demo.launch.py
[0.495s] -- Up-to-date: /home/hoang/ros2_ws1/install/robot_6dof_moveit_config1/share/robot_6dof_moveit_config1/launch/setup_assistant.launch.py
[0.495s] -- Up-to-date: /home/hoang/ros2_ws1/install/robot_6dof_moveit_config1/share/robot_6dof_moveit_config1/launch/static_virtual_joint_tfs.launch.py
[0.495s] -- Up-to-date: /home/hoang/ros2_ws1/install/robot_6dof_moveit_config1/share/robot_6dof_moveit_config1/launch/moveit_rviz.launch.py
[0.496s] -- Up-to-date: /home/hoang/ros2_ws1/install/robot_6dof_moveit_config1/share/robot_6dof_moveit_config1/launch/demo_gazebo.launch.py
[0.496s] -- Up-to-date: /home/hoang/ros2_ws1/install/robot_6dof_moveit_config1/share/robot_6dof_moveit_config1/launch/move_group.launch.py
[0.496s] -- Up-to-date: /home/hoang/ros2_ws1/install/robot_6dof_moveit_config1/share/robot_6dof_moveit_config1/launch/spawn_controllers.launch.py
[0.496s] -- Up-to-date: /home/hoang/ros2_ws1/install/robot_6dof_moveit_config1/share/robot_6dof_moveit_config1/launch/rsp.launch.py
[0.497s] -- Up-to-date: /home/hoang/ros2_ws1/install/robot_6dof_moveit_config1/share/robot_6dof_moveit_config1/urdf
[0.497s] -- Up-to-date: /home/hoang/ros2_ws1/install/robot_6dof_moveit_config1/share/robot_6dof_moveit_config1/urdf/robot_6dof.urdf.xacro
[0.497s] -- Up-to-date: /home/hoang/ros2_ws1/install/robot_6dof_moveit_config1/share/robot_6dof_moveit_config1/meshes
[0.497s] -- Up-to-date: /home/hoang/ros2_ws1/install/robot_6dof_moveit_config1/share/robot_6dof_moveit_config1/meshes/Link_5.STL
[0.497s] -- Up-to-date: /home/hoang/ros2_ws1/install/robot_6dof_moveit_config1/share/robot_6dof_moveit_config1/meshes/base_link.STL
[0.498s] -- Up-to-date: /home/hoang/ros2_ws1/install/robot_6dof_moveit_config1/share/robot_6dof_moveit_config1/meshes/Link_6.STL
[0.498s] -- Up-to-date: /home/hoang/ros2_ws1/install/robot_6dof_moveit_config1/share/robot_6dof_moveit_config1/meshes/Link_4.STL
[0.498s] -- Up-to-date: /home/hoang/ros2_ws1/install/robot_6dof_moveit_config1/share/robot_6dof_moveit_config1/meshes/Link_1.STL
[0.499s] -- Up-to-date: /home/hoang/ros2_ws1/install/robot_6dof_moveit_config1/share/robot_6dof_moveit_config1/meshes/Link_3.STL
[0.499s] -- Up-to-date: /home/hoang/ros2_ws1/install/robot_6dof_moveit_config1/share/robot_6dof_moveit_config1/meshes/Link_2.STL
[0.499s] -- Up-to-date: /home/hoang/ros2_ws1/install/robot_6dof_moveit_config1/share/robot_6dof_moveit_config1/config
[0.500s] -- Up-to-date: /home/hoang/ros2_ws1/install/robot_6dof_moveit_config1/share/robot_6dof_moveit_config1/config/kinematics.yaml
[0.500s] -- Up-to-date: /home/hoang/ros2_ws1/install/robot_6dof_moveit_config1/share/robot_6dof_moveit_config1/config/robot_6dof.urdf.xacro
[0.500s] -- Up-to-date: /home/hoang/ros2_ws1/install/robot_6dof_moveit_config1/share/robot_6dof_moveit_config1/config/ros2_controllers.yaml
[0.500s] -- Up-to-date: /home/hoang/ros2_ws1/install/robot_6dof_moveit_config1/share/robot_6dof_moveit_config1/config/pilz_cartesian_limits.yaml
[0.500s] -- Up-to-date: /home/hoang/ros2_ws1/install/robot_6dof_moveit_config1/share/robot_6dof_moveit_config1/config/joint_limits.yaml
[0.501s] -- Up-to-date: /home/hoang/ros2_ws1/install/robot_6dof_moveit_config1/share/robot_6dof_moveit_config1/config/moveit.rviz
[0.501s] -- Up-to-date: /home/hoang/ros2_ws1/install/robot_6dof_moveit_config1/share/robot_6dof_moveit_config1/config/robot_6dof.srdf
[0.501s] -- Up-to-date: /home/hoang/ros2_ws1/install/robot_6dof_moveit_config1/share/robot_6dof_moveit_config1/config/initial_positions.yaml
[0.501s] -- Up-to-date: /home/hoang/ros2_ws1/install/robot_6dof_moveit_config1/share/robot_6dof_moveit_config1/config/moveit_controllers.yaml
[0.501s] -- Up-to-date: /home/hoang/ros2_ws1/install/robot_6dof_moveit_config1/share/robot_6dof_moveit_config1/config/robot_6dof.ros2_control.xacro
[0.502s] -- Up-to-date: /home/hoang/ros2_ws1/install/robot_6dof_moveit_config1/share/robot_6dof_moveit_config1/config
[0.502s] -- Up-to-date: /home/hoang/ros2_ws1/install/robot_6dof_moveit_config1/share/robot_6dof_moveit_config1/config/kinematics.yaml
[0.502s] -- Up-to-date: /home/hoang/ros2_ws1/install/robot_6dof_moveit_config1/share/robot_6dof_moveit_config1/config/robot_6dof.urdf.xacro
[0.502s] -- Up-to-date: /home/hoang/ros2_ws1/install/robot_6dof_moveit_config1/share/robot_6dof_moveit_config1/config/ros2_controllers.yaml
[0.502s] -- Up-to-date: /home/hoang/ros2_ws1/install/robot_6dof_moveit_config1/share/robot_6dof_moveit_config1/config/pilz_cartesian_limits.yaml
[0.503s] -- Up-to-date: /home/hoang/ros2_ws1/install/robot_6dof_moveit_config1/share/robot_6dof_moveit_config1/config/joint_limits.yaml
[0.503s] -- Up-to-date: /home/hoang/ros2_ws1/install/robot_6dof_moveit_config1/share/robot_6dof_moveit_config1/config/moveit.rviz
[0.503s] -- Up-to-date: /home/hoang/ros2_ws1/install/robot_6dof_moveit_config1/share/robot_6dof_moveit_config1/config/robot_6dof.srdf
[0.504s] -- Up-to-date: /home/hoang/ros2_ws1/install/robot_6dof_moveit_config1/share/robot_6dof_moveit_config1/config/initial_positions.yaml
[0.504s] -- Up-to-date: /home/hoang/ros2_ws1/install/robot_6dof_moveit_config1/share/robot_6dof_moveit_config1/config/moveit_controllers.yaml
[0.504s] -- Up-to-date: /home/hoang/ros2_ws1/install/robot_6dof_moveit_config1/share/robot_6dof_moveit_config1/config/robot_6dof.ros2_control.xacro
[0.504s] -- Up-to-date: /home/hoang/ros2_ws1/install/robot_6dof_moveit_config1/share/robot_6dof_moveit_config1/.setup_assistant
[0.506s] Invoked command in '/home/hoang/ros2_ws1/build/robot_6dof_moveit_config1' returned '0': CMAKE_PREFIX_PATH=/home/hoang/ros2_ws1/install/robot_6dof:/home/hoang/ros2_ws1/install/robot_6dof_moveit_config1:/home/hoang/ros2_ws1/install/robot_6dof_moveit_config2:/home/hoang/ros2_ws/install/robot_6dof:/opt/ros/jazzy/opt/gz_launch_vendor:/opt/ros/jazzy/opt/gz_sim_vendor:/opt/ros/jazzy/opt/gz_sensors_vendor:/opt/ros/jazzy/opt/gz_physics_vendor:/opt/ros/jazzy/opt/sdformat_vendor:/opt/ros/jazzy/opt/gz_gui_vendor:/opt/ros/jazzy/opt/gz_transport_vendor:/opt/ros/jazzy/opt/gz_rendering_vendor:/opt/ros/jazzy/opt/gz_plugin_vendor:/opt/ros/jazzy/opt/gz_fuel_tools_vendor:/opt/ros/jazzy/opt/gz_msgs_vendor:/opt/ros/jazzy/opt/gz_common_vendor:/opt/ros/jazzy/opt/gz_math_vendor:/opt/ros/jazzy/opt/gz_utils_vendor:/opt/ros/jazzy/opt/gz_tools_vendor:/opt/ros/jazzy/opt/gz_ogre_next_vendor:/opt/ros/jazzy/opt/gz_dartsim_vendor:/opt/ros/jazzy/opt/gz_cmake_vendor:/opt/ros/jazzy DEBUGINFOD_URLS=https://debuginfod.ubuntu.com /usr/bin/cmake --install /home/hoang/ros2_ws1/build/robot_6dof_moveit_config1
