[0.298s] DEBUG:colcon:Command line arguments: ['/usr/bin/colcon', 'build']
[0.298s] DEBUG:colcon:Parsed command line arguments: Namespace(log_base=None, log_level=None, verb_name='build', build_base='build', install_base='install', merge_install=False, symlink_install=False, test_result_base=None, continue_on_error=False, executor='parallel', parallel_workers=12, event_handlers=None, ignore_user_meta=False, metas=['./colcon.meta'], base_paths=['.'], packages_ignore=None, packages_ignore_regex=None, paths=None, packages_up_to=None, packages_up_to_regex=None, packages_above=None, packages_above_and_dependencies=None, packages_above_depth=None, packages_select_by_dep=None, packages_skip_by_dep=None, packages_skip_up_to=None, packages_select_build_failed=False, packages_skip_build_finished=False, packages_select_test_failures=False, packages_skip_test_passed=False, packages_select=None, packages_skip=None, packages_select_regex=None, packages_skip_regex=None, packages_start=None, packages_end=None, allow_overriding=[], cmake_args=None, cmake_target=None, cmake_target_skip_unavailable=False, cmake_clean_cache=False, cmake_clean_first=False, cmake_force_configure=False, ament_cmake_args=None, catkin_cmake_args=None, catkin_skip_building_tests=False, mixin_files=None, mixin=None, verb_parser=<colcon_mixin.mixin.mixin_argument.MixinArgumentDecorator object at 0x771b7b3f16a0>, verb_extension=<colcon_core.verb.build.BuildVerb object at 0x771b7b37a000>, main=<bound method BuildVerb.main of <colcon_core.verb.build.BuildVerb object at 0x771b7b37a000>>, mixin_verb=('build',))
[0.363s] Level 1:colcon.colcon_core.package_discovery:discover_packages(colcon_meta) check parameters
[0.363s] Level 1:colcon.colcon_core.package_discovery:discover_packages(recursive) check parameters
[0.363s] Level 1:colcon.colcon_core.package_discovery:discover_packages(ignore) check parameters
[0.364s] Level 1:colcon.colcon_core.package_discovery:discover_packages(path) check parameters
[0.364s] Level 1:colcon.colcon_core.package_discovery:discover_packages(colcon_meta) discover
[0.364s] Level 1:colcon.colcon_core.package_discovery:discover_packages(recursive) discover
[0.364s] INFO:colcon.colcon_core.package_discovery:Crawling recursively for packages in '/home/hoang/ros2_ws1'
[0.364s] Level 1:colcon.colcon_core.package_identification:_identify(.) by extensions ['ignore', 'ignore_ament_install']
[0.364s] Level 1:colcon.colcon_core.package_identification:_identify(.) by extension 'ignore'
[0.364s] Level 1:colcon.colcon_core.package_identification:_identify(.) by extension 'ignore_ament_install'
[0.364s] Level 1:colcon.colcon_core.package_identification:_identify(.) by extensions ['colcon_pkg']
[0.364s] Level 1:colcon.colcon_core.package_identification:_identify(.) by extension 'colcon_pkg'
[0.364s] Level 1:colcon.colcon_core.package_identification:_identify(.) by extensions ['colcon_meta']
[0.364s] Level 1:colcon.colcon_core.package_identification:_identify(.) by extension 'colcon_meta'
[0.364s] Level 1:colcon.colcon_core.package_identification:_identify(.) by extensions ['ros']
[0.364s] Level 1:colcon.colcon_core.package_identification:_identify(.) by extension 'ros'
[0.399s] Level 1:colcon.colcon_core.package_identification:_identify(.) by extensions ['cmake', 'python']
[0.400s] Level 1:colcon.colcon_core.package_identification:_identify(.) by extension 'cmake'
[0.400s] Level 1:colcon.colcon_core.package_identification:_identify(.) by extension 'python'
[0.400s] Level 1:colcon.colcon_core.package_identification:_identify(.) by extensions ['python_setup_py']
[0.400s] Level 1:colcon.colcon_core.package_identification:_identify(.) by extension 'python_setup_py'
[0.400s] Level 1:colcon.colcon_core.package_identification:_identify(build) by extensions ['ignore', 'ignore_ament_install']
[0.400s] Level 1:colcon.colcon_core.package_identification:_identify(build) by extension 'ignore'
[0.400s] Level 1:colcon.colcon_core.package_identification:_identify(build) ignored
[0.400s] Level 1:colcon.colcon_core.package_identification:_identify(install) by extensions ['ignore', 'ignore_ament_install']
[0.400s] Level 1:colcon.colcon_core.package_identification:_identify(install) by extension 'ignore'
[0.401s] Level 1:colcon.colcon_core.package_identification:_identify(install) ignored
[0.401s] Level 1:colcon.colcon_core.package_identification:_identify(log) by extensions ['ignore', 'ignore_ament_install']
[0.401s] Level 1:colcon.colcon_core.package_identification:_identify(log) by extension 'ignore'
[0.401s] Level 1:colcon.colcon_core.package_identification:_identify(log) ignored
[0.401s] Level 1:colcon.colcon_core.package_identification:_identify(src) by extensions ['ignore', 'ignore_ament_install']
[0.401s] Level 1:colcon.colcon_core.package_identification:_identify(src) by extension 'ignore'
[0.401s] Level 1:colcon.colcon_core.package_identification:_identify(src) by extension 'ignore_ament_install'
[0.401s] Level 1:colcon.colcon_core.package_identification:_identify(src) by extensions ['colcon_pkg']
[0.401s] Level 1:colcon.colcon_core.package_identification:_identify(src) by extension 'colcon_pkg'
[0.401s] Level 1:colcon.colcon_core.package_identification:_identify(src) by extensions ['colcon_meta']
[0.401s] Level 1:colcon.colcon_core.package_identification:_identify(src) by extension 'colcon_meta'
[0.401s] Level 1:colcon.colcon_core.package_identification:_identify(src) by extensions ['ros']
[0.401s] Level 1:colcon.colcon_core.package_identification:_identify(src) by extension 'ros'
[0.402s] Level 1:colcon.colcon_core.package_identification:_identify(src) by extensions ['cmake', 'python']
[0.402s] Level 1:colcon.colcon_core.package_identification:_identify(src) by extension 'cmake'
[0.402s] Level 1:colcon.colcon_core.package_identification:_identify(src) by extension 'python'
[0.402s] Level 1:colcon.colcon_core.package_identification:_identify(src) by extensions ['python_setup_py']
[0.402s] Level 1:colcon.colcon_core.package_identification:_identify(src) by extension 'python_setup_py'
[0.402s] Level 1:colcon.colcon_core.package_identification:_identify(src/robot_6dof) by extensions ['ignore', 'ignore_ament_install']
[0.402s] Level 1:colcon.colcon_core.package_identification:_identify(src/robot_6dof) by extension 'ignore'
[0.402s] Level 1:colcon.colcon_core.package_identification:_identify(src/robot_6dof) by extension 'ignore_ament_install'
[0.402s] Level 1:colcon.colcon_core.package_identification:_identify(src/robot_6dof) by extensions ['colcon_pkg']
[0.402s] Level 1:colcon.colcon_core.package_identification:_identify(src/robot_6dof) by extension 'colcon_pkg'
[0.402s] Level 1:colcon.colcon_core.package_identification:_identify(src/robot_6dof) by extensions ['colcon_meta']
[0.402s] Level 1:colcon.colcon_core.package_identification:_identify(src/robot_6dof) by extension 'colcon_meta'
[0.402s] Level 1:colcon.colcon_core.package_identification:_identify(src/robot_6dof) by extensions ['ros']
[0.402s] Level 1:colcon.colcon_core.package_identification:_identify(src/robot_6dof) by extension 'ros'
[0.410s] DEBUG:colcon.colcon_core.package_identification:Package 'src/robot_6dof' with type 'ros.ament_cmake' and name 'robot_6dof'
[0.410s] Level 1:colcon.colcon_core.package_identification:_identify(src/robot_6dof_moveit_config1) by extensions ['ignore', 'ignore_ament_install']
[0.410s] Level 1:colcon.colcon_core.package_identification:_identify(src/robot_6dof_moveit_config1) by extension 'ignore'
[0.410s] Level 1:colcon.colcon_core.package_identification:_identify(src/robot_6dof_moveit_config1) by extension 'ignore_ament_install'
[0.410s] Level 1:colcon.colcon_core.package_identification:_identify(src/robot_6dof_moveit_config1) by extensions ['colcon_pkg']
[0.410s] Level 1:colcon.colcon_core.package_identification:_identify(src/robot_6dof_moveit_config1) by extension 'colcon_pkg'
[0.410s] Level 1:colcon.colcon_core.package_identification:_identify(src/robot_6dof_moveit_config1) by extensions ['colcon_meta']
[0.410s] Level 1:colcon.colcon_core.package_identification:_identify(src/robot_6dof_moveit_config1) by extension 'colcon_meta'
[0.411s] Level 1:colcon.colcon_core.package_identification:_identify(src/robot_6dof_moveit_config1) by extensions ['ros']
[0.411s] Level 1:colcon.colcon_core.package_identification:_identify(src/robot_6dof_moveit_config1) by extension 'ros'
[0.413s] DEBUG:colcon.colcon_core.package_identification:Package 'src/robot_6dof_moveit_config1' with type 'ros.ament_cmake' and name 'robot_6dof_moveit_config1'
[0.413s] Level 1:colcon.colcon_core.package_identification:_identify(src/robot_6dof_moveit_config2) by extensions ['ignore', 'ignore_ament_install']
[0.413s] Level 1:colcon.colcon_core.package_identification:_identify(src/robot_6dof_moveit_config2) by extension 'ignore'
[0.413s] Level 1:colcon.colcon_core.package_identification:_identify(src/robot_6dof_moveit_config2) by extension 'ignore_ament_install'
[0.413s] Level 1:colcon.colcon_core.package_identification:_identify(src/robot_6dof_moveit_config2) by extensions ['colcon_pkg']
[0.413s] Level 1:colcon.colcon_core.package_identification:_identify(src/robot_6dof_moveit_config2) by extension 'colcon_pkg'
[0.413s] Level 1:colcon.colcon_core.package_identification:_identify(src/robot_6dof_moveit_config2) by extensions ['colcon_meta']
[0.413s] Level 1:colcon.colcon_core.package_identification:_identify(src/robot_6dof_moveit_config2) by extension 'colcon_meta'
[0.413s] Level 1:colcon.colcon_core.package_identification:_identify(src/robot_6dof_moveit_config2) by extensions ['ros']
[0.413s] Level 1:colcon.colcon_core.package_identification:_identify(src/robot_6dof_moveit_config2) by extension 'ros'
[0.414s] DEBUG:colcon.colcon_core.package_identification:Package 'src/robot_6dof_moveit_config2' with type 'ros.ament_cmake' and name 'robot_6dof_moveit_config2'
[0.414s] Level 1:colcon.colcon_core.package_discovery:discover_packages(recursive) using defaults
[0.415s] Level 1:colcon.colcon_core.package_discovery:discover_packages(ignore) discover
[0.415s] Level 1:colcon.colcon_core.package_discovery:discover_packages(ignore) using defaults
[0.415s] Level 1:colcon.colcon_core.package_discovery:discover_packages(path) discover
[0.415s] Level 1:colcon.colcon_core.package_discovery:discover_packages(path) using defaults
[0.444s] Level 1:colcon.colcon_core.package_discovery:discover_packages(prefix_path) check parameters
[0.444s] Level 1:colcon.colcon_core.package_discovery:discover_packages(prefix_path) discover
[0.449s] DEBUG:colcon.colcon_installed_package_information.package_discovery:Found 3 installed packages in /home/hoang/ros2_ws1/install
[0.452s] DEBUG:colcon.colcon_installed_package_information.package_discovery:Found 360 installed packages in /opt/ros/jazzy
[0.453s] Level 1:colcon.colcon_core.package_discovery:discover_packages(prefix_path) using defaults
[0.525s] Level 5:colcon.colcon_core.verb:set package 'robot_6dof' build argument 'cmake_args' from command line to 'None'
[0.525s] Level 5:colcon.colcon_core.verb:set package 'robot_6dof' build argument 'cmake_target' from command line to 'None'
[0.525s] Level 5:colcon.colcon_core.verb:set package 'robot_6dof' build argument 'cmake_target_skip_unavailable' from command line to 'False'
[0.525s] Level 5:colcon.colcon_core.verb:set package 'robot_6dof' build argument 'cmake_clean_cache' from command line to 'False'
[0.525s] Level 5:colcon.colcon_core.verb:set package 'robot_6dof' build argument 'cmake_clean_first' from command line to 'False'
[0.525s] Level 5:colcon.colcon_core.verb:set package 'robot_6dof' build argument 'cmake_force_configure' from command line to 'False'
[0.525s] Level 5:colcon.colcon_core.verb:set package 'robot_6dof' build argument 'ament_cmake_args' from command line to 'None'
[0.525s] Level 5:colcon.colcon_core.verb:set package 'robot_6dof' build argument 'catkin_cmake_args' from command line to 'None'
[0.525s] Level 5:colcon.colcon_core.verb:set package 'robot_6dof' build argument 'catkin_skip_building_tests' from command line to 'False'
[0.525s] DEBUG:colcon.colcon_core.verb:Building package 'robot_6dof' with the following arguments: {'ament_cmake_args': None, 'build_base': '/home/hoang/ros2_ws1/build/robot_6dof', 'catkin_cmake_args': None, 'catkin_skip_building_tests': False, 'cmake_args': None, 'cmake_clean_cache': False, 'cmake_clean_first': False, 'cmake_force_configure': False, 'cmake_target': None, 'cmake_target_skip_unavailable': False, 'install_base': '/home/hoang/ros2_ws1/install/robot_6dof', 'merge_install': False, 'path': '/home/hoang/ros2_ws1/src/robot_6dof', 'symlink_install': False, 'test_result_base': None}
[0.525s] Level 5:colcon.colcon_core.verb:set package 'robot_6dof_moveit_config1' build argument 'cmake_args' from command line to 'None'
[0.525s] Level 5:colcon.colcon_core.verb:set package 'robot_6dof_moveit_config1' build argument 'cmake_target' from command line to 'None'
[0.526s] Level 5:colcon.colcon_core.verb:set package 'robot_6dof_moveit_config1' build argument 'cmake_target_skip_unavailable' from command line to 'False'
[0.526s] Level 5:colcon.colcon_core.verb:set package 'robot_6dof_moveit_config1' build argument 'cmake_clean_cache' from command line to 'False'
[0.526s] Level 5:colcon.colcon_core.verb:set package 'robot_6dof_moveit_config1' build argument 'cmake_clean_first' from command line to 'False'
[0.526s] Level 5:colcon.colcon_core.verb:set package 'robot_6dof_moveit_config1' build argument 'cmake_force_configure' from command line to 'False'
[0.526s] Level 5:colcon.colcon_core.verb:set package 'robot_6dof_moveit_config1' build argument 'ament_cmake_args' from command line to 'None'
[0.526s] Level 5:colcon.colcon_core.verb:set package 'robot_6dof_moveit_config1' build argument 'catkin_cmake_args' from command line to 'None'
[0.526s] Level 5:colcon.colcon_core.verb:set package 'robot_6dof_moveit_config1' build argument 'catkin_skip_building_tests' from command line to 'False'
[0.526s] DEBUG:colcon.colcon_core.verb:Building package 'robot_6dof_moveit_config1' with the following arguments: {'ament_cmake_args': None, 'build_base': '/home/hoang/ros2_ws1/build/robot_6dof_moveit_config1', 'catkin_cmake_args': None, 'catkin_skip_building_tests': False, 'cmake_args': None, 'cmake_clean_cache': False, 'cmake_clean_first': False, 'cmake_force_configure': False, 'cmake_target': None, 'cmake_target_skip_unavailable': False, 'install_base': '/home/hoang/ros2_ws1/install/robot_6dof_moveit_config1', 'merge_install': False, 'path': '/home/hoang/ros2_ws1/src/robot_6dof_moveit_config1', 'symlink_install': False, 'test_result_base': None}
[0.526s] Level 5:colcon.colcon_core.verb:set package 'robot_6dof_moveit_config2' build argument 'cmake_args' from command line to 'None'
[0.526s] Level 5:colcon.colcon_core.verb:set package 'robot_6dof_moveit_config2' build argument 'cmake_target' from command line to 'None'
[0.526s] Level 5:colcon.colcon_core.verb:set package 'robot_6dof_moveit_config2' build argument 'cmake_target_skip_unavailable' from command line to 'False'
[0.526s] Level 5:colcon.colcon_core.verb:set package 'robot_6dof_moveit_config2' build argument 'cmake_clean_cache' from command line to 'False'
[0.526s] Level 5:colcon.colcon_core.verb:set package 'robot_6dof_moveit_config2' build argument 'cmake_clean_first' from command line to 'False'
[0.526s] Level 5:colcon.colcon_core.verb:set package 'robot_6dof_moveit_config2' build argument 'cmake_force_configure' from command line to 'False'
[0.526s] Level 5:colcon.colcon_core.verb:set package 'robot_6dof_moveit_config2' build argument 'ament_cmake_args' from command line to 'None'
[0.526s] Level 5:colcon.colcon_core.verb:set package 'robot_6dof_moveit_config2' build argument 'catkin_cmake_args' from command line to 'None'
[0.526s] Level 5:colcon.colcon_core.verb:set package 'robot_6dof_moveit_config2' build argument 'catkin_skip_building_tests' from command line to 'False'
[0.526s] DEBUG:colcon.colcon_core.verb:Building package 'robot_6dof_moveit_config2' with the following arguments: {'ament_cmake_args': None, 'build_base': '/home/hoang/ros2_ws1/build/robot_6dof_moveit_config2', 'catkin_cmake_args': None, 'catkin_skip_building_tests': False, 'cmake_args': None, 'cmake_clean_cache': False, 'cmake_clean_first': False, 'cmake_force_configure': False, 'cmake_target': None, 'cmake_target_skip_unavailable': False, 'install_base': '/home/hoang/ros2_ws1/install/robot_6dof_moveit_config2', 'merge_install': False, 'path': '/home/hoang/ros2_ws1/src/robot_6dof_moveit_config2', 'symlink_install': False, 'test_result_base': None}
[0.527s] INFO:colcon.colcon_core.executor:Executing jobs using 'parallel' executor
[0.528s] DEBUG:colcon.colcon_parallel_executor.executor.parallel:run_until_complete
[0.528s] INFO:colcon.colcon_ros.task.ament_cmake.build:Building ROS package in '/home/hoang/ros2_ws1/src/robot_6dof' with build type 'ament_cmake'
[0.528s] INFO:colcon.colcon_cmake.task.cmake.build:Building CMake package in '/home/hoang/ros2_ws1/src/robot_6dof'
[0.536s] INFO:colcon.colcon_core.plugin_system:Skipping extension 'colcon_core.shell.bat': Not used on non-Windows systems
[0.536s] INFO:colcon.colcon_core.shell:Skip shell extension 'powershell' for command environment: Not usable outside of PowerShell
[0.537s] DEBUG:colcon.colcon_core.shell:Skip shell extension 'dsv' for command environment
[0.552s] DEBUG:colcon.colcon_core.event_handler.log_command:Invoking command in '/home/hoang/ros2_ws1/build/robot_6dof': CMAKE_PREFIX_PATH=${CMAKE_PREFIX_PATH}:/opt/ros/jazzy DEBUGINFOD_URLS=https://debuginfod.ubuntu.com /usr/bin/cmake /home/hoang/ros2_ws1/src/robot_6dof -DCMAKE_INSTALL_PREFIX=/home/hoang/ros2_ws1/install/robot_6dof
[1.154s] DEBUG:colcon.colcon_core.event_handler.log_command:Invoked command in '/home/hoang/ros2_ws1/build/robot_6dof' returned '0': CMAKE_PREFIX_PATH=${CMAKE_PREFIX_PATH}:/opt/ros/jazzy DEBUGINFOD_URLS=https://debuginfod.ubuntu.com /usr/bin/cmake /home/hoang/ros2_ws1/src/robot_6dof -DCMAKE_INSTALL_PREFIX=/home/hoang/ros2_ws1/install/robot_6dof
[1.156s] DEBUG:colcon.colcon_core.event_handler.log_command:Invoking command in '/home/hoang/ros2_ws1/build/robot_6dof': CMAKE_PREFIX_PATH=${CMAKE_PREFIX_PATH}:/opt/ros/jazzy DEBUGINFOD_URLS=https://debuginfod.ubuntu.com /usr/bin/cmake --build /home/hoang/ros2_ws1/build/robot_6dof -- -j12 -l12
[1.242s] DEBUG:colcon.colcon_core.event_handler.log_command:Invoked command in '/home/hoang/ros2_ws1/build/robot_6dof' returned '0': CMAKE_PREFIX_PATH=${CMAKE_PREFIX_PATH}:/opt/ros/jazzy DEBUGINFOD_URLS=https://debuginfod.ubuntu.com /usr/bin/cmake --build /home/hoang/ros2_ws1/build/robot_6dof -- -j12 -l12
[1.262s] DEBUG:colcon.colcon_core.event_handler.log_command:Invoking command in '/home/hoang/ros2_ws1/build/robot_6dof': CMAKE_PREFIX_PATH=${CMAKE_PREFIX_PATH}:/opt/ros/jazzy DEBUGINFOD_URLS=https://debuginfod.ubuntu.com /usr/bin/cmake --install /home/hoang/ros2_ws1/build/robot_6dof
[1.309s] Level 1:colcon.colcon_core.environment:create_environment_scripts_only(robot_6dof)
[1.310s] DEBUG:colcon.colcon_core.event_handler.log_command:Invoked command in '/home/hoang/ros2_ws1/build/robot_6dof' returned '0': CMAKE_PREFIX_PATH=${CMAKE_PREFIX_PATH}:/opt/ros/jazzy DEBUGINFOD_URLS=https://debuginfod.ubuntu.com /usr/bin/cmake --install /home/hoang/ros2_ws1/build/robot_6dof
[1.316s] Level 1:colcon.colcon_core.environment:checking '/home/hoang/ros2_ws1/install/robot_6dof' for CMake module files
[1.317s] Level 1:colcon.colcon_core.environment:checking '/home/hoang/ros2_ws1/install/robot_6dof' for CMake config files
[1.317s] Level 1:colcon.colcon_core.shell:create_environment_hook('robot_6dof', 'cmake_prefix_path')
[1.317s] INFO:colcon.colcon_core.shell:Creating environment hook '/home/hoang/ros2_ws1/install/robot_6dof/share/robot_6dof/hook/cmake_prefix_path.ps1'
[1.318s] INFO:colcon.colcon_core.shell:Creating environment descriptor '/home/hoang/ros2_ws1/install/robot_6dof/share/robot_6dof/hook/cmake_prefix_path.dsv'
[1.319s] INFO:colcon.colcon_core.shell:Creating environment hook '/home/hoang/ros2_ws1/install/robot_6dof/share/robot_6dof/hook/cmake_prefix_path.sh'
[1.320s] Level 1:colcon.colcon_core.environment:checking '/home/hoang/ros2_ws1/install/robot_6dof/bin'
[1.320s] Level 1:colcon.colcon_core.environment:checking '/home/hoang/ros2_ws1/install/robot_6dof/lib/pkgconfig/robot_6dof.pc'
[1.320s] Level 1:colcon.colcon_core.environment:checking '/home/hoang/ros2_ws1/install/robot_6dof/lib/python3.12/site-packages'
[1.320s] Level 1:colcon.colcon_core.environment:checking '/home/hoang/ros2_ws1/install/robot_6dof/bin'
[1.321s] INFO:colcon.colcon_core.shell:Creating package script '/home/hoang/ros2_ws1/install/robot_6dof/share/robot_6dof/package.ps1'
[1.322s] INFO:colcon.colcon_core.shell:Creating package descriptor '/home/hoang/ros2_ws1/install/robot_6dof/share/robot_6dof/package.dsv'
[1.322s] INFO:colcon.colcon_core.shell:Creating package script '/home/hoang/ros2_ws1/install/robot_6dof/share/robot_6dof/package.sh'
[1.324s] INFO:colcon.colcon_core.shell:Creating package script '/home/hoang/ros2_ws1/install/robot_6dof/share/robot_6dof/package.bash'
[1.325s] INFO:colcon.colcon_core.shell:Creating package script '/home/hoang/ros2_ws1/install/robot_6dof/share/robot_6dof/package.zsh'
[1.327s] Level 1:colcon.colcon_core.environment:create_file_with_runtime_dependencies(/home/hoang/ros2_ws1/install/robot_6dof/share/colcon-core/packages/robot_6dof)
[1.328s] Level 1:colcon.colcon_core.environment:create_environment_scripts_only(robot_6dof)
[1.328s] Level 1:colcon.colcon_core.environment:checking '/home/hoang/ros2_ws1/install/robot_6dof' for CMake module files
[1.329s] Level 1:colcon.colcon_core.environment:checking '/home/hoang/ros2_ws1/install/robot_6dof' for CMake config files
[1.329s] Level 1:colcon.colcon_core.shell:create_environment_hook('robot_6dof', 'cmake_prefix_path')
[1.329s] INFO:colcon.colcon_core.shell:Creating environment hook '/home/hoang/ros2_ws1/install/robot_6dof/share/robot_6dof/hook/cmake_prefix_path.ps1'
[1.356s] INFO:colcon.colcon_core.shell:Creating environment descriptor '/home/hoang/ros2_ws1/install/robot_6dof/share/robot_6dof/hook/cmake_prefix_path.dsv'
[1.357s] INFO:colcon.colcon_core.shell:Creating environment hook '/home/hoang/ros2_ws1/install/robot_6dof/share/robot_6dof/hook/cmake_prefix_path.sh'
[1.358s] Level 1:colcon.colcon_core.environment:checking '/home/hoang/ros2_ws1/install/robot_6dof/bin'
[1.358s] Level 1:colcon.colcon_core.environment:checking '/home/hoang/ros2_ws1/install/robot_6dof/lib/pkgconfig/robot_6dof.pc'
[1.358s] Level 1:colcon.colcon_core.environment:checking '/home/hoang/ros2_ws1/install/robot_6dof/lib/python3.12/site-packages'
[1.358s] Level 1:colcon.colcon_core.environment:checking '/home/hoang/ros2_ws1/install/robot_6dof/bin'
[1.359s] INFO:colcon.colcon_core.shell:Creating package script '/home/hoang/ros2_ws1/install/robot_6dof/share/robot_6dof/package.ps1'
[1.359s] INFO:colcon.colcon_core.shell:Creating package descriptor '/home/hoang/ros2_ws1/install/robot_6dof/share/robot_6dof/package.dsv'
[1.360s] INFO:colcon.colcon_core.shell:Creating package script '/home/hoang/ros2_ws1/install/robot_6dof/share/robot_6dof/package.sh'
[1.360s] INFO:colcon.colcon_core.shell:Creating package script '/home/hoang/ros2_ws1/install/robot_6dof/share/robot_6dof/package.bash'
[1.361s] INFO:colcon.colcon_core.shell:Creating package script '/home/hoang/ros2_ws1/install/robot_6dof/share/robot_6dof/package.zsh'
[1.362s] Level 1:colcon.colcon_core.environment:create_file_with_runtime_dependencies(/home/hoang/ros2_ws1/install/robot_6dof/share/colcon-core/packages/robot_6dof)
[1.362s] INFO:colcon.colcon_ros.task.ament_cmake.build:Building ROS package in '/home/hoang/ros2_ws1/src/robot_6dof_moveit_config1' with build type 'ament_cmake'
[1.362s] INFO:colcon.colcon_cmake.task.cmake.build:Building CMake package in '/home/hoang/ros2_ws1/src/robot_6dof_moveit_config1'
[1.362s] INFO:colcon.colcon_core.shell:Skip shell extension 'powershell' for command environment: Not usable outside of PowerShell
[1.363s] DEBUG:colcon.colcon_core.shell:Skip shell extension 'dsv' for command environment
[1.369s] INFO:colcon.colcon_ros.task.ament_cmake.build:Building ROS package in '/home/hoang/ros2_ws1/src/robot_6dof_moveit_config2' with build type 'ament_cmake'
[1.370s] INFO:colcon.colcon_cmake.task.cmake.build:Building CMake package in '/home/hoang/ros2_ws1/src/robot_6dof_moveit_config2'
[1.370s] INFO:colcon.colcon_core.shell:Skip shell extension 'powershell' for command environment: Not usable outside of PowerShell
[1.370s] DEBUG:colcon.colcon_core.shell:Skip shell extension 'dsv' for command environment
[1.381s] DEBUG:colcon.colcon_core.event_handler.log_command:Invoking command in '/home/hoang/ros2_ws1/build/robot_6dof_moveit_config1': CMAKE_PREFIX_PATH=/home/hoang/ros2_ws1/install/robot_6dof:/home/hoang/ros2_ws1/install/robot_6dof_moveit_config2:/home/hoang/ros2_ws1/install/robot_6dof_moveit_config1:/opt/ros/jazzy/opt/gz_launch_vendor:/opt/ros/jazzy/opt/gz_sim_vendor:/opt/ros/jazzy/opt/gz_sensors_vendor:/opt/ros/jazzy/opt/gz_physics_vendor:/opt/ros/jazzy/opt/sdformat_vendor:/opt/ros/jazzy/opt/gz_gui_vendor:/opt/ros/jazzy/opt/gz_transport_vendor:/opt/ros/jazzy/opt/gz_rendering_vendor:/opt/ros/jazzy/opt/gz_plugin_vendor:/opt/ros/jazzy/opt/gz_fuel_tools_vendor:/opt/ros/jazzy/opt/gz_msgs_vendor:/opt/ros/jazzy/opt/gz_common_vendor:/opt/ros/jazzy/opt/gz_math_vendor:/opt/ros/jazzy/opt/gz_utils_vendor:/opt/ros/jazzy/opt/gz_tools_vendor:/opt/ros/jazzy/opt/gz_ogre_next_vendor:/opt/ros/jazzy/opt/gz_dartsim_vendor:/opt/ros/jazzy/opt/gz_cmake_vendor:/opt/ros/jazzy DEBUGINFOD_URLS=https://debuginfod.ubuntu.com /usr/bin/cmake /home/hoang/ros2_ws1/src/robot_6dof_moveit_config1 -DCMAKE_INSTALL_PREFIX=/home/hoang/ros2_ws1/install/robot_6dof_moveit_config1
[1.388s] DEBUG:colcon.colcon_core.event_handler.log_command:Invoking command in '/home/hoang/ros2_ws1/build/robot_6dof_moveit_config2': CMAKE_PREFIX_PATH=/home/hoang/ros2_ws1/install/robot_6dof:/home/hoang/ros2_ws1/install/robot_6dof_moveit_config2:/home/hoang/ros2_ws1/install/robot_6dof_moveit_config1:/opt/ros/jazzy/opt/gz_launch_vendor:/opt/ros/jazzy/opt/gz_sim_vendor:/opt/ros/jazzy/opt/gz_sensors_vendor:/opt/ros/jazzy/opt/gz_physics_vendor:/opt/ros/jazzy/opt/sdformat_vendor:/opt/ros/jazzy/opt/gz_gui_vendor:/opt/ros/jazzy/opt/gz_transport_vendor:/opt/ros/jazzy/opt/gz_rendering_vendor:/opt/ros/jazzy/opt/gz_plugin_vendor:/opt/ros/jazzy/opt/gz_fuel_tools_vendor:/opt/ros/jazzy/opt/gz_msgs_vendor:/opt/ros/jazzy/opt/gz_common_vendor:/opt/ros/jazzy/opt/gz_math_vendor:/opt/ros/jazzy/opt/gz_utils_vendor:/opt/ros/jazzy/opt/gz_tools_vendor:/opt/ros/jazzy/opt/gz_ogre_next_vendor:/opt/ros/jazzy/opt/gz_dartsim_vendor:/opt/ros/jazzy/opt/gz_cmake_vendor:/opt/ros/jazzy DEBUGINFOD_URLS=https://debuginfod.ubuntu.com /usr/bin/cmake /home/hoang/ros2_ws1/src/robot_6dof_moveit_config2 -DCMAKE_INSTALL_PREFIX=/home/hoang/ros2_ws1/install/robot_6dof_moveit_config2
[1.910s] DEBUG:colcon.colcon_core.event_handler.log_command:Invoked command in '/home/hoang/ros2_ws1/build/robot_6dof_moveit_config1' returned '0': CMAKE_PREFIX_PATH=/home/hoang/ros2_ws1/install/robot_6dof:/home/hoang/ros2_ws1/install/robot_6dof_moveit_config2:/home/hoang/ros2_ws1/install/robot_6dof_moveit_config1:/opt/ros/jazzy/opt/gz_launch_vendor:/opt/ros/jazzy/opt/gz_sim_vendor:/opt/ros/jazzy/opt/gz_sensors_vendor:/opt/ros/jazzy/opt/gz_physics_vendor:/opt/ros/jazzy/opt/sdformat_vendor:/opt/ros/jazzy/opt/gz_gui_vendor:/opt/ros/jazzy/opt/gz_transport_vendor:/opt/ros/jazzy/opt/gz_rendering_vendor:/opt/ros/jazzy/opt/gz_plugin_vendor:/opt/ros/jazzy/opt/gz_fuel_tools_vendor:/opt/ros/jazzy/opt/gz_msgs_vendor:/opt/ros/jazzy/opt/gz_common_vendor:/opt/ros/jazzy/opt/gz_math_vendor:/opt/ros/jazzy/opt/gz_utils_vendor:/opt/ros/jazzy/opt/gz_tools_vendor:/opt/ros/jazzy/opt/gz_ogre_next_vendor:/opt/ros/jazzy/opt/gz_dartsim_vendor:/opt/ros/jazzy/opt/gz_cmake_vendor:/opt/ros/jazzy DEBUGINFOD_URLS=https://debuginfod.ubuntu.com /usr/bin/cmake /home/hoang/ros2_ws1/src/robot_6dof_moveit_config1 -DCMAKE_INSTALL_PREFIX=/home/hoang/ros2_ws1/install/robot_6dof_moveit_config1
[1.913s] DEBUG:colcon.colcon_core.event_handler.log_command:Invoking command in '/home/hoang/ros2_ws1/build/robot_6dof_moveit_config1': CMAKE_PREFIX_PATH=/home/hoang/ros2_ws1/install/robot_6dof:/home/hoang/ros2_ws1/install/robot_6dof_moveit_config2:/home/hoang/ros2_ws1/install/robot_6dof_moveit_config1:/opt/ros/jazzy/opt/gz_launch_vendor:/opt/ros/jazzy/opt/gz_sim_vendor:/opt/ros/jazzy/opt/gz_sensors_vendor:/opt/ros/jazzy/opt/gz_physics_vendor:/opt/ros/jazzy/opt/sdformat_vendor:/opt/ros/jazzy/opt/gz_gui_vendor:/opt/ros/jazzy/opt/gz_transport_vendor:/opt/ros/jazzy/opt/gz_rendering_vendor:/opt/ros/jazzy/opt/gz_plugin_vendor:/opt/ros/jazzy/opt/gz_fuel_tools_vendor:/opt/ros/jazzy/opt/gz_msgs_vendor:/opt/ros/jazzy/opt/gz_common_vendor:/opt/ros/jazzy/opt/gz_math_vendor:/opt/ros/jazzy/opt/gz_utils_vendor:/opt/ros/jazzy/opt/gz_tools_vendor:/opt/ros/jazzy/opt/gz_ogre_next_vendor:/opt/ros/jazzy/opt/gz_dartsim_vendor:/opt/ros/jazzy/opt/gz_cmake_vendor:/opt/ros/jazzy DEBUGINFOD_URLS=https://debuginfod.ubuntu.com /usr/bin/cmake --build /home/hoang/ros2_ws1/build/robot_6dof_moveit_config1 -- -j12 -l12
[1.933s] DEBUG:colcon.colcon_core.event_handler.log_command:Invoked command in '/home/hoang/ros2_ws1/build/robot_6dof_moveit_config2' returned '0': CMAKE_PREFIX_PATH=/home/hoang/ros2_ws1/install/robot_6dof:/home/hoang/ros2_ws1/install/robot_6dof_moveit_config2:/home/hoang/ros2_ws1/install/robot_6dof_moveit_config1:/opt/ros/jazzy/opt/gz_launch_vendor:/opt/ros/jazzy/opt/gz_sim_vendor:/opt/ros/jazzy/opt/gz_sensors_vendor:/opt/ros/jazzy/opt/gz_physics_vendor:/opt/ros/jazzy/opt/sdformat_vendor:/opt/ros/jazzy/opt/gz_gui_vendor:/opt/ros/jazzy/opt/gz_transport_vendor:/opt/ros/jazzy/opt/gz_rendering_vendor:/opt/ros/jazzy/opt/gz_plugin_vendor:/opt/ros/jazzy/opt/gz_fuel_tools_vendor:/opt/ros/jazzy/opt/gz_msgs_vendor:/opt/ros/jazzy/opt/gz_common_vendor:/opt/ros/jazzy/opt/gz_math_vendor:/opt/ros/jazzy/opt/gz_utils_vendor:/opt/ros/jazzy/opt/gz_tools_vendor:/opt/ros/jazzy/opt/gz_ogre_next_vendor:/opt/ros/jazzy/opt/gz_dartsim_vendor:/opt/ros/jazzy/opt/gz_cmake_vendor:/opt/ros/jazzy DEBUGINFOD_URLS=https://debuginfod.ubuntu.com /usr/bin/cmake /home/hoang/ros2_ws1/src/robot_6dof_moveit_config2 -DCMAKE_INSTALL_PREFIX=/home/hoang/ros2_ws1/install/robot_6dof_moveit_config2
[1.936s] DEBUG:colcon.colcon_core.event_handler.log_command:Invoking command in '/home/hoang/ros2_ws1/build/robot_6dof_moveit_config2': CMAKE_PREFIX_PATH=/home/hoang/ros2_ws1/install/robot_6dof:/home/hoang/ros2_ws1/install/robot_6dof_moveit_config2:/home/hoang/ros2_ws1/install/robot_6dof_moveit_config1:/opt/ros/jazzy/opt/gz_launch_vendor:/opt/ros/jazzy/opt/gz_sim_vendor:/opt/ros/jazzy/opt/gz_sensors_vendor:/opt/ros/jazzy/opt/gz_physics_vendor:/opt/ros/jazzy/opt/sdformat_vendor:/opt/ros/jazzy/opt/gz_gui_vendor:/opt/ros/jazzy/opt/gz_transport_vendor:/opt/ros/jazzy/opt/gz_rendering_vendor:/opt/ros/jazzy/opt/gz_plugin_vendor:/opt/ros/jazzy/opt/gz_fuel_tools_vendor:/opt/ros/jazzy/opt/gz_msgs_vendor:/opt/ros/jazzy/opt/gz_common_vendor:/opt/ros/jazzy/opt/gz_math_vendor:/opt/ros/jazzy/opt/gz_utils_vendor:/opt/ros/jazzy/opt/gz_tools_vendor:/opt/ros/jazzy/opt/gz_ogre_next_vendor:/opt/ros/jazzy/opt/gz_dartsim_vendor:/opt/ros/jazzy/opt/gz_cmake_vendor:/opt/ros/jazzy DEBUGINFOD_URLS=https://debuginfod.ubuntu.com /usr/bin/cmake --build /home/hoang/ros2_ws1/build/robot_6dof_moveit_config2 -- -j12 -l12
[1.995s] DEBUG:colcon.colcon_core.event_handler.log_command:Invoked command in '/home/hoang/ros2_ws1/build/robot_6dof_moveit_config1' returned '0': CMAKE_PREFIX_PATH=/home/hoang/ros2_ws1/install/robot_6dof:/home/hoang/ros2_ws1/install/robot_6dof_moveit_config2:/home/hoang/ros2_ws1/install/robot_6dof_moveit_config1:/opt/ros/jazzy/opt/gz_launch_vendor:/opt/ros/jazzy/opt/gz_sim_vendor:/opt/ros/jazzy/opt/gz_sensors_vendor:/opt/ros/jazzy/opt/gz_physics_vendor:/opt/ros/jazzy/opt/sdformat_vendor:/opt/ros/jazzy/opt/gz_gui_vendor:/opt/ros/jazzy/opt/gz_transport_vendor:/opt/ros/jazzy/opt/gz_rendering_vendor:/opt/ros/jazzy/opt/gz_plugin_vendor:/opt/ros/jazzy/opt/gz_fuel_tools_vendor:/opt/ros/jazzy/opt/gz_msgs_vendor:/opt/ros/jazzy/opt/gz_common_vendor:/opt/ros/jazzy/opt/gz_math_vendor:/opt/ros/jazzy/opt/gz_utils_vendor:/opt/ros/jazzy/opt/gz_tools_vendor:/opt/ros/jazzy/opt/gz_ogre_next_vendor:/opt/ros/jazzy/opt/gz_dartsim_vendor:/opt/ros/jazzy/opt/gz_cmake_vendor:/opt/ros/jazzy DEBUGINFOD_URLS=https://debuginfod.ubuntu.com /usr/bin/cmake --build /home/hoang/ros2_ws1/build/robot_6dof_moveit_config1 -- -j12 -l12
[1.996s] DEBUG:colcon.colcon_core.event_handler.log_command:Invoking command in '/home/hoang/ros2_ws1/build/robot_6dof_moveit_config1': CMAKE_PREFIX_PATH=/home/hoang/ros2_ws1/install/robot_6dof:/home/hoang/ros2_ws1/install/robot_6dof_moveit_config2:/home/hoang/ros2_ws1/install/robot_6dof_moveit_config1:/opt/ros/jazzy/opt/gz_launch_vendor:/opt/ros/jazzy/opt/gz_sim_vendor:/opt/ros/jazzy/opt/gz_sensors_vendor:/opt/ros/jazzy/opt/gz_physics_vendor:/opt/ros/jazzy/opt/sdformat_vendor:/opt/ros/jazzy/opt/gz_gui_vendor:/opt/ros/jazzy/opt/gz_transport_vendor:/opt/ros/jazzy/opt/gz_rendering_vendor:/opt/ros/jazzy/opt/gz_plugin_vendor:/opt/ros/jazzy/opt/gz_fuel_tools_vendor:/opt/ros/jazzy/opt/gz_msgs_vendor:/opt/ros/jazzy/opt/gz_common_vendor:/opt/ros/jazzy/opt/gz_math_vendor:/opt/ros/jazzy/opt/gz_utils_vendor:/opt/ros/jazzy/opt/gz_tools_vendor:/opt/ros/jazzy/opt/gz_ogre_next_vendor:/opt/ros/jazzy/opt/gz_dartsim_vendor:/opt/ros/jazzy/opt/gz_cmake_vendor:/opt/ros/jazzy DEBUGINFOD_URLS=https://debuginfod.ubuntu.com /usr/bin/cmake --install /home/hoang/ros2_ws1/build/robot_6dof_moveit_config1
[2.030s] DEBUG:colcon.colcon_core.event_handler.log_command:Invoked command in '/home/hoang/ros2_ws1/build/robot_6dof_moveit_config2' returned '0': CMAKE_PREFIX_PATH=/home/hoang/ros2_ws1/install/robot_6dof:/home/hoang/ros2_ws1/install/robot_6dof_moveit_config2:/home/hoang/ros2_ws1/install/robot_6dof_moveit_config1:/opt/ros/jazzy/opt/gz_launch_vendor:/opt/ros/jazzy/opt/gz_sim_vendor:/opt/ros/jazzy/opt/gz_sensors_vendor:/opt/ros/jazzy/opt/gz_physics_vendor:/opt/ros/jazzy/opt/sdformat_vendor:/opt/ros/jazzy/opt/gz_gui_vendor:/opt/ros/jazzy/opt/gz_transport_vendor:/opt/ros/jazzy/opt/gz_rendering_vendor:/opt/ros/jazzy/opt/gz_plugin_vendor:/opt/ros/jazzy/opt/gz_fuel_tools_vendor:/opt/ros/jazzy/opt/gz_msgs_vendor:/opt/ros/jazzy/opt/gz_common_vendor:/opt/ros/jazzy/opt/gz_math_vendor:/opt/ros/jazzy/opt/gz_utils_vendor:/opt/ros/jazzy/opt/gz_tools_vendor:/opt/ros/jazzy/opt/gz_ogre_next_vendor:/opt/ros/jazzy/opt/gz_dartsim_vendor:/opt/ros/jazzy/opt/gz_cmake_vendor:/opt/ros/jazzy DEBUGINFOD_URLS=https://debuginfod.ubuntu.com /usr/bin/cmake --build /home/hoang/ros2_ws1/build/robot_6dof_moveit_config2 -- -j12 -l12
[2.031s] DEBUG:colcon.colcon_core.event_handler.log_command:Invoking command in '/home/hoang/ros2_ws1/build/robot_6dof_moveit_config2': CMAKE_PREFIX_PATH=/home/hoang/ros2_ws1/install/robot_6dof:/home/hoang/ros2_ws1/install/robot_6dof_moveit_config2:/home/hoang/ros2_ws1/install/robot_6dof_moveit_config1:/opt/ros/jazzy/opt/gz_launch_vendor:/opt/ros/jazzy/opt/gz_sim_vendor:/opt/ros/jazzy/opt/gz_sensors_vendor:/opt/ros/jazzy/opt/gz_physics_vendor:/opt/ros/jazzy/opt/sdformat_vendor:/opt/ros/jazzy/opt/gz_gui_vendor:/opt/ros/jazzy/opt/gz_transport_vendor:/opt/ros/jazzy/opt/gz_rendering_vendor:/opt/ros/jazzy/opt/gz_plugin_vendor:/opt/ros/jazzy/opt/gz_fuel_tools_vendor:/opt/ros/jazzy/opt/gz_msgs_vendor:/opt/ros/jazzy/opt/gz_common_vendor:/opt/ros/jazzy/opt/gz_math_vendor:/opt/ros/jazzy/opt/gz_utils_vendor:/opt/ros/jazzy/opt/gz_tools_vendor:/opt/ros/jazzy/opt/gz_ogre_next_vendor:/opt/ros/jazzy/opt/gz_dartsim_vendor:/opt/ros/jazzy/opt/gz_cmake_vendor:/opt/ros/jazzy DEBUGINFOD_URLS=https://debuginfod.ubuntu.com /usr/bin/cmake --install /home/hoang/ros2_ws1/build/robot_6dof_moveit_config2
[2.054s] Level 1:colcon.colcon_core.environment:create_environment_scripts_only(robot_6dof_moveit_config1)
[2.054s] Level 1:colcon.colcon_core.environment:checking '/home/hoang/ros2_ws1/install/robot_6dof_moveit_config1' for CMake module files
[2.057s] DEBUG:colcon.colcon_core.event_handler.log_command:Invoked command in '/home/hoang/ros2_ws1/build/robot_6dof_moveit_config1' returned '0': CMAKE_PREFIX_PATH=/home/hoang/ros2_ws1/install/robot_6dof:/home/hoang/ros2_ws1/install/robot_6dof_moveit_config2:/home/hoang/ros2_ws1/install/robot_6dof_moveit_config1:/opt/ros/jazzy/opt/gz_launch_vendor:/opt/ros/jazzy/opt/gz_sim_vendor:/opt/ros/jazzy/opt/gz_sensors_vendor:/opt/ros/jazzy/opt/gz_physics_vendor:/opt/ros/jazzy/opt/sdformat_vendor:/opt/ros/jazzy/opt/gz_gui_vendor:/opt/ros/jazzy/opt/gz_transport_vendor:/opt/ros/jazzy/opt/gz_rendering_vendor:/opt/ros/jazzy/opt/gz_plugin_vendor:/opt/ros/jazzy/opt/gz_fuel_tools_vendor:/opt/ros/jazzy/opt/gz_msgs_vendor:/opt/ros/jazzy/opt/gz_common_vendor:/opt/ros/jazzy/opt/gz_math_vendor:/opt/ros/jazzy/opt/gz_utils_vendor:/opt/ros/jazzy/opt/gz_tools_vendor:/opt/ros/jazzy/opt/gz_ogre_next_vendor:/opt/ros/jazzy/opt/gz_dartsim_vendor:/opt/ros/jazzy/opt/gz_cmake_vendor:/opt/ros/jazzy DEBUGINFOD_URLS=https://debuginfod.ubuntu.com /usr/bin/cmake --install /home/hoang/ros2_ws1/build/robot_6dof_moveit_config1
[2.058s] Level 1:colcon.colcon_core.environment:checking '/home/hoang/ros2_ws1/install/robot_6dof_moveit_config1' for CMake config files
[2.059s] Level 1:colcon.colcon_core.shell:create_environment_hook('robot_6dof_moveit_config1', 'cmake_prefix_path')
[2.059s] INFO:colcon.colcon_core.shell:Creating environment hook '/home/hoang/ros2_ws1/install/robot_6dof_moveit_config1/share/robot_6dof_moveit_config1/hook/cmake_prefix_path.ps1'
[2.060s] INFO:colcon.colcon_core.shell:Creating environment descriptor '/home/hoang/ros2_ws1/install/robot_6dof_moveit_config1/share/robot_6dof_moveit_config1/hook/cmake_prefix_path.dsv'
[2.061s] INFO:colcon.colcon_core.shell:Creating environment hook '/home/hoang/ros2_ws1/install/robot_6dof_moveit_config1/share/robot_6dof_moveit_config1/hook/cmake_prefix_path.sh'
[2.062s] Level 1:colcon.colcon_core.environment:checking '/home/hoang/ros2_ws1/install/robot_6dof_moveit_config1/bin'
[2.062s] Level 1:colcon.colcon_core.environment:checking '/home/hoang/ros2_ws1/install/robot_6dof_moveit_config1/lib/pkgconfig/robot_6dof_moveit_config1.pc'
[2.062s] Level 1:colcon.colcon_core.environment:checking '/home/hoang/ros2_ws1/install/robot_6dof_moveit_config1/lib/python3.12/site-packages'
[2.062s] Level 1:colcon.colcon_core.environment:checking '/home/hoang/ros2_ws1/install/robot_6dof_moveit_config1/bin'
[2.063s] INFO:colcon.colcon_core.shell:Creating package script '/home/hoang/ros2_ws1/install/robot_6dof_moveit_config1/share/robot_6dof_moveit_config1/package.ps1'
[2.063s] INFO:colcon.colcon_core.shell:Creating package descriptor '/home/hoang/ros2_ws1/install/robot_6dof_moveit_config1/share/robot_6dof_moveit_config1/package.dsv'
[2.064s] INFO:colcon.colcon_core.shell:Creating package script '/home/hoang/ros2_ws1/install/robot_6dof_moveit_config1/share/robot_6dof_moveit_config1/package.sh'
[2.064s] INFO:colcon.colcon_core.shell:Creating package script '/home/hoang/ros2_ws1/install/robot_6dof_moveit_config1/share/robot_6dof_moveit_config1/package.bash'
[2.065s] INFO:colcon.colcon_core.shell:Creating package script '/home/hoang/ros2_ws1/install/robot_6dof_moveit_config1/share/robot_6dof_moveit_config1/package.zsh'
[2.065s] Level 1:colcon.colcon_core.environment:create_file_with_runtime_dependencies(/home/hoang/ros2_ws1/install/robot_6dof_moveit_config1/share/colcon-core/packages/robot_6dof_moveit_config1)
[2.066s] Level 1:colcon.colcon_core.environment:create_environment_scripts_only(robot_6dof_moveit_config1)
[2.066s] Level 1:colcon.colcon_core.environment:checking '/home/hoang/ros2_ws1/install/robot_6dof_moveit_config1' for CMake module files
[2.067s] Level 1:colcon.colcon_core.environment:checking '/home/hoang/ros2_ws1/install/robot_6dof_moveit_config1' for CMake config files
[2.067s] Level 1:colcon.colcon_core.shell:create_environment_hook('robot_6dof_moveit_config1', 'cmake_prefix_path')
[2.067s] INFO:colcon.colcon_core.shell:Creating environment hook '/home/hoang/ros2_ws1/install/robot_6dof_moveit_config1/share/robot_6dof_moveit_config1/hook/cmake_prefix_path.ps1'
[2.112s] INFO:colcon.colcon_core.shell:Creating environment descriptor '/home/hoang/ros2_ws1/install/robot_6dof_moveit_config1/share/robot_6dof_moveit_config1/hook/cmake_prefix_path.dsv'
[2.113s] INFO:colcon.colcon_core.shell:Creating environment hook '/home/hoang/ros2_ws1/install/robot_6dof_moveit_config1/share/robot_6dof_moveit_config1/hook/cmake_prefix_path.sh'
[2.114s] Level 1:colcon.colcon_core.environment:checking '/home/hoang/ros2_ws1/install/robot_6dof_moveit_config1/bin'
[2.114s] Level 1:colcon.colcon_core.environment:checking '/home/hoang/ros2_ws1/install/robot_6dof_moveit_config1/lib/pkgconfig/robot_6dof_moveit_config1.pc'
[2.114s] Level 1:colcon.colcon_core.environment:checking '/home/hoang/ros2_ws1/install/robot_6dof_moveit_config1/lib/python3.12/site-packages'
[2.115s] Level 1:colcon.colcon_core.environment:checking '/home/hoang/ros2_ws1/install/robot_6dof_moveit_config1/bin'
[2.116s] INFO:colcon.colcon_core.shell:Creating package script '/home/hoang/ros2_ws1/install/robot_6dof_moveit_config1/share/robot_6dof_moveit_config1/package.ps1'
[2.117s] INFO:colcon.colcon_core.shell:Creating package descriptor '/home/hoang/ros2_ws1/install/robot_6dof_moveit_config1/share/robot_6dof_moveit_config1/package.dsv'
[2.118s] INFO:colcon.colcon_core.shell:Creating package script '/home/hoang/ros2_ws1/install/robot_6dof_moveit_config1/share/robot_6dof_moveit_config1/package.sh'
[2.119s] INFO:colcon.colcon_core.shell:Creating package script '/home/hoang/ros2_ws1/install/robot_6dof_moveit_config1/share/robot_6dof_moveit_config1/package.bash'
[2.119s] INFO:colcon.colcon_core.shell:Creating package script '/home/hoang/ros2_ws1/install/robot_6dof_moveit_config1/share/robot_6dof_moveit_config1/package.zsh'
[2.120s] Level 1:colcon.colcon_core.environment:create_file_with_runtime_dependencies(/home/hoang/ros2_ws1/install/robot_6dof_moveit_config1/share/colcon-core/packages/robot_6dof_moveit_config1)
[2.122s] Level 1:colcon.colcon_core.environment:create_environment_scripts_only(robot_6dof_moveit_config2)
[2.123s] Level 1:colcon.colcon_core.environment:checking '/home/hoang/ros2_ws1/install/robot_6dof_moveit_config2' for CMake module files
[2.124s] DEBUG:colcon.colcon_core.event_handler.log_command:Invoked command in '/home/hoang/ros2_ws1/build/robot_6dof_moveit_config2' returned '0': CMAKE_PREFIX_PATH=/home/hoang/ros2_ws1/install/robot_6dof:/home/hoang/ros2_ws1/install/robot_6dof_moveit_config2:/home/hoang/ros2_ws1/install/robot_6dof_moveit_config1:/opt/ros/jazzy/opt/gz_launch_vendor:/opt/ros/jazzy/opt/gz_sim_vendor:/opt/ros/jazzy/opt/gz_sensors_vendor:/opt/ros/jazzy/opt/gz_physics_vendor:/opt/ros/jazzy/opt/sdformat_vendor:/opt/ros/jazzy/opt/gz_gui_vendor:/opt/ros/jazzy/opt/gz_transport_vendor:/opt/ros/jazzy/opt/gz_rendering_vendor:/opt/ros/jazzy/opt/gz_plugin_vendor:/opt/ros/jazzy/opt/gz_fuel_tools_vendor:/opt/ros/jazzy/opt/gz_msgs_vendor:/opt/ros/jazzy/opt/gz_common_vendor:/opt/ros/jazzy/opt/gz_math_vendor:/opt/ros/jazzy/opt/gz_utils_vendor:/opt/ros/jazzy/opt/gz_tools_vendor:/opt/ros/jazzy/opt/gz_ogre_next_vendor:/opt/ros/jazzy/opt/gz_dartsim_vendor:/opt/ros/jazzy/opt/gz_cmake_vendor:/opt/ros/jazzy DEBUGINFOD_URLS=https://debuginfod.ubuntu.com /usr/bin/cmake --install /home/hoang/ros2_ws1/build/robot_6dof_moveit_config2
[2.125s] Level 1:colcon.colcon_core.environment:checking '/home/hoang/ros2_ws1/install/robot_6dof_moveit_config2' for CMake config files
[2.126s] Level 1:colcon.colcon_core.shell:create_environment_hook('robot_6dof_moveit_config2', 'cmake_prefix_path')
[2.126s] INFO:colcon.colcon_core.shell:Creating environment hook '/home/hoang/ros2_ws1/install/robot_6dof_moveit_config2/share/robot_6dof_moveit_config2/hook/cmake_prefix_path.ps1'
[2.127s] INFO:colcon.colcon_core.shell:Creating environment descriptor '/home/hoang/ros2_ws1/install/robot_6dof_moveit_config2/share/robot_6dof_moveit_config2/hook/cmake_prefix_path.dsv'
[2.128s] INFO:colcon.colcon_core.shell:Creating environment hook '/home/hoang/ros2_ws1/install/robot_6dof_moveit_config2/share/robot_6dof_moveit_config2/hook/cmake_prefix_path.sh'
[2.129s] Level 1:colcon.colcon_core.environment:checking '/home/hoang/ros2_ws1/install/robot_6dof_moveit_config2/bin'
[2.129s] Level 1:colcon.colcon_core.environment:checking '/home/hoang/ros2_ws1/install/robot_6dof_moveit_config2/lib/pkgconfig/robot_6dof_moveit_config2.pc'
[2.130s] Level 1:colcon.colcon_core.environment:checking '/home/hoang/ros2_ws1/install/robot_6dof_moveit_config2/lib/python3.12/site-packages'
[2.130s] Level 1:colcon.colcon_core.environment:checking '/home/hoang/ros2_ws1/install/robot_6dof_moveit_config2/bin'
[2.131s] INFO:colcon.colcon_core.shell:Creating package script '/home/hoang/ros2_ws1/install/robot_6dof_moveit_config2/share/robot_6dof_moveit_config2/package.ps1'
[2.132s] INFO:colcon.colcon_core.shell:Creating package descriptor '/home/hoang/ros2_ws1/install/robot_6dof_moveit_config2/share/robot_6dof_moveit_config2/package.dsv'
[2.133s] INFO:colcon.colcon_core.shell:Creating package script '/home/hoang/ros2_ws1/install/robot_6dof_moveit_config2/share/robot_6dof_moveit_config2/package.sh'
[2.134s] INFO:colcon.colcon_core.shell:Creating package script '/home/hoang/ros2_ws1/install/robot_6dof_moveit_config2/share/robot_6dof_moveit_config2/package.bash'
[2.135s] INFO:colcon.colcon_core.shell:Creating package script '/home/hoang/ros2_ws1/install/robot_6dof_moveit_config2/share/robot_6dof_moveit_config2/package.zsh'
[2.135s] Level 1:colcon.colcon_core.environment:create_file_with_runtime_dependencies(/home/hoang/ros2_ws1/install/robot_6dof_moveit_config2/share/colcon-core/packages/robot_6dof_moveit_config2)
[2.136s] Level 1:colcon.colcon_core.environment:create_environment_scripts_only(robot_6dof_moveit_config2)
[2.136s] Level 1:colcon.colcon_core.environment:checking '/home/hoang/ros2_ws1/install/robot_6dof_moveit_config2' for CMake module files
[2.138s] Level 1:colcon.colcon_core.environment:checking '/home/hoang/ros2_ws1/install/robot_6dof_moveit_config2' for CMake config files
[2.139s] Level 1:colcon.colcon_core.shell:create_environment_hook('robot_6dof_moveit_config2', 'cmake_prefix_path')
[2.139s] INFO:colcon.colcon_core.shell:Creating environment hook '/home/hoang/ros2_ws1/install/robot_6dof_moveit_config2/share/robot_6dof_moveit_config2/hook/cmake_prefix_path.ps1'
[2.140s] INFO:colcon.colcon_core.shell:Creating environment descriptor '/home/hoang/ros2_ws1/install/robot_6dof_moveit_config2/share/robot_6dof_moveit_config2/hook/cmake_prefix_path.dsv'
[2.141s] INFO:colcon.colcon_core.shell:Creating environment hook '/home/hoang/ros2_ws1/install/robot_6dof_moveit_config2/share/robot_6dof_moveit_config2/hook/cmake_prefix_path.sh'
[2.142s] Level 1:colcon.colcon_core.environment:checking '/home/hoang/ros2_ws1/install/robot_6dof_moveit_config2/bin'
[2.142s] Level 1:colcon.colcon_core.environment:checking '/home/hoang/ros2_ws1/install/robot_6dof_moveit_config2/lib/pkgconfig/robot_6dof_moveit_config2.pc'
[2.142s] Level 1:colcon.colcon_core.environment:checking '/home/hoang/ros2_ws1/install/robot_6dof_moveit_config2/lib/python3.12/site-packages'
[2.143s] Level 1:colcon.colcon_core.environment:checking '/home/hoang/ros2_ws1/install/robot_6dof_moveit_config2/bin'
[2.143s] INFO:colcon.colcon_core.shell:Creating package script '/home/hoang/ros2_ws1/install/robot_6dof_moveit_config2/share/robot_6dof_moveit_config2/package.ps1'
[2.144s] INFO:colcon.colcon_core.shell:Creating package descriptor '/home/hoang/ros2_ws1/install/robot_6dof_moveit_config2/share/robot_6dof_moveit_config2/package.dsv'
[2.145s] INFO:colcon.colcon_core.shell:Creating package script '/home/hoang/ros2_ws1/install/robot_6dof_moveit_config2/share/robot_6dof_moveit_config2/package.sh'
[2.146s] INFO:colcon.colcon_core.shell:Creating package script '/home/hoang/ros2_ws1/install/robot_6dof_moveit_config2/share/robot_6dof_moveit_config2/package.bash'
[2.147s] INFO:colcon.colcon_core.shell:Creating package script '/home/hoang/ros2_ws1/install/robot_6dof_moveit_config2/share/robot_6dof_moveit_config2/package.zsh'
[2.148s] Level 1:colcon.colcon_core.environment:create_file_with_runtime_dependencies(/home/hoang/ros2_ws1/install/robot_6dof_moveit_config2/share/colcon-core/packages/robot_6dof_moveit_config2)
[2.149s] DEBUG:colcon.colcon_parallel_executor.executor.parallel:closing loop
[2.149s] DEBUG:colcon.colcon_parallel_executor.executor.parallel:loop closed
[2.150s] DEBUG:colcon.colcon_parallel_executor.executor.parallel:run_until_complete finished with '0'
[2.150s] DEBUG:colcon.colcon_core.event_reactor:joining thread
[2.160s] INFO:colcon.colcon_core.plugin_system:Skipping extension 'colcon_notification.desktop_notification.terminal_notifier': Not used on non-Darwin systems
[2.161s] INFO:colcon.colcon_core.plugin_system:Skipping extension 'colcon_notification.desktop_notification.win32': Not used on non-Windows systems
[2.161s] INFO:colcon.colcon_notification.desktop_notification:Sending desktop notification using 'notify2'
[2.191s] DEBUG:colcon.colcon_core.event_reactor:joined thread
[2.191s] INFO:colcon.colcon_core.shell:Creating prefix script '/home/hoang/ros2_ws1/install/local_setup.ps1'
[2.193s] INFO:colcon.colcon_core.shell:Creating prefix util module '/home/hoang/ros2_ws1/install/_local_setup_util_ps1.py'
[2.195s] INFO:colcon.colcon_core.shell:Creating prefix chain script '/home/hoang/ros2_ws1/install/setup.ps1'
[2.198s] INFO:colcon.colcon_core.shell:Creating prefix script '/home/hoang/ros2_ws1/install/local_setup.sh'
[2.199s] INFO:colcon.colcon_core.shell:Creating prefix util module '/home/hoang/ros2_ws1/install/_local_setup_util_sh.py'
[2.200s] INFO:colcon.colcon_core.shell:Creating prefix chain script '/home/hoang/ros2_ws1/install/setup.sh'
[2.202s] INFO:colcon.colcon_core.shell:Creating prefix script '/home/hoang/ros2_ws1/install/local_setup.bash'
[2.203s] INFO:colcon.colcon_core.shell:Creating prefix chain script '/home/hoang/ros2_ws1/install/setup.bash'
[2.205s] INFO:colcon.colcon_core.shell:Creating prefix script '/home/hoang/ros2_ws1/install/local_setup.zsh'
[2.206s] INFO:colcon.colcon_core.shell:Creating prefix chain script '/home/hoang/ros2_ws1/install/setup.zsh'
