[0.192s] DEBUG:colcon:Command line arguments: ['/usr/bin/colcon', 'build']
[0.192s] DEBUG:colcon:Parsed command line arguments: Namespace(log_base=None, log_level=None, verb_name='build', build_base='build', install_base='install', merge_install=False, symlink_install=False, test_result_base=None, continue_on_error=False, executor='parallel', parallel_workers=12, event_handlers=None, ignore_user_meta=False, metas=['./colcon.meta'], base_paths=['.'], packages_ignore=None, packages_ignore_regex=None, paths=None, packages_up_to=None, packages_up_to_regex=None, packages_above=None, packages_above_and_dependencies=None, packages_above_depth=None, packages_select_by_dep=None, packages_skip_by_dep=None, packages_skip_up_to=None, packages_select_build_failed=False, packages_skip_build_finished=False, packages_select_test_failures=False, packages_skip_test_passed=False, packages_select=None, packages_skip=None, packages_select_regex=None, packages_skip_regex=None, packages_start=None, packages_end=None, allow_overriding=[], cmake_args=None, cmake_target=None, cmake_target_skip_unavailable=False, cmake_clean_cache=False, cmake_clean_first=False, cmake_force_configure=False, ament_cmake_args=None, catkin_cmake_args=None, catkin_skip_building_tests=False, mixin_files=None, mixin=None, verb_parser=<colcon_mixin.mixin.mixin_argument.MixinArgumentDecorator object at 0x7a14117b1a90>, verb_extension=<colcon_core.verb.build.BuildVerb object at 0x7a14117503b0>, main=<bound method BuildVerb.main of <colcon_core.verb.build.BuildVerb object at 0x7a14117503b0>>, mixin_verb=('build',))
[0.234s] Level 1:colcon.colcon_core.package_discovery:discover_packages(colcon_meta) check parameters
[0.234s] Level 1:colcon.colcon_core.package_discovery:discover_packages(recursive) check parameters
[0.234s] Level 1:colcon.colcon_core.package_discovery:discover_packages(ignore) check parameters
[0.234s] Level 1:colcon.colcon_core.package_discovery:discover_packages(path) check parameters
[0.234s] Level 1:colcon.colcon_core.package_discovery:discover_packages(colcon_meta) discover
[0.234s] Level 1:colcon.colcon_core.package_discovery:discover_packages(recursive) discover
[0.234s] INFO:colcon.colcon_core.package_discovery:Crawling recursively for packages in '/home/hoang/ros2_ws1'
[0.234s] Level 1:colcon.colcon_core.package_identification:_identify(.) by extensions ['ignore', 'ignore_ament_install']
[0.234s] Level 1:colcon.colcon_core.package_identification:_identify(.) by extension 'ignore'
[0.234s] Level 1:colcon.colcon_core.package_identification:_identify(.) by extension 'ignore_ament_install'
[0.234s] Level 1:colcon.colcon_core.package_identification:_identify(.) by extensions ['colcon_pkg']
[0.234s] Level 1:colcon.colcon_core.package_identification:_identify(.) by extension 'colcon_pkg'
[0.234s] Level 1:colcon.colcon_core.package_identification:_identify(.) by extensions ['colcon_meta']
[0.234s] Level 1:colcon.colcon_core.package_identification:_identify(.) by extension 'colcon_meta'
[0.234s] Level 1:colcon.colcon_core.package_identification:_identify(.) by extensions ['ros']
[0.234s] Level 1:colcon.colcon_core.package_identification:_identify(.) by extension 'ros'
[0.257s] Level 1:colcon.colcon_core.package_identification:_identify(.) by extensions ['cmake', 'python']
[0.257s] Level 1:colcon.colcon_core.package_identification:_identify(.) by extension 'cmake'
[0.257s] Level 1:colcon.colcon_core.package_identification:_identify(.) by extension 'python'
[0.257s] Level 1:colcon.colcon_core.package_identification:_identify(.) by extensions ['python_setup_py']
[0.257s] Level 1:colcon.colcon_core.package_identification:_identify(.) by extension 'python_setup_py'
[0.257s] Level 1:colcon.colcon_core.package_identification:_identify(build) by extensions ['ignore', 'ignore_ament_install']
[0.257s] Level 1:colcon.colcon_core.package_identification:_identify(build) by extension 'ignore'
[0.257s] Level 1:colcon.colcon_core.package_identification:_identify(build) ignored
[0.257s] Level 1:colcon.colcon_core.package_identification:_identify(install) by extensions ['ignore', 'ignore_ament_install']
[0.257s] Level 1:colcon.colcon_core.package_identification:_identify(install) by extension 'ignore'
[0.257s] Level 1:colcon.colcon_core.package_identification:_identify(install) ignored
[0.257s] Level 1:colcon.colcon_core.package_identification:_identify(log) by extensions ['ignore', 'ignore_ament_install']
[0.258s] Level 1:colcon.colcon_core.package_identification:_identify(log) by extension 'ignore'
[0.258s] Level 1:colcon.colcon_core.package_identification:_identify(log) ignored
[0.258s] Level 1:colcon.colcon_core.package_identification:_identify(src) by extensions ['ignore', 'ignore_ament_install']
[0.258s] Level 1:colcon.colcon_core.package_identification:_identify(src) by extension 'ignore'
[0.258s] Level 1:colcon.colcon_core.package_identification:_identify(src) by extension 'ignore_ament_install'
[0.258s] Level 1:colcon.colcon_core.package_identification:_identify(src) by extensions ['colcon_pkg']
[0.258s] Level 1:colcon.colcon_core.package_identification:_identify(src) by extension 'colcon_pkg'
[0.258s] Level 1:colcon.colcon_core.package_identification:_identify(src) by extensions ['colcon_meta']
[0.258s] Level 1:colcon.colcon_core.package_identification:_identify(src) by extension 'colcon_meta'
[0.258s] Level 1:colcon.colcon_core.package_identification:_identify(src) by extensions ['ros']
[0.258s] Level 1:colcon.colcon_core.package_identification:_identify(src) by extension 'ros'
[0.258s] Level 1:colcon.colcon_core.package_identification:_identify(src) by extensions ['cmake', 'python']
[0.258s] Level 1:colcon.colcon_core.package_identification:_identify(src) by extension 'cmake'
[0.258s] Level 1:colcon.colcon_core.package_identification:_identify(src) by extension 'python'
[0.258s] Level 1:colcon.colcon_core.package_identification:_identify(src) by extensions ['python_setup_py']
[0.258s] Level 1:colcon.colcon_core.package_identification:_identify(src) by extension 'python_setup_py'
[0.258s] Level 1:colcon.colcon_core.package_identification:_identify(src/robot_6dof) by extensions ['ignore', 'ignore_ament_install']
[0.258s] Level 1:colcon.colcon_core.package_identification:_identify(src/robot_6dof) by extension 'ignore'
[0.258s] Level 1:colcon.colcon_core.package_identification:_identify(src/robot_6dof) by extension 'ignore_ament_install'
[0.258s] Level 1:colcon.colcon_core.package_identification:_identify(src/robot_6dof) by extensions ['colcon_pkg']
[0.258s] Level 1:colcon.colcon_core.package_identification:_identify(src/robot_6dof) by extension 'colcon_pkg'
[0.258s] Level 1:colcon.colcon_core.package_identification:_identify(src/robot_6dof) by extensions ['colcon_meta']
[0.259s] Level 1:colcon.colcon_core.package_identification:_identify(src/robot_6dof) by extension 'colcon_meta'
[0.259s] Level 1:colcon.colcon_core.package_identification:_identify(src/robot_6dof) by extensions ['ros']
[0.259s] Level 1:colcon.colcon_core.package_identification:_identify(src/robot_6dof) by extension 'ros'
[0.263s] DEBUG:colcon.colcon_core.package_identification:Package 'src/robot_6dof' with type 'ros.ament_cmake' and name 'robot_6dof'
[0.263s] Level 1:colcon.colcon_core.package_identification:_identify(src/robot_6dof_moveit_config1) by extensions ['ignore', 'ignore_ament_install']
[0.264s] Level 1:colcon.colcon_core.package_identification:_identify(src/robot_6dof_moveit_config1) by extension 'ignore'
[0.264s] Level 1:colcon.colcon_core.package_identification:_identify(src/robot_6dof_moveit_config1) by extension 'ignore_ament_install'
[0.264s] Level 1:colcon.colcon_core.package_identification:_identify(src/robot_6dof_moveit_config1) by extensions ['colcon_pkg']
[0.264s] Level 1:colcon.colcon_core.package_identification:_identify(src/robot_6dof_moveit_config1) by extension 'colcon_pkg'
[0.264s] Level 1:colcon.colcon_core.package_identification:_identify(src/robot_6dof_moveit_config1) by extensions ['colcon_meta']
[0.264s] Level 1:colcon.colcon_core.package_identification:_identify(src/robot_6dof_moveit_config1) by extension 'colcon_meta'
[0.264s] Level 1:colcon.colcon_core.package_identification:_identify(src/robot_6dof_moveit_config1) by extensions ['ros']
[0.264s] Level 1:colcon.colcon_core.package_identification:_identify(src/robot_6dof_moveit_config1) by extension 'ros'
[0.265s] DEBUG:colcon.colcon_core.package_identification:Package 'src/robot_6dof_moveit_config1' with type 'ros.ament_cmake' and name 'robot_6dof_moveit_config1'
[0.265s] Level 1:colcon.colcon_core.package_identification:_identify(src/robot_6dof_moveit_config2) by extensions ['ignore', 'ignore_ament_install']
[0.265s] Level 1:colcon.colcon_core.package_identification:_identify(src/robot_6dof_moveit_config2) by extension 'ignore'
[0.265s] Level 1:colcon.colcon_core.package_identification:_identify(src/robot_6dof_moveit_config2) by extension 'ignore_ament_install'
[0.265s] Level 1:colcon.colcon_core.package_identification:_identify(src/robot_6dof_moveit_config2) by extensions ['colcon_pkg']
[0.266s] Level 1:colcon.colcon_core.package_identification:_identify(src/robot_6dof_moveit_config2) by extension 'colcon_pkg'
[0.266s] Level 1:colcon.colcon_core.package_identification:_identify(src/robot_6dof_moveit_config2) by extensions ['colcon_meta']
[0.266s] Level 1:colcon.colcon_core.package_identification:_identify(src/robot_6dof_moveit_config2) by extension 'colcon_meta'
[0.266s] Level 1:colcon.colcon_core.package_identification:_identify(src/robot_6dof_moveit_config2) by extensions ['ros']
[0.266s] Level 1:colcon.colcon_core.package_identification:_identify(src/robot_6dof_moveit_config2) by extension 'ros'
[0.266s] DEBUG:colcon.colcon_core.package_identification:Package 'src/robot_6dof_moveit_config2' with type 'ros.ament_cmake' and name 'robot_6dof_moveit_config2'
[0.266s] Level 1:colcon.colcon_core.package_discovery:discover_packages(recursive) using defaults
[0.266s] Level 1:colcon.colcon_core.package_discovery:discover_packages(ignore) discover
[0.266s] Level 1:colcon.colcon_core.package_discovery:discover_packages(ignore) using defaults
[0.266s] Level 1:colcon.colcon_core.package_discovery:discover_packages(path) discover
[0.266s] Level 1:colcon.colcon_core.package_discovery:discover_packages(path) using defaults
[0.285s] Level 1:colcon.colcon_core.package_discovery:discover_packages(prefix_path) check parameters
[0.285s] Level 1:colcon.colcon_core.package_discovery:discover_packages(prefix_path) discover
[0.288s] DEBUG:colcon.colcon_installed_package_information.package_discovery:Found 3 installed packages in /home/hoang/ros2_ws1/install
[0.290s] DEBUG:colcon.colcon_installed_package_information.package_discovery:Found 360 installed packages in /opt/ros/jazzy
[0.291s] Level 1:colcon.colcon_core.package_discovery:discover_packages(prefix_path) using defaults
[0.336s] Level 5:colcon.colcon_core.verb:set package 'robot_6dof' build argument 'cmake_args' from command line to 'None'
[0.336s] Level 5:colcon.colcon_core.verb:set package 'robot_6dof' build argument 'cmake_target' from command line to 'None'
[0.336s] Level 5:colcon.colcon_core.verb:set package 'robot_6dof' build argument 'cmake_target_skip_unavailable' from command line to 'False'
[0.336s] Level 5:colcon.colcon_core.verb:set package 'robot_6dof' build argument 'cmake_clean_cache' from command line to 'False'
[0.336s] Level 5:colcon.colcon_core.verb:set package 'robot_6dof' build argument 'cmake_clean_first' from command line to 'False'
[0.336s] Level 5:colcon.colcon_core.verb:set package 'robot_6dof' build argument 'cmake_force_configure' from command line to 'False'
[0.336s] Level 5:colcon.colcon_core.verb:set package 'robot_6dof' build argument 'ament_cmake_args' from command line to 'None'
[0.336s] Level 5:colcon.colcon_core.verb:set package 'robot_6dof' build argument 'catkin_cmake_args' from command line to 'None'
[0.336s] Level 5:colcon.colcon_core.verb:set package 'robot_6dof' build argument 'catkin_skip_building_tests' from command line to 'False'
[0.336s] DEBUG:colcon.colcon_core.verb:Building package 'robot_6dof' with the following arguments: {'ament_cmake_args': None, 'build_base': '/home/hoang/ros2_ws1/build/robot_6dof', 'catkin_cmake_args': None, 'catkin_skip_building_tests': False, 'cmake_args': None, 'cmake_clean_cache': False, 'cmake_clean_first': False, 'cmake_force_configure': False, 'cmake_target': None, 'cmake_target_skip_unavailable': False, 'install_base': '/home/hoang/ros2_ws1/install/robot_6dof', 'merge_install': False, 'path': '/home/hoang/ros2_ws1/src/robot_6dof', 'symlink_install': False, 'test_result_base': None}
[0.336s] Level 5:colcon.colcon_core.verb:set package 'robot_6dof_moveit_config1' build argument 'cmake_args' from command line to 'None'
[0.336s] Level 5:colcon.colcon_core.verb:set package 'robot_6dof_moveit_config1' build argument 'cmake_target' from command line to 'None'
[0.336s] Level 5:colcon.colcon_core.verb:set package 'robot_6dof_moveit_config1' build argument 'cmake_target_skip_unavailable' from command line to 'False'
[0.336s] Level 5:colcon.colcon_core.verb:set package 'robot_6dof_moveit_config1' build argument 'cmake_clean_cache' from command line to 'False'
[0.336s] Level 5:colcon.colcon_core.verb:set package 'robot_6dof_moveit_config1' build argument 'cmake_clean_first' from command line to 'False'
[0.336s] Level 5:colcon.colcon_core.verb:set package 'robot_6dof_moveit_config1' build argument 'cmake_force_configure' from command line to 'False'
[0.336s] Level 5:colcon.colcon_core.verb:set package 'robot_6dof_moveit_config1' build argument 'ament_cmake_args' from command line to 'None'
[0.336s] Level 5:colcon.colcon_core.verb:set package 'robot_6dof_moveit_config1' build argument 'catkin_cmake_args' from command line to 'None'
[0.336s] Level 5:colcon.colcon_core.verb:set package 'robot_6dof_moveit_config1' build argument 'catkin_skip_building_tests' from command line to 'False'
[0.336s] DEBUG:colcon.colcon_core.verb:Building package 'robot_6dof_moveit_config1' with the following arguments: {'ament_cmake_args': None, 'build_base': '/home/hoang/ros2_ws1/build/robot_6dof_moveit_config1', 'catkin_cmake_args': None, 'catkin_skip_building_tests': False, 'cmake_args': None, 'cmake_clean_cache': False, 'cmake_clean_first': False, 'cmake_force_configure': False, 'cmake_target': None, 'cmake_target_skip_unavailable': False, 'install_base': '/home/hoang/ros2_ws1/install/robot_6dof_moveit_config1', 'merge_install': False, 'path': '/home/hoang/ros2_ws1/src/robot_6dof_moveit_config1', 'symlink_install': False, 'test_result_base': None}
[0.336s] Level 5:colcon.colcon_core.verb:set package 'robot_6dof_moveit_config2' build argument 'cmake_args' from command line to 'None'
[0.337s] Level 5:colcon.colcon_core.verb:set package 'robot_6dof_moveit_config2' build argument 'cmake_target' from command line to 'None'
[0.337s] Level 5:colcon.colcon_core.verb:set package 'robot_6dof_moveit_config2' build argument 'cmake_target_skip_unavailable' from command line to 'False'
[0.337s] Level 5:colcon.colcon_core.verb:set package 'robot_6dof_moveit_config2' build argument 'cmake_clean_cache' from command line to 'False'
[0.337s] Level 5:colcon.colcon_core.verb:set package 'robot_6dof_moveit_config2' build argument 'cmake_clean_first' from command line to 'False'
[0.337s] Level 5:colcon.colcon_core.verb:set package 'robot_6dof_moveit_config2' build argument 'cmake_force_configure' from command line to 'False'
[0.337s] Level 5:colcon.colcon_core.verb:set package 'robot_6dof_moveit_config2' build argument 'ament_cmake_args' from command line to 'None'
[0.337s] Level 5:colcon.colcon_core.verb:set package 'robot_6dof_moveit_config2' build argument 'catkin_cmake_args' from command line to 'None'
[0.337s] Level 5:colcon.colcon_core.verb:set package 'robot_6dof_moveit_config2' build argument 'catkin_skip_building_tests' from command line to 'False'
[0.337s] DEBUG:colcon.colcon_core.verb:Building package 'robot_6dof_moveit_config2' with the following arguments: {'ament_cmake_args': None, 'build_base': '/home/hoang/ros2_ws1/build/robot_6dof_moveit_config2', 'catkin_cmake_args': None, 'catkin_skip_building_tests': False, 'cmake_args': None, 'cmake_clean_cache': False, 'cmake_clean_first': False, 'cmake_force_configure': False, 'cmake_target': None, 'cmake_target_skip_unavailable': False, 'install_base': '/home/hoang/ros2_ws1/install/robot_6dof_moveit_config2', 'merge_install': False, 'path': '/home/hoang/ros2_ws1/src/robot_6dof_moveit_config2', 'symlink_install': False, 'test_result_base': None}
[0.337s] INFO:colcon.colcon_core.executor:Executing jobs using 'parallel' executor
[0.338s] DEBUG:colcon.colcon_parallel_executor.executor.parallel:run_until_complete
[0.338s] INFO:colcon.colcon_ros.task.ament_cmake.build:Building ROS package in '/home/hoang/ros2_ws1/src/robot_6dof' with build type 'ament_cmake'
[0.338s] INFO:colcon.colcon_cmake.task.cmake.build:Building CMake package in '/home/hoang/ros2_ws1/src/robot_6dof'
[0.344s] INFO:colcon.colcon_core.plugin_system:Skipping extension 'colcon_core.shell.bat': Not used on non-Windows systems
[0.344s] INFO:colcon.colcon_core.shell:Skip shell extension 'powershell' for command environment: Not usable outside of PowerShell
[0.344s] DEBUG:colcon.colcon_core.shell:Skip shell extension 'dsv' for command environment
[0.359s] DEBUG:colcon.colcon_core.event_handler.log_command:Invoking command in '/home/hoang/ros2_ws1/build/robot_6dof': CMAKE_PREFIX_PATH=${CMAKE_PREFIX_PATH}:/opt/ros/jazzy DEBUGINFOD_URLS=https://debuginfod.ubuntu.com /usr/bin/cmake --build /home/hoang/ros2_ws1/build/robot_6dof -- -j12 -l12
[0.431s] DEBUG:colcon.colcon_core.event_handler.log_command:Invoked command in '/home/hoang/ros2_ws1/build/robot_6dof' returned '0': CMAKE_PREFIX_PATH=${CMAKE_PREFIX_PATH}:/opt/ros/jazzy DEBUGINFOD_URLS=https://debuginfod.ubuntu.com /usr/bin/cmake --build /home/hoang/ros2_ws1/build/robot_6dof -- -j12 -l12
[0.454s] DEBUG:colcon.colcon_core.event_handler.log_command:Invoking command in '/home/hoang/ros2_ws1/build/robot_6dof': CMAKE_PREFIX_PATH=${CMAKE_PREFIX_PATH}:/opt/ros/jazzy DEBUGINFOD_URLS=https://debuginfod.ubuntu.com /usr/bin/cmake --install /home/hoang/ros2_ws1/build/robot_6dof
[0.490s] Level 1:colcon.colcon_core.environment:create_environment_scripts_only(robot_6dof)
[0.491s] DEBUG:colcon.colcon_core.event_handler.log_command:Invoked command in '/home/hoang/ros2_ws1/build/robot_6dof' returned '0': CMAKE_PREFIX_PATH=${CMAKE_PREFIX_PATH}:/opt/ros/jazzy DEBUGINFOD_URLS=https://debuginfod.ubuntu.com /usr/bin/cmake --install /home/hoang/ros2_ws1/build/robot_6dof
[0.500s] Level 1:colcon.colcon_core.environment:checking '/home/hoang/ros2_ws1/install/robot_6dof' for CMake module files
[0.501s] Level 1:colcon.colcon_core.environment:checking '/home/hoang/ros2_ws1/install/robot_6dof' for CMake config files
[0.501s] Level 1:colcon.colcon_core.shell:create_environment_hook('robot_6dof', 'cmake_prefix_path')
[0.502s] INFO:colcon.colcon_core.shell:Creating environment hook '/home/hoang/ros2_ws1/install/robot_6dof/share/robot_6dof/hook/cmake_prefix_path.ps1'
[0.503s] INFO:colcon.colcon_core.shell:Creating environment descriptor '/home/hoang/ros2_ws1/install/robot_6dof/share/robot_6dof/hook/cmake_prefix_path.dsv'
[0.504s] INFO:colcon.colcon_core.shell:Creating environment hook '/home/hoang/ros2_ws1/install/robot_6dof/share/robot_6dof/hook/cmake_prefix_path.sh'
[0.505s] Level 1:colcon.colcon_core.environment:checking '/home/hoang/ros2_ws1/install/robot_6dof/bin'
[0.505s] Level 1:colcon.colcon_core.environment:checking '/home/hoang/ros2_ws1/install/robot_6dof/lib/pkgconfig/robot_6dof.pc'
[0.506s] Level 1:colcon.colcon_core.environment:checking '/home/hoang/ros2_ws1/install/robot_6dof/lib/python3.12/site-packages'
[0.506s] Level 1:colcon.colcon_core.environment:checking '/home/hoang/ros2_ws1/install/robot_6dof/bin'
[0.507s] INFO:colcon.colcon_core.shell:Creating package script '/home/hoang/ros2_ws1/install/robot_6dof/share/robot_6dof/package.ps1'
[0.508s] INFO:colcon.colcon_core.shell:Creating package descriptor '/home/hoang/ros2_ws1/install/robot_6dof/share/robot_6dof/package.dsv'
[0.509s] INFO:colcon.colcon_core.shell:Creating package script '/home/hoang/ros2_ws1/install/robot_6dof/share/robot_6dof/package.sh'
[0.510s] INFO:colcon.colcon_core.shell:Creating package script '/home/hoang/ros2_ws1/install/robot_6dof/share/robot_6dof/package.bash'
[0.511s] INFO:colcon.colcon_core.shell:Creating package script '/home/hoang/ros2_ws1/install/robot_6dof/share/robot_6dof/package.zsh'
[0.512s] Level 1:colcon.colcon_core.environment:create_file_with_runtime_dependencies(/home/hoang/ros2_ws1/install/robot_6dof/share/colcon-core/packages/robot_6dof)
[0.513s] Level 1:colcon.colcon_core.environment:create_environment_scripts_only(robot_6dof)
[0.513s] Level 1:colcon.colcon_core.environment:checking '/home/hoang/ros2_ws1/install/robot_6dof' for CMake module files
[0.514s] Level 1:colcon.colcon_core.environment:checking '/home/hoang/ros2_ws1/install/robot_6dof' for CMake config files
[0.515s] Level 1:colcon.colcon_core.shell:create_environment_hook('robot_6dof', 'cmake_prefix_path')
[0.515s] INFO:colcon.colcon_core.shell:Creating environment hook '/home/hoang/ros2_ws1/install/robot_6dof/share/robot_6dof/hook/cmake_prefix_path.ps1'
[0.516s] INFO:colcon.colcon_core.shell:Creating environment descriptor '/home/hoang/ros2_ws1/install/robot_6dof/share/robot_6dof/hook/cmake_prefix_path.dsv'
[0.517s] INFO:colcon.colcon_core.shell:Creating environment hook '/home/hoang/ros2_ws1/install/robot_6dof/share/robot_6dof/hook/cmake_prefix_path.sh'
[0.518s] Level 1:colcon.colcon_core.environment:checking '/home/hoang/ros2_ws1/install/robot_6dof/bin'
[0.518s] Level 1:colcon.colcon_core.environment:checking '/home/hoang/ros2_ws1/install/robot_6dof/lib/pkgconfig/robot_6dof.pc'
[0.518s] Level 1:colcon.colcon_core.environment:checking '/home/hoang/ros2_ws1/install/robot_6dof/lib/python3.12/site-packages'
[0.519s] Level 1:colcon.colcon_core.environment:checking '/home/hoang/ros2_ws1/install/robot_6dof/bin'
[0.520s] INFO:colcon.colcon_core.shell:Creating package script '/home/hoang/ros2_ws1/install/robot_6dof/share/robot_6dof/package.ps1'
[0.521s] INFO:colcon.colcon_core.shell:Creating package descriptor '/home/hoang/ros2_ws1/install/robot_6dof/share/robot_6dof/package.dsv'
[0.522s] INFO:colcon.colcon_core.shell:Creating package script '/home/hoang/ros2_ws1/install/robot_6dof/share/robot_6dof/package.sh'
[0.522s] INFO:colcon.colcon_core.shell:Creating package script '/home/hoang/ros2_ws1/install/robot_6dof/share/robot_6dof/package.bash'
[0.523s] INFO:colcon.colcon_core.shell:Creating package script '/home/hoang/ros2_ws1/install/robot_6dof/share/robot_6dof/package.zsh'
[0.524s] Level 1:colcon.colcon_core.environment:create_file_with_runtime_dependencies(/home/hoang/ros2_ws1/install/robot_6dof/share/colcon-core/packages/robot_6dof)
[0.525s] INFO:colcon.colcon_ros.task.ament_cmake.build:Building ROS package in '/home/hoang/ros2_ws1/src/robot_6dof_moveit_config1' with build type 'ament_cmake'
[0.526s] INFO:colcon.colcon_cmake.task.cmake.build:Building CMake package in '/home/hoang/ros2_ws1/src/robot_6dof_moveit_config1'
[0.526s] INFO:colcon.colcon_core.shell:Skip shell extension 'powershell' for command environment: Not usable outside of PowerShell
[0.526s] DEBUG:colcon.colcon_core.shell:Skip shell extension 'dsv' for command environment
[0.536s] INFO:colcon.colcon_ros.task.ament_cmake.build:Building ROS package in '/home/hoang/ros2_ws1/src/robot_6dof_moveit_config2' with build type 'ament_cmake'
[0.536s] INFO:colcon.colcon_cmake.task.cmake.build:Building CMake package in '/home/hoang/ros2_ws1/src/robot_6dof_moveit_config2'
[0.537s] INFO:colcon.colcon_core.shell:Skip shell extension 'powershell' for command environment: Not usable outside of PowerShell
[0.537s] DEBUG:colcon.colcon_core.shell:Skip shell extension 'dsv' for command environment
[0.546s] DEBUG:colcon.colcon_core.event_handler.log_command:Invoking command in '/home/hoang/ros2_ws1/build/robot_6dof_moveit_config1': CMAKE_PREFIX_PATH=/home/hoang/ros2_ws1/install/robot_6dof:/home/hoang/ros2_ws1/install/robot_6dof_moveit_config2:/home/hoang/ros2_ws1/install/robot_6dof_moveit_config1:/opt/ros/jazzy/opt/gz_launch_vendor:/opt/ros/jazzy/opt/gz_sim_vendor:/opt/ros/jazzy/opt/gz_sensors_vendor:/opt/ros/jazzy/opt/gz_physics_vendor:/opt/ros/jazzy/opt/sdformat_vendor:/opt/ros/jazzy/opt/gz_gui_vendor:/opt/ros/jazzy/opt/gz_transport_vendor:/opt/ros/jazzy/opt/gz_rendering_vendor:/opt/ros/jazzy/opt/gz_plugin_vendor:/opt/ros/jazzy/opt/gz_fuel_tools_vendor:/opt/ros/jazzy/opt/gz_msgs_vendor:/opt/ros/jazzy/opt/gz_common_vendor:/opt/ros/jazzy/opt/gz_math_vendor:/opt/ros/jazzy/opt/gz_utils_vendor:/opt/ros/jazzy/opt/gz_tools_vendor:/opt/ros/jazzy/opt/gz_ogre_next_vendor:/opt/ros/jazzy/opt/gz_dartsim_vendor:/opt/ros/jazzy/opt/gz_cmake_vendor:/opt/ros/jazzy DEBUGINFOD_URLS=https://debuginfod.ubuntu.com /usr/bin/cmake --build /home/hoang/ros2_ws1/build/robot_6dof_moveit_config1 -- -j12 -l12
[0.551s] DEBUG:colcon.colcon_core.event_handler.log_command:Invoking command in '/home/hoang/ros2_ws1/build/robot_6dof_moveit_config2': CMAKE_PREFIX_PATH=/home/hoang/ros2_ws1/install/robot_6dof:/home/hoang/ros2_ws1/install/robot_6dof_moveit_config2:/home/hoang/ros2_ws1/install/robot_6dof_moveit_config1:/opt/ros/jazzy/opt/gz_launch_vendor:/opt/ros/jazzy/opt/gz_sim_vendor:/opt/ros/jazzy/opt/gz_sensors_vendor:/opt/ros/jazzy/opt/gz_physics_vendor:/opt/ros/jazzy/opt/sdformat_vendor:/opt/ros/jazzy/opt/gz_gui_vendor:/opt/ros/jazzy/opt/gz_transport_vendor:/opt/ros/jazzy/opt/gz_rendering_vendor:/opt/ros/jazzy/opt/gz_plugin_vendor:/opt/ros/jazzy/opt/gz_fuel_tools_vendor:/opt/ros/jazzy/opt/gz_msgs_vendor:/opt/ros/jazzy/opt/gz_common_vendor:/opt/ros/jazzy/opt/gz_math_vendor:/opt/ros/jazzy/opt/gz_utils_vendor:/opt/ros/jazzy/opt/gz_tools_vendor:/opt/ros/jazzy/opt/gz_ogre_next_vendor:/opt/ros/jazzy/opt/gz_dartsim_vendor:/opt/ros/jazzy/opt/gz_cmake_vendor:/opt/ros/jazzy DEBUGINFOD_URLS=https://debuginfod.ubuntu.com /usr/bin/cmake --build /home/hoang/ros2_ws1/build/robot_6dof_moveit_config2 -- -j12 -l12
[0.605s] DEBUG:colcon.colcon_core.event_handler.log_command:Invoked command in '/home/hoang/ros2_ws1/build/robot_6dof_moveit_config1' returned '0': CMAKE_PREFIX_PATH=/home/hoang/ros2_ws1/install/robot_6dof:/home/hoang/ros2_ws1/install/robot_6dof_moveit_config2:/home/hoang/ros2_ws1/install/robot_6dof_moveit_config1:/opt/ros/jazzy/opt/gz_launch_vendor:/opt/ros/jazzy/opt/gz_sim_vendor:/opt/ros/jazzy/opt/gz_sensors_vendor:/opt/ros/jazzy/opt/gz_physics_vendor:/opt/ros/jazzy/opt/sdformat_vendor:/opt/ros/jazzy/opt/gz_gui_vendor:/opt/ros/jazzy/opt/gz_transport_vendor:/opt/ros/jazzy/opt/gz_rendering_vendor:/opt/ros/jazzy/opt/gz_plugin_vendor:/opt/ros/jazzy/opt/gz_fuel_tools_vendor:/opt/ros/jazzy/opt/gz_msgs_vendor:/opt/ros/jazzy/opt/gz_common_vendor:/opt/ros/jazzy/opt/gz_math_vendor:/opt/ros/jazzy/opt/gz_utils_vendor:/opt/ros/jazzy/opt/gz_tools_vendor:/opt/ros/jazzy/opt/gz_ogre_next_vendor:/opt/ros/jazzy/opt/gz_dartsim_vendor:/opt/ros/jazzy/opt/gz_cmake_vendor:/opt/ros/jazzy DEBUGINFOD_URLS=https://debuginfod.ubuntu.com /usr/bin/cmake --build /home/hoang/ros2_ws1/build/robot_6dof_moveit_config1 -- -j12 -l12
[0.606s] DEBUG:colcon.colcon_core.event_handler.log_command:Invoking command in '/home/hoang/ros2_ws1/build/robot_6dof_moveit_config1': CMAKE_PREFIX_PATH=/home/hoang/ros2_ws1/install/robot_6dof:/home/hoang/ros2_ws1/install/robot_6dof_moveit_config2:/home/hoang/ros2_ws1/install/robot_6dof_moveit_config1:/opt/ros/jazzy/opt/gz_launch_vendor:/opt/ros/jazzy/opt/gz_sim_vendor:/opt/ros/jazzy/opt/gz_sensors_vendor:/opt/ros/jazzy/opt/gz_physics_vendor:/opt/ros/jazzy/opt/sdformat_vendor:/opt/ros/jazzy/opt/gz_gui_vendor:/opt/ros/jazzy/opt/gz_transport_vendor:/opt/ros/jazzy/opt/gz_rendering_vendor:/opt/ros/jazzy/opt/gz_plugin_vendor:/opt/ros/jazzy/opt/gz_fuel_tools_vendor:/opt/ros/jazzy/opt/gz_msgs_vendor:/opt/ros/jazzy/opt/gz_common_vendor:/opt/ros/jazzy/opt/gz_math_vendor:/opt/ros/jazzy/opt/gz_utils_vendor:/opt/ros/jazzy/opt/gz_tools_vendor:/opt/ros/jazzy/opt/gz_ogre_next_vendor:/opt/ros/jazzy/opt/gz_dartsim_vendor:/opt/ros/jazzy/opt/gz_cmake_vendor:/opt/ros/jazzy DEBUGINFOD_URLS=https://debuginfod.ubuntu.com /usr/bin/cmake --install /home/hoang/ros2_ws1/build/robot_6dof_moveit_config1
[0.618s] DEBUG:colcon.colcon_core.event_handler.log_command:Invoked command in '/home/hoang/ros2_ws1/build/robot_6dof_moveit_config2' returned '0': CMAKE_PREFIX_PATH=/home/hoang/ros2_ws1/install/robot_6dof:/home/hoang/ros2_ws1/install/robot_6dof_moveit_config2:/home/hoang/ros2_ws1/install/robot_6dof_moveit_config1:/opt/ros/jazzy/opt/gz_launch_vendor:/opt/ros/jazzy/opt/gz_sim_vendor:/opt/ros/jazzy/opt/gz_sensors_vendor:/opt/ros/jazzy/opt/gz_physics_vendor:/opt/ros/jazzy/opt/sdformat_vendor:/opt/ros/jazzy/opt/gz_gui_vendor:/opt/ros/jazzy/opt/gz_transport_vendor:/opt/ros/jazzy/opt/gz_rendering_vendor:/opt/ros/jazzy/opt/gz_plugin_vendor:/opt/ros/jazzy/opt/gz_fuel_tools_vendor:/opt/ros/jazzy/opt/gz_msgs_vendor:/opt/ros/jazzy/opt/gz_common_vendor:/opt/ros/jazzy/opt/gz_math_vendor:/opt/ros/jazzy/opt/gz_utils_vendor:/opt/ros/jazzy/opt/gz_tools_vendor:/opt/ros/jazzy/opt/gz_ogre_next_vendor:/opt/ros/jazzy/opt/gz_dartsim_vendor:/opt/ros/jazzy/opt/gz_cmake_vendor:/opt/ros/jazzy DEBUGINFOD_URLS=https://debuginfod.ubuntu.com /usr/bin/cmake --build /home/hoang/ros2_ws1/build/robot_6dof_moveit_config2 -- -j12 -l12
[0.619s] DEBUG:colcon.colcon_core.event_handler.log_command:Invoking command in '/home/hoang/ros2_ws1/build/robot_6dof_moveit_config2': CMAKE_PREFIX_PATH=/home/hoang/ros2_ws1/install/robot_6dof:/home/hoang/ros2_ws1/install/robot_6dof_moveit_config2:/home/hoang/ros2_ws1/install/robot_6dof_moveit_config1:/opt/ros/jazzy/opt/gz_launch_vendor:/opt/ros/jazzy/opt/gz_sim_vendor:/opt/ros/jazzy/opt/gz_sensors_vendor:/opt/ros/jazzy/opt/gz_physics_vendor:/opt/ros/jazzy/opt/sdformat_vendor:/opt/ros/jazzy/opt/gz_gui_vendor:/opt/ros/jazzy/opt/gz_transport_vendor:/opt/ros/jazzy/opt/gz_rendering_vendor:/opt/ros/jazzy/opt/gz_plugin_vendor:/opt/ros/jazzy/opt/gz_fuel_tools_vendor:/opt/ros/jazzy/opt/gz_msgs_vendor:/opt/ros/jazzy/opt/gz_common_vendor:/opt/ros/jazzy/opt/gz_math_vendor:/opt/ros/jazzy/opt/gz_utils_vendor:/opt/ros/jazzy/opt/gz_tools_vendor:/opt/ros/jazzy/opt/gz_ogre_next_vendor:/opt/ros/jazzy/opt/gz_dartsim_vendor:/opt/ros/jazzy/opt/gz_cmake_vendor:/opt/ros/jazzy DEBUGINFOD_URLS=https://debuginfod.ubuntu.com /usr/bin/cmake --install /home/hoang/ros2_ws1/build/robot_6dof_moveit_config2
[0.637s] Level 1:colcon.colcon_core.environment:create_environment_scripts_only(robot_6dof_moveit_config1)
[0.638s] Level 1:colcon.colcon_core.environment:checking '/home/hoang/ros2_ws1/install/robot_6dof_moveit_config1' for CMake module files
[0.638s] DEBUG:colcon.colcon_core.event_handler.log_command:Invoked command in '/home/hoang/ros2_ws1/build/robot_6dof_moveit_config1' returned '0': CMAKE_PREFIX_PATH=/home/hoang/ros2_ws1/install/robot_6dof:/home/hoang/ros2_ws1/install/robot_6dof_moveit_config2:/home/hoang/ros2_ws1/install/robot_6dof_moveit_config1:/opt/ros/jazzy/opt/gz_launch_vendor:/opt/ros/jazzy/opt/gz_sim_vendor:/opt/ros/jazzy/opt/gz_sensors_vendor:/opt/ros/jazzy/opt/gz_physics_vendor:/opt/ros/jazzy/opt/sdformat_vendor:/opt/ros/jazzy/opt/gz_gui_vendor:/opt/ros/jazzy/opt/gz_transport_vendor:/opt/ros/jazzy/opt/gz_rendering_vendor:/opt/ros/jazzy/opt/gz_plugin_vendor:/opt/ros/jazzy/opt/gz_fuel_tools_vendor:/opt/ros/jazzy/opt/gz_msgs_vendor:/opt/ros/jazzy/opt/gz_common_vendor:/opt/ros/jazzy/opt/gz_math_vendor:/opt/ros/jazzy/opt/gz_utils_vendor:/opt/ros/jazzy/opt/gz_tools_vendor:/opt/ros/jazzy/opt/gz_ogre_next_vendor:/opt/ros/jazzy/opt/gz_dartsim_vendor:/opt/ros/jazzy/opt/gz_cmake_vendor:/opt/ros/jazzy DEBUGINFOD_URLS=https://debuginfod.ubuntu.com /usr/bin/cmake --install /home/hoang/ros2_ws1/build/robot_6dof_moveit_config1
[0.639s] Level 1:colcon.colcon_core.environment:checking '/home/hoang/ros2_ws1/install/robot_6dof_moveit_config1' for CMake config files
[0.639s] Level 1:colcon.colcon_core.shell:create_environment_hook('robot_6dof_moveit_config1', 'cmake_prefix_path')
[0.639s] INFO:colcon.colcon_core.shell:Creating environment hook '/home/hoang/ros2_ws1/install/robot_6dof_moveit_config1/share/robot_6dof_moveit_config1/hook/cmake_prefix_path.ps1'
[0.640s] INFO:colcon.colcon_core.shell:Creating environment descriptor '/home/hoang/ros2_ws1/install/robot_6dof_moveit_config1/share/robot_6dof_moveit_config1/hook/cmake_prefix_path.dsv'
[0.640s] INFO:colcon.colcon_core.shell:Creating environment hook '/home/hoang/ros2_ws1/install/robot_6dof_moveit_config1/share/robot_6dof_moveit_config1/hook/cmake_prefix_path.sh'
[0.641s] Level 1:colcon.colcon_core.environment:checking '/home/hoang/ros2_ws1/install/robot_6dof_moveit_config1/bin'
[0.642s] Level 1:colcon.colcon_core.environment:checking '/home/hoang/ros2_ws1/install/robot_6dof_moveit_config1/lib/pkgconfig/robot_6dof_moveit_config1.pc'
[0.642s] Level 1:colcon.colcon_core.environment:checking '/home/hoang/ros2_ws1/install/robot_6dof_moveit_config1/lib/python3.12/site-packages'
[0.643s] Level 1:colcon.colcon_core.environment:checking '/home/hoang/ros2_ws1/install/robot_6dof_moveit_config1/bin'
[0.643s] INFO:colcon.colcon_core.shell:Creating package script '/home/hoang/ros2_ws1/install/robot_6dof_moveit_config1/share/robot_6dof_moveit_config1/package.ps1'
[0.644s] INFO:colcon.colcon_core.shell:Creating package descriptor '/home/hoang/ros2_ws1/install/robot_6dof_moveit_config1/share/robot_6dof_moveit_config1/package.dsv'
[0.645s] INFO:colcon.colcon_core.shell:Creating package script '/home/hoang/ros2_ws1/install/robot_6dof_moveit_config1/share/robot_6dof_moveit_config1/package.sh'
[0.646s] INFO:colcon.colcon_core.shell:Creating package script '/home/hoang/ros2_ws1/install/robot_6dof_moveit_config1/share/robot_6dof_moveit_config1/package.bash'
[0.647s] INFO:colcon.colcon_core.shell:Creating package script '/home/hoang/ros2_ws1/install/robot_6dof_moveit_config1/share/robot_6dof_moveit_config1/package.zsh'
[0.647s] Level 1:colcon.colcon_core.environment:create_file_with_runtime_dependencies(/home/hoang/ros2_ws1/install/robot_6dof_moveit_config1/share/colcon-core/packages/robot_6dof_moveit_config1)
[0.648s] Level 1:colcon.colcon_core.environment:create_environment_scripts_only(robot_6dof_moveit_config1)
[0.648s] Level 1:colcon.colcon_core.environment:checking '/home/hoang/ros2_ws1/install/robot_6dof_moveit_config1' for CMake module files
[0.649s] Level 1:colcon.colcon_core.environment:checking '/home/hoang/ros2_ws1/install/robot_6dof_moveit_config1' for CMake config files
[0.651s] Level 1:colcon.colcon_core.shell:create_environment_hook('robot_6dof_moveit_config1', 'cmake_prefix_path')
[0.652s] INFO:colcon.colcon_core.shell:Creating environment hook '/home/hoang/ros2_ws1/install/robot_6dof_moveit_config1/share/robot_6dof_moveit_config1/hook/cmake_prefix_path.ps1'
[0.655s] INFO:colcon.colcon_core.shell:Creating environment descriptor '/home/hoang/ros2_ws1/install/robot_6dof_moveit_config1/share/robot_6dof_moveit_config1/hook/cmake_prefix_path.dsv'
[0.658s] INFO:colcon.colcon_core.shell:Creating environment hook '/home/hoang/ros2_ws1/install/robot_6dof_moveit_config1/share/robot_6dof_moveit_config1/hook/cmake_prefix_path.sh'
[0.660s] Level 1:colcon.colcon_core.environment:checking '/home/hoang/ros2_ws1/install/robot_6dof_moveit_config1/bin'
[0.660s] Level 1:colcon.colcon_core.environment:checking '/home/hoang/ros2_ws1/install/robot_6dof_moveit_config1/lib/pkgconfig/robot_6dof_moveit_config1.pc'
[0.661s] Level 1:colcon.colcon_core.environment:checking '/home/hoang/ros2_ws1/install/robot_6dof_moveit_config1/lib/python3.12/site-packages'
[0.661s] Level 1:colcon.colcon_core.environment:checking '/home/hoang/ros2_ws1/install/robot_6dof_moveit_config1/bin'
[0.662s] INFO:colcon.colcon_core.shell:Creating package script '/home/hoang/ros2_ws1/install/robot_6dof_moveit_config1/share/robot_6dof_moveit_config1/package.ps1'
[0.662s] INFO:colcon.colcon_core.shell:Creating package descriptor '/home/hoang/ros2_ws1/install/robot_6dof_moveit_config1/share/robot_6dof_moveit_config1/package.dsv'
[0.663s] INFO:colcon.colcon_core.shell:Creating package script '/home/hoang/ros2_ws1/install/robot_6dof_moveit_config1/share/robot_6dof_moveit_config1/package.sh'
[0.664s] INFO:colcon.colcon_core.shell:Creating package script '/home/hoang/ros2_ws1/install/robot_6dof_moveit_config1/share/robot_6dof_moveit_config1/package.bash'
[0.665s] INFO:colcon.colcon_core.shell:Creating package script '/home/hoang/ros2_ws1/install/robot_6dof_moveit_config1/share/robot_6dof_moveit_config1/package.zsh'
[0.665s] Level 1:colcon.colcon_core.environment:create_file_with_runtime_dependencies(/home/hoang/ros2_ws1/install/robot_6dof_moveit_config1/share/colcon-core/packages/robot_6dof_moveit_config1)
[0.667s] Level 1:colcon.colcon_core.environment:create_environment_scripts_only(robot_6dof_moveit_config2)
[0.668s] Level 1:colcon.colcon_core.environment:checking '/home/hoang/ros2_ws1/install/robot_6dof_moveit_config2' for CMake module files
[0.669s] DEBUG:colcon.colcon_core.event_handler.log_command:Invoked command in '/home/hoang/ros2_ws1/build/robot_6dof_moveit_config2' returned '0': CMAKE_PREFIX_PATH=/home/hoang/ros2_ws1/install/robot_6dof:/home/hoang/ros2_ws1/install/robot_6dof_moveit_config2:/home/hoang/ros2_ws1/install/robot_6dof_moveit_config1:/opt/ros/jazzy/opt/gz_launch_vendor:/opt/ros/jazzy/opt/gz_sim_vendor:/opt/ros/jazzy/opt/gz_sensors_vendor:/opt/ros/jazzy/opt/gz_physics_vendor:/opt/ros/jazzy/opt/sdformat_vendor:/opt/ros/jazzy/opt/gz_gui_vendor:/opt/ros/jazzy/opt/gz_transport_vendor:/opt/ros/jazzy/opt/gz_rendering_vendor:/opt/ros/jazzy/opt/gz_plugin_vendor:/opt/ros/jazzy/opt/gz_fuel_tools_vendor:/opt/ros/jazzy/opt/gz_msgs_vendor:/opt/ros/jazzy/opt/gz_common_vendor:/opt/ros/jazzy/opt/gz_math_vendor:/opt/ros/jazzy/opt/gz_utils_vendor:/opt/ros/jazzy/opt/gz_tools_vendor:/opt/ros/jazzy/opt/gz_ogre_next_vendor:/opt/ros/jazzy/opt/gz_dartsim_vendor:/opt/ros/jazzy/opt/gz_cmake_vendor:/opt/ros/jazzy DEBUGINFOD_URLS=https://debuginfod.ubuntu.com /usr/bin/cmake --install /home/hoang/ros2_ws1/build/robot_6dof_moveit_config2
[0.670s] Level 1:colcon.colcon_core.environment:checking '/home/hoang/ros2_ws1/install/robot_6dof_moveit_config2' for CMake config files
[0.670s] Level 1:colcon.colcon_core.shell:create_environment_hook('robot_6dof_moveit_config2', 'cmake_prefix_path')
[0.671s] INFO:colcon.colcon_core.shell:Creating environment hook '/home/hoang/ros2_ws1/install/robot_6dof_moveit_config2/share/robot_6dof_moveit_config2/hook/cmake_prefix_path.ps1'
[0.671s] INFO:colcon.colcon_core.shell:Creating environment descriptor '/home/hoang/ros2_ws1/install/robot_6dof_moveit_config2/share/robot_6dof_moveit_config2/hook/cmake_prefix_path.dsv'
[0.672s] INFO:colcon.colcon_core.shell:Creating environment hook '/home/hoang/ros2_ws1/install/robot_6dof_moveit_config2/share/robot_6dof_moveit_config2/hook/cmake_prefix_path.sh'
[0.673s] Level 1:colcon.colcon_core.environment:checking '/home/hoang/ros2_ws1/install/robot_6dof_moveit_config2/bin'
[0.673s] Level 1:colcon.colcon_core.environment:checking '/home/hoang/ros2_ws1/install/robot_6dof_moveit_config2/lib/pkgconfig/robot_6dof_moveit_config2.pc'
[0.674s] Level 1:colcon.colcon_core.environment:checking '/home/hoang/ros2_ws1/install/robot_6dof_moveit_config2/lib/python3.12/site-packages'
[0.674s] Level 1:colcon.colcon_core.environment:checking '/home/hoang/ros2_ws1/install/robot_6dof_moveit_config2/bin'
[0.675s] INFO:colcon.colcon_core.shell:Creating package script '/home/hoang/ros2_ws1/install/robot_6dof_moveit_config2/share/robot_6dof_moveit_config2/package.ps1'
[0.675s] INFO:colcon.colcon_core.shell:Creating package descriptor '/home/hoang/ros2_ws1/install/robot_6dof_moveit_config2/share/robot_6dof_moveit_config2/package.dsv'
[0.676s] INFO:colcon.colcon_core.shell:Creating package script '/home/hoang/ros2_ws1/install/robot_6dof_moveit_config2/share/robot_6dof_moveit_config2/package.sh'
[0.677s] INFO:colcon.colcon_core.shell:Creating package script '/home/hoang/ros2_ws1/install/robot_6dof_moveit_config2/share/robot_6dof_moveit_config2/package.bash'
[0.677s] INFO:colcon.colcon_core.shell:Creating package script '/home/hoang/ros2_ws1/install/robot_6dof_moveit_config2/share/robot_6dof_moveit_config2/package.zsh'
[0.677s] Level 1:colcon.colcon_core.environment:create_file_with_runtime_dependencies(/home/hoang/ros2_ws1/install/robot_6dof_moveit_config2/share/colcon-core/packages/robot_6dof_moveit_config2)
[0.678s] Level 1:colcon.colcon_core.environment:create_environment_scripts_only(robot_6dof_moveit_config2)
[0.678s] Level 1:colcon.colcon_core.environment:checking '/home/hoang/ros2_ws1/install/robot_6dof_moveit_config2' for CMake module files
[0.678s] Level 1:colcon.colcon_core.environment:checking '/home/hoang/ros2_ws1/install/robot_6dof_moveit_config2' for CMake config files
[0.679s] Level 1:colcon.colcon_core.shell:create_environment_hook('robot_6dof_moveit_config2', 'cmake_prefix_path')
[0.679s] INFO:colcon.colcon_core.shell:Creating environment hook '/home/hoang/ros2_ws1/install/robot_6dof_moveit_config2/share/robot_6dof_moveit_config2/hook/cmake_prefix_path.ps1'
[0.679s] INFO:colcon.colcon_core.shell:Creating environment descriptor '/home/hoang/ros2_ws1/install/robot_6dof_moveit_config2/share/robot_6dof_moveit_config2/hook/cmake_prefix_path.dsv'
[0.679s] INFO:colcon.colcon_core.shell:Creating environment hook '/home/hoang/ros2_ws1/install/robot_6dof_moveit_config2/share/robot_6dof_moveit_config2/hook/cmake_prefix_path.sh'
[0.680s] Level 1:colcon.colcon_core.environment:checking '/home/hoang/ros2_ws1/install/robot_6dof_moveit_config2/bin'
[0.680s] Level 1:colcon.colcon_core.environment:checking '/home/hoang/ros2_ws1/install/robot_6dof_moveit_config2/lib/pkgconfig/robot_6dof_moveit_config2.pc'
[0.680s] Level 1:colcon.colcon_core.environment:checking '/home/hoang/ros2_ws1/install/robot_6dof_moveit_config2/lib/python3.12/site-packages'
[0.680s] Level 1:colcon.colcon_core.environment:checking '/home/hoang/ros2_ws1/install/robot_6dof_moveit_config2/bin'
[0.680s] INFO:colcon.colcon_core.shell:Creating package script '/home/hoang/ros2_ws1/install/robot_6dof_moveit_config2/share/robot_6dof_moveit_config2/package.ps1'
[0.681s] INFO:colcon.colcon_core.shell:Creating package descriptor '/home/hoang/ros2_ws1/install/robot_6dof_moveit_config2/share/robot_6dof_moveit_config2/package.dsv'
[0.681s] INFO:colcon.colcon_core.shell:Creating package script '/home/hoang/ros2_ws1/install/robot_6dof_moveit_config2/share/robot_6dof_moveit_config2/package.sh'
[0.682s] INFO:colcon.colcon_core.shell:Creating package script '/home/hoang/ros2_ws1/install/robot_6dof_moveit_config2/share/robot_6dof_moveit_config2/package.bash'
[0.682s] INFO:colcon.colcon_core.shell:Creating package script '/home/hoang/ros2_ws1/install/robot_6dof_moveit_config2/share/robot_6dof_moveit_config2/package.zsh'
[0.682s] Level 1:colcon.colcon_core.environment:create_file_with_runtime_dependencies(/home/hoang/ros2_ws1/install/robot_6dof_moveit_config2/share/colcon-core/packages/robot_6dof_moveit_config2)
[0.682s] DEBUG:colcon.colcon_parallel_executor.executor.parallel:closing loop
[0.683s] DEBUG:colcon.colcon_parallel_executor.executor.parallel:loop closed
[0.683s] DEBUG:colcon.colcon_parallel_executor.executor.parallel:run_until_complete finished with '0'
[0.683s] DEBUG:colcon.colcon_core.event_reactor:joining thread
[0.700s] INFO:colcon.colcon_core.plugin_system:Skipping extension 'colcon_notification.desktop_notification.terminal_notifier': Not used on non-Darwin systems
[0.701s] INFO:colcon.colcon_core.plugin_system:Skipping extension 'colcon_notification.desktop_notification.win32': Not used on non-Windows systems
[0.701s] INFO:colcon.colcon_notification.desktop_notification:Sending desktop notification using 'notify2'
[0.733s] DEBUG:colcon.colcon_core.event_reactor:joined thread
[0.734s] INFO:colcon.colcon_core.shell:Creating prefix script '/home/hoang/ros2_ws1/install/local_setup.ps1'
[0.736s] INFO:colcon.colcon_core.shell:Creating prefix util module '/home/hoang/ros2_ws1/install/_local_setup_util_ps1.py'
[0.738s] INFO:colcon.colcon_core.shell:Creating prefix chain script '/home/hoang/ros2_ws1/install/setup.ps1'
[0.740s] INFO:colcon.colcon_core.shell:Creating prefix script '/home/hoang/ros2_ws1/install/local_setup.sh'
[0.741s] INFO:colcon.colcon_core.shell:Creating prefix util module '/home/hoang/ros2_ws1/install/_local_setup_util_sh.py'
[0.743s] INFO:colcon.colcon_core.shell:Creating prefix chain script '/home/hoang/ros2_ws1/install/setup.sh'
[0.745s] INFO:colcon.colcon_core.shell:Creating prefix script '/home/hoang/ros2_ws1/install/local_setup.bash'
[0.746s] INFO:colcon.colcon_core.shell:Creating prefix chain script '/home/hoang/ros2_ws1/install/setup.bash'
[0.748s] INFO:colcon.colcon_core.shell:Creating prefix script '/home/hoang/ros2_ws1/install/local_setup.zsh'
[0.749s] INFO:colcon.colcon_core.shell:Creating prefix chain script '/home/hoang/ros2_ws1/install/setup.zsh'
