[0.014s] Invoking command in '/home/hoang/ros2_ws/build/robot_6dof_moveit_config2': CMAKE_PREFIX_PATH=/home/hoang/ros2_ws/install/robot_6dof:/home/hoang/ros2_ws/install/robot_6dof_moveit_config2:/home/hoang/ros2_ws/install/robot_6dof_moveit_config1:/opt/ros/jazzy/opt/gz_launch_vendor:/opt/ros/jazzy/opt/gz_sim_vendor:/opt/ros/jazzy/opt/gz_sensors_vendor:/opt/ros/jazzy/opt/gz_physics_vendor:/opt/ros/jazzy/opt/sdformat_vendor:/opt/ros/jazzy/opt/gz_gui_vendor:/opt/ros/jazzy/opt/gz_transport_vendor:/opt/ros/jazzy/opt/gz_rendering_vendor:/opt/ros/jazzy/opt/gz_plugin_vendor:/opt/ros/jazzy/opt/gz_fuel_tools_vendor:/opt/ros/jazzy/opt/gz_msgs_vendor:/opt/ros/jazzy/opt/gz_common_vendor:/opt/ros/jazzy/opt/gz_math_vendor:/opt/ros/jazzy/opt/gz_utils_vendor:/opt/ros/jazzy/opt/gz_tools_vendor:/opt/ros/jazzy/opt/gz_ogre_next_vendor:/opt/ros/jazzy/opt/gz_dartsim_vendor:/opt/ros/jazzy/opt/gz_cmake_vendor:/opt/ros/jazzy DEBUGINFOD_URLS=https://debuginfod.ubuntu.com /usr/bin/cmake --build /home/hoang/ros2_ws/build/robot_6dof_moveit_config2 -- -j12 -l12
[0.063s] Invoked command in '/home/hoang/ros2_ws/build/robot_6dof_moveit_config2' returned '0': CMAKE_PREFIX_PATH=/home/hoang/ros2_ws/install/robot_6dof:/home/hoang/ros2_ws/install/robot_6dof_moveit_config2:/home/hoang/ros2_ws/install/robot_6dof_moveit_config1:/opt/ros/jazzy/opt/gz_launch_vendor:/opt/ros/jazzy/opt/gz_sim_vendor:/opt/ros/jazzy/opt/gz_sensors_vendor:/opt/ros/jazzy/opt/gz_physics_vendor:/opt/ros/jazzy/opt/sdformat_vendor:/opt/ros/jazzy/opt/gz_gui_vendor:/opt/ros/jazzy/opt/gz_transport_vendor:/opt/ros/jazzy/opt/gz_rendering_vendor:/opt/ros/jazzy/opt/gz_plugin_vendor:/opt/ros/jazzy/opt/gz_fuel_tools_vendor:/opt/ros/jazzy/opt/gz_msgs_vendor:/opt/ros/jazzy/opt/gz_common_vendor:/opt/ros/jazzy/opt/gz_math_vendor:/opt/ros/jazzy/opt/gz_utils_vendor:/opt/ros/jazzy/opt/gz_tools_vendor:/opt/ros/jazzy/opt/gz_ogre_next_vendor:/opt/ros/jazzy/opt/gz_dartsim_vendor:/opt/ros/jazzy/opt/gz_cmake_vendor:/opt/ros/jazzy DEBUGINFOD_URLS=https://debuginfod.ubuntu.com /usr/bin/cmake --build /home/hoang/ros2_ws/build/robot_6dof_moveit_config2 -- -j12 -l12
[0.064s] Invoking command in '/home/hoang/ros2_ws/build/robot_6dof_moveit_config2': CMAKE_PREFIX_PATH=/home/hoang/ros2_ws/install/robot_6dof:/home/hoang/ros2_ws/install/robot_6dof_moveit_config2:/home/hoang/ros2_ws/install/robot_6dof_moveit_config1:/opt/ros/jazzy/opt/gz_launch_vendor:/opt/ros/jazzy/opt/gz_sim_vendor:/opt/ros/jazzy/opt/gz_sensors_vendor:/opt/ros/jazzy/opt/gz_physics_vendor:/opt/ros/jazzy/opt/sdformat_vendor:/opt/ros/jazzy/opt/gz_gui_vendor:/opt/ros/jazzy/opt/gz_transport_vendor:/opt/ros/jazzy/opt/gz_rendering_vendor:/opt/ros/jazzy/opt/gz_plugin_vendor:/opt/ros/jazzy/opt/gz_fuel_tools_vendor:/opt/ros/jazzy/opt/gz_msgs_vendor:/opt/ros/jazzy/opt/gz_common_vendor:/opt/ros/jazzy/opt/gz_math_vendor:/opt/ros/jazzy/opt/gz_utils_vendor:/opt/ros/jazzy/opt/gz_tools_vendor:/opt/ros/jazzy/opt/gz_ogre_next_vendor:/opt/ros/jazzy/opt/gz_dartsim_vendor:/opt/ros/jazzy/opt/gz_cmake_vendor:/opt/ros/jazzy DEBUGINFOD_URLS=https://debuginfod.ubuntu.com /usr/bin/cmake --install /home/hoang/ros2_ws/build/robot_6dof_moveit_config2
[0.076s] -- Install configuration: ""
[0.076s] -- Up-to-date: /home/hoang/ros2_ws/install/robot_6dof_moveit_config2/share/ament_index/resource_index/package_run_dependencies/robot_6dof_moveit_config2
[0.077s] -- Up-to-date: /home/hoang/ros2_ws/install/robot_6dof_moveit_config2/share/ament_index/resource_index/parent_prefix_path/robot_6dof_moveit_config2
[0.077s] -- Up-to-date: /home/hoang/ros2_ws/install/robot_6dof_moveit_config2/share/robot_6dof_moveit_config2/environment/ament_prefix_path.sh
[0.077s] -- Up-to-date: /home/hoang/ros2_ws/install/robot_6dof_moveit_config2/share/robot_6dof_moveit_config2/environment/ament_prefix_path.dsv
[0.077s] -- Up-to-date: /home/hoang/ros2_ws/install/robot_6dof_moveit_config2/share/robot_6dof_moveit_config2/environment/path.sh
[0.078s] -- Up-to-date: /home/hoang/ros2_ws/install/robot_6dof_moveit_config2/share/robot_6dof_moveit_config2/environment/path.dsv
[0.078s] -- Up-to-date: /home/hoang/ros2_ws/install/robot_6dof_moveit_config2/share/robot_6dof_moveit_config2/local_setup.bash
[0.078s] -- Up-to-date: /home/hoang/ros2_ws/install/robot_6dof_moveit_config2/share/robot_6dof_moveit_config2/local_setup.sh
[0.079s] -- Up-to-date: /home/hoang/ros2_ws/install/robot_6dof_moveit_config2/share/robot_6dof_moveit_config2/local_setup.zsh
[0.079s] -- Up-to-date: /home/hoang/ros2_ws/install/robot_6dof_moveit_config2/share/robot_6dof_moveit_config2/local_setup.dsv
[0.079s] -- Up-to-date: /home/hoang/ros2_ws/install/robot_6dof_moveit_config2/share/robot_6dof_moveit_config2/package.dsv
[0.079s] -- Up-to-date: /home/hoang/ros2_ws/install/robot_6dof_moveit_config2/share/ament_index/resource_index/packages/robot_6dof_moveit_config2
[0.080s] -- Up-to-date: /home/hoang/ros2_ws/install/robot_6dof_moveit_config2/share/robot_6dof_moveit_config2/cmake/robot_6dof_moveit_config2Config.cmake
[0.080s] -- Up-to-date: /home/hoang/ros2_ws/install/robot_6dof_moveit_config2/share/robot_6dof_moveit_config2/cmake/robot_6dof_moveit_config2Config-version.cmake
[0.080s] -- Up-to-date: /home/hoang/ros2_ws/install/robot_6dof_moveit_config2/share/robot_6dof_moveit_config2/package.xml
[0.080s] -- Up-to-date: /home/hoang/ros2_ws/install/robot_6dof_moveit_config2/share/robot_6dof_moveit_config2/launch
[0.081s] -- Up-to-date: /home/hoang/ros2_ws/install/robot_6dof_moveit_config2/share/robot_6dof_moveit_config2/launch/warehouse_db.launch.py
[0.081s] -- Up-to-date: /home/hoang/ros2_ws/install/robot_6dof_moveit_config2/share/robot_6dof_moveit_config2/launch/demo.launch.py
[0.081s] -- Up-to-date: /home/hoang/ros2_ws/install/robot_6dof_moveit_config2/share/robot_6dof_moveit_config2/launch/setup_assistant.launch.py
[0.081s] -- Up-to-date: /home/hoang/ros2_ws/install/robot_6dof_moveit_config2/share/robot_6dof_moveit_config2/launch/static_virtual_joint_tfs.launch.py
[0.082s] -- Up-to-date: /home/hoang/ros2_ws/install/robot_6dof_moveit_config2/share/robot_6dof_moveit_config2/launch/moveit_rviz.launch.py
[0.082s] -- Up-to-date: /home/hoang/ros2_ws/install/robot_6dof_moveit_config2/share/robot_6dof_moveit_config2/launch/move_group.launch.py
[0.082s] -- Up-to-date: /home/hoang/ros2_ws/install/robot_6dof_moveit_config2/share/robot_6dof_moveit_config2/launch/spawn_controllers.launch.py
[0.082s] -- Up-to-date: /home/hoang/ros2_ws/install/robot_6dof_moveit_config2/share/robot_6dof_moveit_config2/launch/rsp.launch.py
[0.083s] -- Up-to-date: /home/hoang/ros2_ws/install/robot_6dof_moveit_config2/share/robot_6dof_moveit_config2/config
[0.083s] -- Up-to-date: /home/hoang/ros2_ws/install/robot_6dof_moveit_config2/share/robot_6dof_moveit_config2/config/kinematics.yaml
[0.083s] -- Up-to-date: /home/hoang/ros2_ws/install/robot_6dof_moveit_config2/share/robot_6dof_moveit_config2/config/robot_6dof.urdf.xacro
[0.083s] -- Up-to-date: /home/hoang/ros2_ws/install/robot_6dof_moveit_config2/share/robot_6dof_moveit_config2/config/ros2_controllers.yaml
[0.084s] -- Up-to-date: /home/hoang/ros2_ws/install/robot_6dof_moveit_config2/share/robot_6dof_moveit_config2/config/pilz_cartesian_limits.yaml
[0.084s] -- Up-to-date: /home/hoang/ros2_ws/install/robot_6dof_moveit_config2/share/robot_6dof_moveit_config2/config/joint_limits.yaml
[0.084s] -- Up-to-date: /home/hoang/ros2_ws/install/robot_6dof_moveit_config2/share/robot_6dof_moveit_config2/config/moveit.rviz
[0.085s] -- Up-to-date: /home/hoang/ros2_ws/install/robot_6dof_moveit_config2/share/robot_6dof_moveit_config2/config/robot_6dof.srdf
[0.085s] -- Up-to-date: /home/hoang/ros2_ws/install/robot_6dof_moveit_config2/share/robot_6dof_moveit_config2/config/initial_positions.yaml
[0.086s] -- Up-to-date: /home/hoang/ros2_ws/install/robot_6dof_moveit_config2/share/robot_6dof_moveit_config2/config/moveit_controllers.yaml
[0.086s] -- Up-to-date: /home/hoang/ros2_ws/install/robot_6dof_moveit_config2/share/robot_6dof_moveit_config2/config/robot_6dof.ros2_control.xacro
[0.086s] -- Up-to-date: /home/hoang/ros2_ws/install/robot_6dof_moveit_config2/share/robot_6dof_moveit_config2/.setup_assistant
[0.087s] Invoked command in '/home/hoang/ros2_ws/build/robot_6dof_moveit_config2' returned '0': CMAKE_PREFIX_PATH=/home/hoang/ros2_ws/install/robot_6dof:/home/hoang/ros2_ws/install/robot_6dof_moveit_config2:/home/hoang/ros2_ws/install/robot_6dof_moveit_config1:/opt/ros/jazzy/opt/gz_launch_vendor:/opt/ros/jazzy/opt/gz_sim_vendor:/opt/ros/jazzy/opt/gz_sensors_vendor:/opt/ros/jazzy/opt/gz_physics_vendor:/opt/ros/jazzy/opt/sdformat_vendor:/opt/ros/jazzy/opt/gz_gui_vendor:/opt/ros/jazzy/opt/gz_transport_vendor:/opt/ros/jazzy/opt/gz_rendering_vendor:/opt/ros/jazzy/opt/gz_plugin_vendor:/opt/ros/jazzy/opt/gz_fuel_tools_vendor:/opt/ros/jazzy/opt/gz_msgs_vendor:/opt/ros/jazzy/opt/gz_common_vendor:/opt/ros/jazzy/opt/gz_math_vendor:/opt/ros/jazzy/opt/gz_utils_vendor:/opt/ros/jazzy/opt/gz_tools_vendor:/opt/ros/jazzy/opt/gz_ogre_next_vendor:/opt/ros/jazzy/opt/gz_dartsim_vendor:/opt/ros/jazzy/opt/gz_cmake_vendor:/opt/ros/jazzy DEBUGINFOD_URLS=https://debuginfod.ubuntu.com /usr/bin/cmake --install /home/hoang/ros2_ws/build/robot_6dof_moveit_config2
