-- Found ament_cmake: 2.5.4 (/opt/ros/jazzy/share/ament_cmake/cmake)
-- Override CMake install command with custom implementation using symlinks instead of copying resources
-- Configuring done (0.5s)
-- Generating done (0.0s)
-- Build files have been written to: /home/hoang/ros2_ws1/build/robot_6dof_moveit_config2
-- Install configuration: ""
-- Execute custom install script
-- Symlinking: /home/hoang/ros2_ws1/install/robot_6dof_moveit_config2/share/ament_index/resource_index/package_run_dependencies/robot_6dof_moveit_config2
-- Symlinking: /home/hoang/ros2_ws1/install/robot_6dof_moveit_config2/share/ament_index/resource_index/parent_prefix_path/robot_6dof_moveit_config2
-- Symlinking: /home/hoang/ros2_ws1/install/robot_6dof_moveit_config2/share/robot_6dof_moveit_config2/environment/ament_prefix_path.sh
-- Symlinking: /home/hoang/ros2_ws1/install/robot_6dof_moveit_config2/share/robot_6dof_moveit_config2/environment/ament_prefix_path.dsv
-- Symlinking: /home/hoang/ros2_ws1/install/robot_6dof_moveit_config2/share/robot_6dof_moveit_config2/environment/path.sh
-- Symlinking: /home/hoang/ros2_ws1/install/robot_6dof_moveit_config2/share/robot_6dof_moveit_config2/environment/path.dsv
-- Symlinking: /home/hoang/ros2_ws1/install/robot_6dof_moveit_config2/share/robot_6dof_moveit_config2/local_setup.bash
-- Symlinking: /home/hoang/ros2_ws1/install/robot_6dof_moveit_config2/share/robot_6dof_moveit_config2/local_setup.sh
-- Symlinking: /home/hoang/ros2_ws1/install/robot_6dof_moveit_config2/share/robot_6dof_moveit_config2/local_setup.zsh
-- Symlinking: /home/hoang/ros2_ws1/install/robot_6dof_moveit_config2/share/robot_6dof_moveit_config2/local_setup.dsv
-- Symlinking: /home/hoang/ros2_ws1/install/robot_6dof_moveit_config2/share/robot_6dof_moveit_config2/package.dsv
-- Symlinking: /home/hoang/ros2_ws1/install/robot_6dof_moveit_config2/share/ament_index/resource_index/packages/robot_6dof_moveit_config2
-- Symlinking: /home/hoang/ros2_ws1/install/robot_6dof_moveit_config2/share/robot_6dof_moveit_config2/cmake/robot_6dof_moveit_config2Config.cmake
-- Symlinking: /home/hoang/ros2_ws1/install/robot_6dof_moveit_config2/share/robot_6dof_moveit_config2/cmake/robot_6dof_moveit_config2Config-version.cmake
-- Symlinking: /home/hoang/ros2_ws1/install/robot_6dof_moveit_config2/share/robot_6dof_moveit_config2/package.xml
-- Symlinking: /home/hoang/ros2_ws1/install/robot_6dof_moveit_config2/share/robot_6dof_moveit_config2/launch/demo.launch.py
-- Symlinking: /home/hoang/ros2_ws1/install/robot_6dof_moveit_config2/share/robot_6dof_moveit_config2/launch/move_group.launch.py
-- Symlinking: /home/hoang/ros2_ws1/install/robot_6dof_moveit_config2/share/robot_6dof_moveit_config2/launch/moveit_rviz.launch.py
-- Symlinking: /home/hoang/ros2_ws1/install/robot_6dof_moveit_config2/share/robot_6dof_moveit_config2/launch/rsp.launch.py
-- Symlinking: /home/hoang/ros2_ws1/install/robot_6dof_moveit_config2/share/robot_6dof_moveit_config2/launch/setup_assistant.launch.py
-- Symlinking: /home/hoang/ros2_ws1/install/robot_6dof_moveit_config2/share/robot_6dof_moveit_config2/launch/spawn_controllers.launch.py
-- Symlinking: /home/hoang/ros2_ws1/install/robot_6dof_moveit_config2/share/robot_6dof_moveit_config2/launch/static_virtual_joint_tfs.launch.py
-- Symlinking: /home/hoang/ros2_ws1/install/robot_6dof_moveit_config2/share/robot_6dof_moveit_config2/launch/warehouse_db.launch.py
-- Symlinking: /home/hoang/ros2_ws1/install/robot_6dof_moveit_config2/share/robot_6dof_moveit_config2/config/initial_positions.yaml
-- Symlinking: /home/hoang/ros2_ws1/install/robot_6dof_moveit_config2/share/robot_6dof_moveit_config2/config/joint_limits.yaml
-- Symlinking: /home/hoang/ros2_ws1/install/robot_6dof_moveit_config2/share/robot_6dof_moveit_config2/config/kinematics.yaml
-- Symlinking: /home/hoang/ros2_ws1/install/robot_6dof_moveit_config2/share/robot_6dof_moveit_config2/config/moveit.rviz
-- Symlinking: /home/hoang/ros2_ws1/install/robot_6dof_moveit_config2/share/robot_6dof_moveit_config2/config/moveit_controllers.yaml
-- Symlinking: /home/hoang/ros2_ws1/install/robot_6dof_moveit_config2/share/robot_6dof_moveit_config2/config/pilz_cartesian_limits.yaml
-- Symlinking: /home/hoang/ros2_ws1/install/robot_6dof_moveit_config2/share/robot_6dof_moveit_config2/config/robot_6dof.ros2_control.xacro
-- Symlinking: /home/hoang/ros2_ws1/install/robot_6dof_moveit_config2/share/robot_6dof_moveit_config2/config/robot_6dof.srdf
-- Symlinking: /home/hoang/ros2_ws1/install/robot_6dof_moveit_config2/share/robot_6dof_moveit_config2/config/robot_6dof.urdf.xacro
-- Symlinking: /home/hoang/ros2_ws1/install/robot_6dof_moveit_config2/share/robot_6dof_moveit_config2/config/ros2_controllers.yaml
-- Symlinking: /home/hoang/ros2_ws1/install/robot_6dof_moveit_config2/share/robot_6dof_moveit_config2/.setup_assistant
